2019-07-05 15:21:20.9482 INFO Veritabanýna baðlantý baþarýlý!
2019-07-05 15:21:21.0784 INFO Baþladý
2019-07-05 15:21:21.5429 INFO Veritabanýna haber eklendi!
2019-07-05 15:21:21.5429 INFO Veritabanýna haber eklen!
2019-07-05 15:21:21.5498 INFO Veritabanýna haber eklendi!
2019-07-05 15:21:21.5498 INFO Veritabanýna haber eklen!
2019-07-05 15:21:21.5498 INFO Veritabanýna haber eklendi!
2019-07-05 15:21:21.5498 INFO Veritabanýna haber eklen!
2019-07-05 15:21:21.5658 INFO Veritabanýna haber eklendi!
2019-07-05 15:21:21.5658 INFO Veritabanýna haber eklen!
2019-07-05 15:21:21.5658 INFO Veritabanýna haber eklendi!
2019-07-05 15:21:21.5658 INFO Veritabanýna haber eklen!
2019-07-05 15:21:21.5828 INFO Veritabanýna haber eklendi!
2019-07-05 15:21:21.5828 INFO Veritabanýna haber eklen!
2019-07-05 15:21:21.5828 INFO Veritabanýna haber eklendi!
2019-07-05 15:21:21.5828 INFO Veritabanýna haber eklen!
2019-07-05 15:21:21.5997 INFO Veritabanýna haber eklendi!
2019-07-05 15:21:21.5997 INFO Veritabanýna haber eklen!
2019-07-05 15:21:21.5997 INFO Veritabanýna haber eklendi!
2019-07-05 15:21:21.5997 INFO Veritabanýna haber eklen!
2019-07-05 15:21:21.6157 INFO Veritabanýna haber eklendi!
2019-07-05 15:21:21.6157 INFO Veritabanýna haber eklen!
2019-07-05 15:21:21.6316 INFO Veritabanýna haber eklendi!
2019-07-05 15:21:21.6316 INFO Veritabanýna haber eklen!
2019-07-05 15:21:21.6436 INFO Veritabanýna haber eklendi!
2019-07-05 15:21:21.6436 INFO Veritabanýna haber eklen!
2019-07-05 15:21:21.6735 INFO Veritabanýna haber eklendi!
2019-07-05 15:21:21.6745 INFO Veritabanýna haber eklen!
2019-07-05 15:21:21.6745 INFO Veritabanýna haber eklendi!
2019-07-05 15:21:21.6745 INFO Veritabanýna haber eklen!
2019-07-05 15:21:21.6745 INFO Veritabanýna haber eklendi!
2019-07-05 15:21:21.6915 INFO Veritabanýna haber eklen!
2019-07-05 15:21:21.6915 INFO Veritabanýna haber eklendi!
2019-07-05 15:21:21.6915 INFO Veritabanýna haber eklen!
2019-07-05 15:21:21.6915 INFO Haberler RSS'den alýndý.
2019-07-05 15:21:21.6915 INFO Veritabanýndan haberler listelendi!
2019-07-05 15:21:21.7054 INFO Veritabanýndan haberler listelendi!
2019-07-05 15:21:21.7054 INFO Veritabanýndan haberler listelendi!
2019-07-05 15:21:21.7054 INFO Veritabanýndan haberler listelendi!
2019-07-05 15:21:21.7054 INFO Veritabanýndan haberler listelendi!
2019-07-05 15:21:21.7054 INFO Veritabanýndan haberler listelendi!
2019-07-05 15:21:21.7054 INFO Veritabanýndan haberler listelendi!
2019-07-05 15:21:21.7054 INFO Veritabanýndan haberler listelendi!
2019-07-05 15:21:21.7214 INFO Veritabanýndan haberler listelendi!
2019-07-05 15:21:21.7214 INFO Veritabanýndan haberler listelendi!
2019-07-05 15:21:21.7214 INFO Veritabanýndan haberler listelendi!
2019-07-05 15:21:21.7214 INFO Veritabanýndan haberler listelendi!
2019-07-05 15:21:21.7214 INFO Veritabanýndan haberler listelendi!
2019-07-05 15:21:21.7214 INFO Veritabanýndan haberler listelendi!
2019-07-05 15:21:21.7214 INFO Veritabanýndan haberler listelendi!
2019-07-05 15:21:21.7413 INFO Veritabanýndan haberler listelendi!
2019-07-05 15:21:21.7413 INFO Veritabanýndan haberler listelendi!
2019-07-05 15:21:21.7533 INFO Veritabanýndan haberler listelendi!
2019-07-05 15:21:21.7533 INFO Veritabanýndan haberler listelendi!
2019-07-05 15:21:21.7533 INFO Haberler görüntülendi.
2019-07-05 15:21:33.4870 INFO Veritabanýna baðlantý baþarýlý!
2019-07-05 15:21:33.5120 INFO Baþladý!
2019-07-05 15:21:33.5120 INFO Veritabanýndan haberler listelendi!
2019-07-05 15:21:33.5200 INFO Veritabanýndan haberler listelendi!
2019-07-05 15:21:33.5200 INFO Veritabanýndan haberler listelendi!
2019-07-05 15:21:33.5200 INFO Veritabanýndan haberler listelendi!
2019-07-05 15:21:33.5200 INFO Veritabanýndan haberler listelendi!
2019-07-05 15:21:33.5200 INFO Veritabanýndan haber gösterildi!
2019-07-05 15:21:33.5349 INFO Haberler görüntülendi!
2019-07-05 15:21:45.2927 INFO Veritabanýna baðlantý baþarýlý!
2019-07-05 15:21:45.2927 INFO Baþladý
2019-07-05 15:21:45.4523 INFO Veritabanýndan arama yapýldý!
2019-07-05 15:21:45.4573 INFO Veritabanýndan arama yapýldý!
2019-07-05 15:21:45.4573 INFO Veritabanýndaki haber güncellendi!
2019-07-05 15:21:45.4573 INFO Veritabanýndaki haber güncellendi!
2019-07-05 15:21:45.4752 INFO Veritabanýndan arama yapýldý!
2019-07-05 15:21:45.4752 INFO Veritabanýndan arama yapýldý!
2019-07-05 15:21:45.4752 INFO Veritabanýndaki haber güncellendi!
2019-07-05 15:21:45.4752 INFO Veritabanýndaki haber güncellendi!
2019-07-05 15:21:45.4902 INFO Veritabanýndan arama yapýldý!
2019-07-05 15:21:45.4902 INFO Veritabanýndan arama yapýldý!
2019-07-05 15:21:45.4902 INFO Veritabanýndaki haber güncellendi!
2019-07-05 15:21:45.4902 INFO Veritabanýndaki haber güncellendi!
2019-07-05 15:21:45.5062 INFO Veritabanýndan arama yapýldý!
2019-07-05 15:21:45.5062 INFO Veritabanýndan arama yapýldý!
2019-07-05 15:21:45.5062 INFO Veritabanýndaki haber güncellendi!
2019-07-05 15:21:45.5062 INFO Veritabanýndaki haber güncellendi!
2019-07-05 15:21:45.5221 INFO Veritabanýndan arama yapýldý!
2019-07-05 15:21:45.5221 INFO Veritabanýndan arama yapýldý!
2019-07-05 15:21:45.5221 INFO Veritabanýndaki haber güncellendi!
2019-07-05 15:21:45.5221 INFO Veritabanýndaki haber güncellendi!
2019-07-05 15:21:45.5370 INFO Veritabanýndan arama yapýldý!
2019-07-05 15:21:45.5370 INFO Veritabanýndan arama yapýldý!
2019-07-05 15:21:45.5370 INFO Veritabanýndaki haber güncellendi!
2019-07-05 15:21:45.5370 INFO Veritabanýndaki haber güncellendi!
2019-07-05 15:21:45.5500 INFO Veritabanýndan arama yapýldý!
2019-07-05 15:21:45.5500 INFO Veritabanýndan arama yapýldý!
2019-07-05 15:21:45.5500 INFO Veritabanýndaki haber güncellendi!
2019-07-05 15:21:45.5500 INFO Veritabanýndaki haber güncellendi!
2019-07-05 15:21:45.5500 INFO Veritabanýndan arama yapýldý!
2019-07-05 15:21:45.5660 INFO Veritabanýndan arama yapýldý!
2019-07-05 15:21:45.5660 INFO Veritabanýndaki haber güncellendi!
2019-07-05 15:21:45.5660 INFO Veritabanýndaki haber güncellendi!
2019-07-05 15:21:45.5660 INFO Veritabanýndan arama yapýldý!
2019-07-05 15:21:45.5660 INFO Veritabanýndan arama yapýldý!
2019-07-05 15:21:45.5869 INFO Veritabanýndaki haber güncellendi!
2019-07-05 15:21:45.5869 INFO Veritabanýndaki haber güncellendi!
2019-07-05 15:21:45.5869 INFO Veritabanýndan arama yapýldý!
2019-07-05 15:21:45.5959 INFO Veritabanýndan arama yapýldý!
2019-07-05 15:21:45.5959 INFO Veritabanýndaki haber güncellendi!
2019-07-05 15:21:45.5959 INFO Veritabanýndaki haber güncellendi!
2019-07-05 15:21:45.5959 INFO Veritabanýndan arama yapýldý!
2019-07-05 15:21:45.5959 INFO Veritabanýndan arama yapýldý!
2019-07-05 15:21:45.6158 INFO Veritabanýndaki haber güncellendi!
2019-07-05 15:21:45.6158 INFO Veritabanýndaki haber güncellendi!
2019-07-05 15:21:45.6158 INFO Veritabanýndan arama yapýldý!
2019-07-05 15:21:45.6158 INFO Veritabanýndan arama yapýldý!
2019-07-05 15:21:45.6288 INFO Veritabanýndaki haber güncellendi!
2019-07-05 15:21:45.6288 INFO Veritabanýndaki haber güncellendi!
2019-07-05 15:21:45.6288 INFO Veritabanýndan arama yapýldý!
2019-07-05 15:21:45.6288 INFO Veritabanýndan arama yapýldý!
2019-07-05 15:21:45.6487 INFO Veritabanýndaki haber güncellendi!
2019-07-05 15:21:45.6487 INFO Veritabanýndaki haber güncellendi!
2019-07-05 15:21:45.6487 INFO Veritabanýndan arama yapýldý!
2019-07-05 15:21:45.6487 INFO Veritabanýndan arama yapýldý!
2019-07-05 15:21:45.6607 INFO Veritabanýndaki haber güncellendi!
2019-07-05 15:21:45.6607 INFO Veritabanýndaki haber güncellendi!
2019-07-05 15:21:45.6607 INFO Veritabanýndan arama yapýldý!
2019-07-05 15:21:45.6607 INFO Veritabanýndan arama yapýldý!
2019-07-05 15:21:45.6607 INFO Veritabanýndaki haber güncellendi!
2019-07-05 15:21:45.6747 INFO Veritabanýndaki haber güncellendi!
2019-07-05 15:21:45.6747 INFO Veritabanýndan arama yapýldý!
2019-07-05 15:21:45.6747 INFO Veritabanýndan arama yapýldý!
2019-07-05 15:21:45.6747 INFO Veritabanýndaki haber güncellendi!
2019-07-05 15:21:45.6747 INFO Veritabanýndaki haber güncellendi!
2019-07-05 15:21:45.6747 INFO Haberler RSS'den alýndý.
2019-07-05 15:21:45.6896 INFO Veritabanýndan haberler listelendi!
2019-07-05 15:21:45.6896 INFO Veritabanýndan haberler listelendi!
2019-07-05 15:21:45.6896 INFO Veritabanýndan haberler listelendi!
2019-07-05 15:21:45.6896 INFO Veritabanýndan haberler listelendi!
2019-07-05 15:21:45.6896 INFO Veritabanýndan haberler listelendi!
2019-07-05 15:21:45.6896 INFO Veritabanýndan haberler listelendi!
2019-07-05 15:21:45.6896 INFO Veritabanýndan haberler listelendi!
2019-07-05 15:21:45.6896 INFO Veritabanýndan haberler listelendi!
2019-07-05 15:21:45.6896 INFO Veritabanýndan haberler listelendi!
2019-07-05 15:21:45.6896 INFO Veritabanýndan haberler listelendi!
2019-07-05 15:21:45.7056 INFO Veritabanýndan haberler listelendi!
2019-07-05 15:21:45.7056 INFO Veritabanýndan haberler listelendi!
2019-07-05 15:21:45.7056 INFO Veritabanýndan haberler listelendi!
2019-07-05 15:21:45.7056 INFO Veritabanýndan haberler listelendi!
2019-07-05 15:21:45.7056 INFO Veritabanýndan haberler listelendi!
2019-07-05 15:21:45.7056 INFO Veritabanýndan haberler listelendi!
2019-07-05 15:21:45.7056 INFO Veritabanýndan haberler listelendi!
2019-07-05 15:21:45.7056 INFO Veritabanýndan haberler listelendi!
2019-07-05 15:21:45.7245 INFO Veritabanýndan haberler listelendi!
2019-07-05 15:21:45.7245 INFO Haberler görüntülendi.
2019-07-05 15:21:46.2701 INFO Veritabanýna baðlantý baþarýlý!
2019-07-05 15:21:46.2701 INFO Baþladý!
2019-07-05 15:21:46.2701 INFO Veritabanýndan haberler listelendi!
2019-07-05 15:21:46.2701 INFO Veritabanýndan haberler listelendi!
2019-07-05 15:21:46.2701 INFO Veritabanýndan haberler listelendi!
2019-07-05 15:21:46.2850 INFO Veritabanýndan haberler listelendi!
2019-07-05 15:21:46.2850 INFO Veritabanýndan haberler listelendi!
2019-07-05 15:21:46.2850 INFO Veritabanýndan haber gösterildi!
2019-07-05 15:21:46.2850 INFO Haberler görüntülendi!
2019-07-05 15:21:48.0740 INFO Veritabanýna baðlantý baþarýlý!
2019-07-05 15:21:48.0740 INFO Baþladý
2019-07-05 15:21:48.2156 INFO Veritabanýndan arama yapýldý!
2019-07-05 15:21:48.2156 INFO Veritabanýndan arama yapýldý!
2019-07-05 15:21:48.2156 INFO Veritabanýndaki haber güncellendi!
2019-07-05 15:21:48.2216 INFO Veritabanýndaki haber güncellendi!
2019-07-05 15:21:48.2216 INFO Veritabanýndan arama yapýldý!
2019-07-05 15:21:48.2216 INFO Veritabanýndan arama yapýldý!
2019-07-05 15:21:48.2216 INFO Veritabanýndaki haber güncellendi!
2019-07-05 15:21:48.2216 INFO Veritabanýndaki haber güncellendi!
2019-07-05 15:21:48.2216 INFO Veritabanýndan arama yapýldý!
2019-07-05 15:21:48.2216 INFO Veritabanýndan arama yapýldý!
2019-07-05 15:21:48.2386 INFO Veritabanýndaki haber güncellendi!
2019-07-05 15:21:48.2386 INFO Veritabanýndaki haber güncellendi!
2019-07-05 15:21:48.2386 INFO Veritabanýndan arama yapýldý!
2019-07-05 15:21:48.2386 INFO Veritabanýndan arama yapýldý!
2019-07-05 15:21:48.2386 INFO Veritabanýndaki haber güncellendi!
2019-07-05 15:21:48.2386 INFO Veritabanýndaki haber güncellendi!
2019-07-05 15:21:48.2386 INFO Veritabanýndan arama yapýldý!
2019-07-05 15:21:48.2545 INFO Veritabanýndan arama yapýldý!
2019-07-05 15:21:48.2545 INFO Veritabanýndaki haber güncellendi!
2019-07-05 15:21:48.2545 INFO Veritabanýndaki haber güncellendi!
2019-07-05 15:21:48.2545 INFO Veritabanýndan arama yapýldý!
2019-07-05 15:21:48.2545 INFO Veritabanýndan arama yapýldý!
2019-07-05 15:21:48.2545 INFO Veritabanýndaki haber güncellendi!
2019-07-05 15:21:48.2545 INFO Veritabanýndaki haber güncellendi!
2019-07-05 15:21:48.2695 INFO Veritabanýndan arama yapýldý!
2019-07-05 15:21:48.2695 INFO Veritabanýndan arama yapýldý!
2019-07-05 15:21:48.2695 INFO Veritabanýndaki haber güncellendi!
2019-07-05 15:21:48.2695 INFO Veritabanýndaki haber güncellendi!
2019-07-05 15:21:48.2695 INFO Veritabanýndan arama yapýldý!
2019-07-05 15:21:48.2695 INFO Veritabanýndan arama yapýldý!
2019-07-05 15:21:48.2844 INFO Veritabanýndaki haber güncellendi!
2019-07-05 15:21:48.2844 INFO Veritabanýndaki haber güncellendi!
2019-07-05 15:21:48.2844 INFO Veritabanýndan arama yapýldý!
2019-07-05 15:21:48.2844 INFO Veritabanýndan arama yapýldý!
2019-07-05 15:21:48.2844 INFO Veritabanýndaki haber güncellendi!
2019-07-05 15:21:48.2844 INFO Veritabanýndaki haber güncellendi!
2019-07-05 15:21:48.2844 INFO Veritabanýndan arama yapýldý!
2019-07-05 15:21:48.3004 INFO Veritabanýndan arama yapýldý!
2019-07-05 15:21:48.3004 INFO Veritabanýndaki haber güncellendi!
2019-07-05 15:21:48.3004 INFO Veritabanýndaki haber güncellendi!
2019-07-05 15:21:48.3004 INFO Veritabanýndan arama yapýldý!
2019-07-05 15:21:48.3004 INFO Veritabanýndan arama yapýldý!
2019-07-05 15:21:48.3004 INFO Veritabanýndaki haber güncellendi!
2019-07-05 15:21:48.3154 INFO Veritabanýndaki haber güncellendi!
2019-07-05 15:21:48.3154 INFO Veritabanýndan arama yapýldý!
2019-07-05 15:21:48.3154 INFO Veritabanýndan arama yapýldý!
2019-07-05 15:21:48.3154 INFO Veritabanýndaki haber güncellendi!
2019-07-05 15:21:48.3154 INFO Veritabanýndaki haber güncellendi!
2019-07-05 15:21:48.3154 INFO Veritabanýndan arama yapýldý!
2019-07-05 15:21:48.3154 INFO Veritabanýndan arama yapýldý!
2019-07-05 15:21:48.3313 INFO Veritabanýndaki haber güncellendi!
2019-07-05 15:21:48.3313 INFO Veritabanýndaki haber güncellendi!
2019-07-05 15:21:48.3313 INFO Veritabanýndan arama yapýldý!
2019-07-05 15:21:48.3313 INFO Veritabanýndan arama yapýldý!
2019-07-05 15:21:48.3313 INFO Veritabanýndaki haber güncellendi!
2019-07-05 15:21:48.3313 INFO Veritabanýndaki haber güncellendi!
2019-07-05 15:21:48.3313 INFO Veritabanýndan arama yapýldý!
2019-07-05 15:21:48.3313 INFO Veritabanýndan arama yapýldý!
2019-07-05 15:21:48.3473 INFO Veritabanýndaki haber güncellendi!
2019-07-05 15:21:48.3473 INFO Veritabanýndaki haber güncellendi!
2019-07-05 15:21:48.3473 INFO Veritabanýndan arama yapýldý!
2019-07-05 15:21:48.3473 INFO Veritabanýndan arama yapýldý!
2019-07-05 15:21:48.3473 INFO Veritabanýndaki haber güncellendi!
2019-07-05 15:21:48.3473 INFO Veritabanýndaki haber güncellendi!
2019-07-05 15:21:48.3473 INFO Haberler RSS'den alýndý.
2019-07-05 15:21:48.3473 INFO Veritabanýndan haberler listelendi!
2019-07-05 15:21:48.3473 INFO Veritabanýndan haberler listelendi!
2019-07-05 15:21:48.3632 INFO Veritabanýndan haberler listelendi!
2019-07-05 15:21:48.3632 INFO Veritabanýndan haberler listelendi!
2019-07-05 15:21:48.3632 INFO Veritabanýndan haberler listelendi!
2019-07-05 15:21:48.3632 INFO Veritabanýndan haberler listelendi!
2019-07-05 15:21:48.3632 INFO Veritabanýndan haberler listelendi!
2019-07-05 15:21:48.3632 INFO Veritabanýndan haberler listelendi!
2019-07-05 15:21:48.3632 INFO Veritabanýndan haberler listelendi!
2019-07-05 15:21:48.3632 INFO Veritabanýndan haberler listelendi!
2019-07-05 15:21:48.3772 INFO Veritabanýndan haberler listelendi!
2019-07-05 15:21:48.3772 INFO Veritabanýndan haberler listelendi!
2019-07-05 15:21:48.3772 INFO Veritabanýndan haberler listelendi!
2019-07-05 15:21:48.3772 INFO Veritabanýndan haberler listelendi!
2019-07-05 15:21:48.3772 INFO Veritabanýndan haberler listelendi!
2019-07-05 15:21:48.3772 INFO Veritabanýndan haberler listelendi!
2019-07-05 15:21:48.3772 INFO Veritabanýndan haberler listelendi!
2019-07-05 15:21:48.3772 INFO Veritabanýndan haberler listelendi!
2019-07-05 15:21:48.3932 INFO Veritabanýndan haberler listelendi!
2019-07-05 15:21:48.3932 INFO Haberler görüntülendi.
2019-07-05 15:21:51.4737 INFO Veritabanýna baðlantý baþarýlý!
2019-07-05 15:21:51.4737 INFO Baþladý!
2019-07-05 15:21:51.4737 INFO Veritabanýndan haberler listelendi!
2019-07-05 15:21:51.4737 INFO Veritabanýndan haberler listelendi!
2019-07-05 15:21:51.4737 INFO Veritabanýndan haberler listelendi!
2019-07-05 15:21:51.4737 INFO Veritabanýndan haberler listelendi!
2019-07-05 15:21:51.4866 INFO Veritabanýndan haberler listelendi!
2019-07-05 15:21:51.4866 INFO Veritabanýndan haber gösterildi!
2019-07-05 15:21:51.4866 INFO Haberler görüntülendi!
2019-07-05 15:22:03.3622 INFO Veritabanýna baðlantý baþarýlý!
2019-07-05 15:22:03.3622 INFO Baþladý!
2019-07-05 15:22:03.3622 INFO Veritabanýndan haberler listelendi!
2019-07-05 15:22:03.3622 INFO Veritabanýndan haberler listelendi!
2019-07-05 15:22:03.3622 INFO Veritabanýndan haberler listelendi!
2019-07-05 15:22:03.3622 INFO Veritabanýndan haberler listelendi!
2019-07-05 15:22:03.3622 INFO Veritabanýndan haberler listelendi!
2019-07-05 15:22:03.3782 INFO Veritabanýndan haber gösterildi!
2019-07-05 15:22:03.3782 INFO Haberler görüntülendi!
2019-07-05 15:22:23.6875 INFO Veritabanýna baðlantý baþarýlý!
2019-07-05 15:22:23.6905 INFO Baþladý!
2019-07-05 15:22:23.6905 INFO Veritabanýndan haberler listelendi!
2019-07-05 15:22:23.6905 INFO Veritabanýndan haberler listelendi!
2019-07-05 15:22:23.6905 INFO Veritabanýndan haberler listelendi!
2019-07-05 15:22:23.6905 INFO Veritabanýndan haberler listelendi!
2019-07-05 15:22:23.6905 INFO Veritabanýndan haberler listelendi!
2019-07-05 15:22:23.6905 INFO Veritabanýndan haber gösterildi!
2019-07-05 15:22:23.6905 INFO Haberler görüntülendi!
2019-07-05 15:22:24.5103 INFO Veritabanýna baðlantý baþarýlý!
2019-07-05 15:22:24.5103 INFO Baþladý
2019-07-05 15:22:24.6569 INFO Veritabanýndan arama yapýldý!
2019-07-05 15:22:24.6599 INFO Veritabanýndan arama yapýldý!
2019-07-05 15:22:24.6599 INFO Veritabanýndaki haber güncellendi!
2019-07-05 15:22:24.6599 INFO Veritabanýndaki haber güncellendi!
2019-07-05 15:22:24.6599 INFO Veritabanýndan arama yapýldý!
2019-07-05 15:22:24.6599 INFO Veritabanýndan arama yapýldý!
2019-07-05 15:22:24.6599 INFO Veritabanýndaki haber güncellendi!
2019-07-05 15:22:24.6748 INFO Veritabanýndaki haber güncellendi!
2019-07-05 15:22:24.6748 INFO Veritabanýndan arama yapýldý!
2019-07-05 15:22:24.6748 INFO Veritabanýndan arama yapýldý!
2019-07-05 15:22:24.6748 INFO Veritabanýndaki haber güncellendi!
2019-07-05 15:22:24.6748 INFO Veritabanýndaki haber güncellendi!
2019-07-05 15:22:24.6748 INFO Veritabanýndan arama yapýldý!
2019-07-05 15:22:24.6918 INFO Veritabanýndan arama yapýldý!
2019-07-05 15:22:24.6918 INFO Veritabanýndaki haber güncellendi!
2019-07-05 15:22:24.6918 INFO Veritabanýndaki haber güncellendi!
2019-07-05 15:22:24.6918 INFO Veritabanýndan arama yapýldý!
2019-07-05 15:22:24.6918 INFO Veritabanýndan arama yapýldý!
2019-07-05 15:22:24.6918 INFO Veritabanýndaki haber güncellendi!
2019-07-05 15:22:24.7058 INFO Veritabanýndaki haber güncellendi!
2019-07-05 15:22:24.7058 INFO Veritabanýndan arama yapýldý!
2019-07-05 15:22:24.7058 INFO Veritabanýndan arama yapýldý!
2019-07-05 15:22:24.7058 INFO Veritabanýndaki haber güncellendi!
2019-07-05 15:22:24.7058 INFO Veritabanýndaki haber güncellendi!
2019-07-05 15:22:24.7058 INFO Veritabanýndan arama yapýldý!
2019-07-05 15:22:24.7058 INFO Veritabanýndan arama yapýldý!
2019-07-05 15:22:24.7058 INFO Veritabanýndaki haber güncellendi!
2019-07-05 15:22:24.7237 INFO Veritabanýndaki haber güncellendi!
2019-07-05 15:22:24.7237 INFO Veritabanýndan arama yapýldý!
2019-07-05 15:22:24.7237 INFO Veritabanýndan arama yapýldý!
2019-07-05 15:22:24.7237 INFO Veritabanýndaki haber güncellendi!
2019-07-05 15:22:24.7237 INFO Veritabanýndaki haber güncellendi!
2019-07-05 15:22:24.7237 INFO Veritabanýndan arama yapýldý!
2019-07-05 15:22:24.7237 INFO Veritabanýndan arama yapýldý!
2019-07-05 15:22:24.7382 INFO Veritabanýndaki haber güncellendi!
2019-07-05 15:22:24.7382 INFO Veritabanýndaki haber güncellendi!
2019-07-05 15:22:24.7382 INFO Veritabanýndan arama yapýldý!
2019-07-05 15:22:24.7382 INFO Veritabanýndan arama yapýldý!
2019-07-05 15:22:24.7382 INFO Veritabanýndaki haber güncellendi!
2019-07-05 15:22:24.7382 INFO Veritabanýndaki haber güncellendi!
2019-07-05 15:22:24.7382 INFO Veritabanýndan arama yapýldý!
2019-07-05 15:22:24.7542 INFO Veritabanýndan arama yapýldý!
2019-07-05 15:22:24.7542 INFO Veritabanýndaki haber güncellendi!
2019-07-05 15:22:24.7542 INFO Veritabanýndaki haber güncellendi!
2019-07-05 15:22:24.7542 INFO Veritabanýndan arama yapýldý!
2019-07-05 15:22:24.7542 INFO Veritabanýndan arama yapýldý!
2019-07-05 15:22:24.7542 INFO Veritabanýndaki haber güncellendi!
2019-07-05 15:22:24.7542 INFO Veritabanýndaki haber güncellendi!
2019-07-05 15:22:24.7701 INFO Veritabanýndan arama yapýldý!
2019-07-05 15:22:24.7701 INFO Veritabanýndan arama yapýldý!
2019-07-05 15:22:24.7701 INFO Veritabanýndaki haber güncellendi!
2019-07-05 15:22:24.7701 INFO Veritabanýndaki haber güncellendi!
2019-07-05 15:22:24.7701 INFO Veritabanýndan arama yapýldý!
2019-07-05 15:22:24.7701 INFO Veritabanýndan arama yapýldý!
2019-07-05 15:22:24.7861 INFO Veritabanýndaki haber güncellendi!
2019-07-05 15:22:24.7861 INFO Veritabanýndaki haber güncellendi!
2019-07-05 15:22:24.7861 INFO Veritabanýndan arama yapýldý!
2019-07-05 15:22:24.7861 INFO Veritabanýndan arama yapýldý!
2019-07-05 15:22:24.7861 INFO Veritabanýndaki haber güncellendi!
2019-07-05 15:22:24.7861 INFO Veritabanýndaki haber güncellendi!
2019-07-05 15:22:24.8011 INFO Veritabanýndan arama yapýldý!
2019-07-05 15:22:24.8011 INFO Veritabanýndan arama yapýldý!
2019-07-05 15:22:24.8011 INFO Veritabanýndaki haber güncellendi!
2019-07-05 15:22:24.8011 INFO Veritabanýndaki haber güncellendi!
2019-07-05 15:22:24.8011 INFO Haberler RSS'den alýndý.
2019-07-05 15:22:24.8011 INFO Veritabanýndan haberler listelendi!
2019-07-05 15:22:24.8300 INFO Veritabanýndan haberler listelendi!
2019-07-05 15:22:24.8310 INFO Veritabanýndan haberler listelendi!
2019-07-05 15:22:24.8310 INFO Veritabanýndan haberler listelendi!
2019-07-05 15:22:24.8310 INFO Veritabanýndan haberler listelendi!
2019-07-05 15:22:24.8310 INFO Veritabanýndan haberler listelendi!
2019-07-05 15:22:24.8310 INFO Veritabanýndan haberler listelendi!
2019-07-05 15:22:24.8310 INFO Veritabanýndan haberler listelendi!
2019-07-05 15:22:24.8310 INFO Veritabanýndan haberler listelendi!
2019-07-05 15:22:24.8310 INFO Veritabanýndan haberler listelendi!
2019-07-05 15:22:24.8310 INFO Veritabanýndan haberler listelendi!
2019-07-05 15:22:24.8459 INFO Veritabanýndan haberler listelendi!
2019-07-05 15:22:24.8459 INFO Veritabanýndan haberler listelendi!
2019-07-05 15:22:24.8459 INFO Veritabanýndan haberler listelendi!
2019-07-05 15:22:24.8459 INFO Veritabanýndan haberler listelendi!
2019-07-05 15:22:24.8459 INFO Veritabanýndan haberler listelendi!
2019-07-05 15:22:24.8459 INFO Veritabanýndan haberler listelendi!
2019-07-05 15:22:24.8459 INFO Veritabanýndan haberler listelendi!
2019-07-05 15:22:24.8459 INFO Veritabanýndan haberler listelendi!
2019-07-05 15:22:24.8619 INFO Haberler görüntülendi.
2019-07-05 15:22:55.3519 INFO Veritabanýna baðlantý baþarýlý!
2019-07-05 15:22:55.3519 INFO Baþladý
2019-07-05 15:22:55.3648 INFO Sayfa Yenilendi!
2019-07-05 15:22:55.3648 INFO Veritabanýna baðlantý baþarýlý!
2019-07-05 15:22:55.3648 INFO Baþladý
2019-07-05 15:22:55.5364 INFO Veritabanýndan arama yapýldý!
2019-07-05 15:22:55.5364 INFO Veritabanýndan arama yapýldý!
2019-07-05 15:22:55.5364 INFO Veritabanýndaki haber güncellendi!
2019-07-05 15:22:55.5364 INFO Veritabanýndaki haber güncellendi!
2019-07-05 15:22:55.5494 INFO Veritabanýndan arama yapýldý!
2019-07-05 15:22:55.5494 INFO Veritabanýndan arama yapýldý!
2019-07-05 15:22:55.5494 INFO Veritabanýndaki haber güncellendi!
2019-07-05 15:22:55.5494 INFO Veritabanýndaki haber güncellendi!
2019-07-05 15:22:55.5494 INFO Veritabanýndan arama yapýldý!
2019-07-05 15:22:55.5494 INFO Veritabanýndan arama yapýldý!
2019-07-05 15:22:55.5663 INFO Veritabanýndaki haber güncellendi!
2019-07-05 15:22:55.5663 INFO Veritabanýndaki haber güncellendi!
2019-07-05 15:22:55.5663 INFO Veritabanýndan arama yapýldý!
2019-07-05 15:22:55.5663 INFO Veritabanýndan arama yapýldý!
2019-07-05 15:22:55.5663 INFO Veritabanýndaki haber güncellendi!
2019-07-05 15:22:55.5803 INFO Veritabanýndaki haber güncellendi!
2019-07-05 15:22:55.5803 INFO Veritabanýndan arama yapýldý!
2019-07-05 15:22:55.5803 INFO Veritabanýndan arama yapýldý!
2019-07-05 15:22:55.5803 INFO Veritabanýndaki haber güncellendi!
2019-07-05 15:22:55.5803 INFO Veritabanýndaki haber güncellendi!
2019-07-05 15:22:55.5962 INFO Veritabanýndan arama yapýldý!
2019-07-05 15:22:55.5962 INFO Veritabanýndan arama yapýldý!
2019-07-05 15:22:55.5962 INFO Veritabanýndaki haber güncellendi!
2019-07-05 15:22:55.5962 INFO Veritabanýndaki haber güncellendi!
2019-07-05 15:22:55.5962 INFO Veritabanýndan arama yapýldý!
2019-07-05 15:22:55.5962 INFO Veritabanýndan arama yapýldý!
2019-07-05 15:22:55.6142 INFO Veritabanýndaki haber güncellendi!
2019-07-05 15:22:55.6142 INFO Veritabanýndaki haber güncellendi!
2019-07-05 15:22:55.6142 INFO Veritabanýndan arama yapýldý!
2019-07-05 15:22:55.6142 INFO Veritabanýndan arama yapýldý!
2019-07-05 15:22:55.6142 INFO Veritabanýndaki haber güncellendi!
2019-07-05 15:22:55.6271 INFO Veritabanýndaki haber güncellendi!
2019-07-05 15:22:55.6271 INFO Veritabanýndan arama yapýldý!
2019-07-05 15:22:55.6271 INFO Veritabanýndan arama yapýldý!
2019-07-05 15:22:55.6271 INFO Veritabanýndaki haber güncellendi!
2019-07-05 15:22:55.6271 INFO Veritabanýndaki haber güncellendi!
2019-07-05 15:22:55.6271 INFO Veritabanýndan arama yapýldý!
2019-07-05 15:22:55.6441 INFO Veritabanýndan arama yapýldý!
2019-07-05 15:22:55.6441 INFO Veritabanýndaki haber güncellendi!
2019-07-05 15:22:55.6441 INFO Veritabanýndaki haber güncellendi!
2019-07-05 15:22:55.6441 INFO Veritabanýndan arama yapýldý!
2019-07-05 15:22:55.6441 INFO Veritabanýndan arama yapýldý!
2019-07-05 15:22:55.6600 INFO Veritabanýndaki haber güncellendi!
2019-07-05 15:22:55.6600 INFO Veritabanýndaki haber güncellendi!
2019-07-05 15:22:55.6600 INFO Veritabanýndan arama yapýldý!
2019-07-05 15:22:55.6600 INFO Veritabanýndan arama yapýldý!
2019-07-05 15:22:55.6600 INFO Veritabanýndaki haber güncellendi!
2019-07-05 15:22:55.6600 INFO Veritabanýndaki haber güncellendi!
2019-07-05 15:22:55.6780 INFO Veritabanýndan arama yapýldý!
2019-07-05 15:22:55.6780 INFO Veritabanýndan arama yapýldý!
2019-07-05 15:22:55.6780 INFO Veritabanýndaki haber güncellendi!
2019-07-05 15:22:55.6780 INFO Veritabanýndaki haber güncellendi!
2019-07-05 15:22:55.6780 INFO Veritabanýndan arama yapýldý!
2019-07-05 15:22:55.6910 INFO Veritabanýndan arama yapýldý!
2019-07-05 15:22:55.6910 INFO Veritabanýndaki haber güncellendi!
2019-07-05 15:22:55.6910 INFO Veritabanýndaki haber güncellendi!
2019-07-05 15:22:55.6910 INFO Veritabanýndan arama yapýldý!
2019-07-05 15:22:55.6910 INFO Veritabanýndan arama yapýldý!
2019-07-05 15:22:55.7079 INFO Veritabanýndaki haber güncellendi!
2019-07-05 15:22:55.7079 INFO Veritabanýndaki haber güncellendi!
2019-07-05 15:22:55.7079 INFO Veritabanýndan arama yapýldý!
2019-07-05 15:22:55.7079 INFO Veritabanýndan arama yapýldý!
2019-07-05 15:22:55.7219 INFO Veritabanýndaki haber güncellendi!
2019-07-05 15:22:55.7219 INFO Veritabanýndaki haber güncellendi!
2019-07-05 15:22:55.7219 INFO Haberler RSS'den alýndý.
2019-07-05 15:22:55.7219 INFO Veritabanýndan haberler listelendi!
2019-07-05 15:22:55.7219 INFO Veritabanýndan haberler listelendi!
2019-07-05 15:22:55.7219 INFO Veritabanýndan haberler listelendi!
2019-07-05 15:22:55.7219 INFO Veritabanýndan haberler listelendi!
2019-07-05 15:22:55.7219 INFO Veritabanýndan haberler listelendi!
2019-07-05 15:22:55.7378 INFO Veritabanýndan haberler listelendi!
2019-07-05 15:22:55.7378 INFO Veritabanýndan haberler listelendi!
2019-07-05 15:22:55.7378 INFO Veritabanýndan haberler listelendi!
2019-07-05 15:22:55.7378 INFO Veritabanýndan haberler listelendi!
2019-07-05 15:22:55.7378 INFO Veritabanýndan haberler listelendi!
2019-07-05 15:22:55.7378 INFO Veritabanýndan haberler listelendi!
2019-07-05 15:22:55.7378 INFO Veritabanýndan haberler listelendi!
2019-07-05 15:22:55.7378 INFO Veritabanýndan haberler listelendi!
2019-07-05 15:22:55.7528 INFO Veritabanýndan haberler listelendi!
2019-07-05 15:22:55.7528 INFO Veritabanýndan haberler listelendi!
2019-07-05 15:22:55.7528 INFO Veritabanýndan haberler listelendi!
2019-07-05 15:22:55.7528 INFO Veritabanýndan haberler listelendi!
2019-07-05 15:22:55.7678 INFO Veritabanýndan haberler listelendi!
2019-07-05 15:22:55.7678 INFO Veritabanýndan haberler listelendi!
2019-07-05 15:22:55.7678 INFO Haberler görüntülendi.
2019-07-05 15:23:19.3736 INFO Veritabanýna baðlantý baþarýlý!
2019-07-05 15:23:19.3736 INFO Baþladý!
2019-07-05 15:23:19.3795 INFO Veritabanýndan haberler listelendi!
2019-07-05 15:23:19.3795 INFO Veritabanýndan haberler listelendi!
2019-07-05 15:23:19.3795 INFO Veritabanýndan haberler listelendi!
2019-07-05 15:23:19.3795 INFO Veritabanýndan haberler listelendi!
2019-07-05 15:23:19.3795 INFO Veritabanýndan haberler listelendi!
2019-07-05 15:23:19.3945 INFO Veritabanýndan haber gösterildi!
2019-07-05 15:23:19.3945 INFO Haberler görüntülendi!
2019-07-05 15:23:25.5405 INFO Veritabanýna baðlantý baþarýlý!
2019-07-05 15:23:25.5405 INFO Baþladý
2019-07-05 15:23:25.7230 INFO Veritabanýndan arama yapýldý!
2019-07-05 15:23:25.7230 INFO Veritabanýndan arama yapýldý!
2019-07-05 15:23:25.7230 INFO Veritabanýndaki haber güncellendi!
2019-07-05 15:23:25.7230 INFO Veritabanýndaki haber güncellendi!
2019-07-05 15:23:25.7230 INFO Veritabanýndan arama yapýldý!
2019-07-05 15:23:25.7230 INFO Veritabanýndan arama yapýldý!
2019-07-05 15:23:25.7389 INFO Veritabanýndaki haber güncellendi!
2019-07-05 15:23:25.7389 INFO Veritabanýndaki haber güncellendi!
2019-07-05 15:23:25.7389 INFO Veritabanýndan arama yapýldý!
2019-07-05 15:23:25.7389 INFO Veritabanýndan arama yapýldý!
2019-07-05 15:23:25.7389 INFO Veritabanýndaki haber güncellendi!
2019-07-05 15:23:25.7389 INFO Veritabanýndaki haber güncellendi!
2019-07-05 15:23:25.7389 INFO Veritabanýndan arama yapýldý!
2019-07-05 15:23:25.7539 INFO Veritabanýndan arama yapýldý!
2019-07-05 15:23:25.7539 INFO Veritabanýndaki haber güncellendi!
2019-07-05 15:23:25.7539 INFO Veritabanýndaki haber güncellendi!
2019-07-05 15:23:25.7539 INFO Veritabanýndan arama yapýldý!
2019-07-05 15:23:25.7539 INFO Veritabanýndan arama yapýldý!
2019-07-05 15:23:25.7539 INFO Veritabanýndaki haber güncellendi!
2019-07-05 15:23:25.7679 INFO Veritabanýndaki haber güncellendi!
2019-07-05 15:23:25.7679 INFO Veritabanýndan arama yapýldý!
2019-07-05 15:23:25.7679 INFO Veritabanýndan arama yapýldý!
2019-07-05 15:23:25.7679 INFO Veritabanýndaki haber güncellendi!
2019-07-05 15:23:25.7679 INFO Veritabanýndaki haber güncellendi!
2019-07-05 15:23:25.7679 INFO Veritabanýndan arama yapýldý!
2019-07-05 15:23:25.7679 INFO Veritabanýndan arama yapýldý!
2019-07-05 15:23:25.7838 INFO Veritabanýndaki haber güncellendi!
2019-07-05 15:23:25.7838 INFO Veritabanýndaki haber güncellendi!
2019-07-05 15:23:25.7838 INFO Veritabanýndan arama yapýldý!
2019-07-05 15:23:25.7838 INFO Veritabanýndan arama yapýldý!
2019-07-05 15:23:25.7838 INFO Veritabanýndaki haber güncellendi!
2019-07-05 15:23:25.7838 INFO Veritabanýndaki haber güncellendi!
2019-07-05 15:23:25.7838 INFO Veritabanýndan arama yapýldý!
2019-07-05 15:23:25.7838 INFO Veritabanýndan arama yapýldý!
2019-07-05 15:23:25.8008 INFO Veritabanýndaki haber güncellendi!
2019-07-05 15:23:25.8008 INFO Veritabanýndaki haber güncellendi!
2019-07-05 15:23:25.8008 INFO Veritabanýndan arama yapýldý!
2019-07-05 15:23:25.8008 INFO Veritabanýndan arama yapýldý!
2019-07-05 15:23:25.8008 INFO Veritabanýndaki haber güncellendi!
2019-07-05 15:23:25.8008 INFO Veritabanýndaki haber güncellendi!
2019-07-05 15:23:25.8008 INFO Veritabanýndan arama yapýldý!
2019-07-05 15:23:25.8147 INFO Veritabanýndan arama yapýldý!
2019-07-05 15:23:25.8147 INFO Veritabanýndaki haber güncellendi!
2019-07-05 15:23:25.8147 INFO Veritabanýndaki haber güncellendi!
2019-07-05 15:23:25.8147 INFO Veritabanýndan arama yapýldý!
2019-07-05 15:23:25.8147 INFO Veritabanýndan arama yapýldý!
2019-07-05 15:23:25.8307 INFO Veritabanýndaki haber güncellendi!
2019-07-05 15:23:25.8307 INFO Veritabanýndaki haber güncellendi!
2019-07-05 15:23:25.8307 INFO Veritabanýndan arama yapýldý!
2019-07-05 15:23:25.8307 INFO Veritabanýndan arama yapýldý!
2019-07-05 15:23:25.8307 INFO Veritabanýndaki haber güncellendi!
2019-07-05 15:23:25.8307 INFO Veritabanýndaki haber güncellendi!
2019-07-05 15:23:25.8307 INFO Veritabanýndan arama yapýldý!
2019-07-05 15:23:25.8486 INFO Veritabanýndan arama yapýldý!
2019-07-05 15:23:25.8486 INFO Veritabanýndaki haber güncellendi!
2019-07-05 15:23:25.8486 INFO Veritabanýndaki haber güncellendi!
2019-07-05 15:23:25.8486 INFO Veritabanýndan arama yapýldý!
2019-07-05 15:23:25.8486 INFO Veritabanýndan arama yapýldý!
2019-07-05 15:23:25.8486 INFO Veritabanýndaki haber güncellendi!
2019-07-05 15:23:25.8616 INFO Veritabanýndaki haber güncellendi!
2019-07-05 15:23:25.8616 INFO Veritabanýndan arama yapýldý!
2019-07-05 15:23:25.8616 INFO Veritabanýndan arama yapýldý!
2019-07-05 15:23:25.8616 INFO Veritabanýndaki haber güncellendi!
2019-07-05 15:23:25.8616 INFO Veritabanýndaki haber güncellendi!
2019-07-05 15:23:25.8616 INFO Haberler RSS'den alýndý.
2019-07-05 15:23:25.8616 INFO Veritabanýndan haberler listelendi!
2019-07-05 15:23:25.8616 INFO Veritabanýndan haberler listelendi!
2019-07-05 15:23:25.8776 INFO Veritabanýndan haberler listelendi!
2019-07-05 15:23:25.8776 INFO Veritabanýndan haberler listelendi!
2019-07-05 15:23:25.8776 INFO Veritabanýndan haberler listelendi!
2019-07-05 15:23:25.8776 INFO Veritabanýndan haberler listelendi!
2019-07-05 15:23:25.8776 INFO Veritabanýndan haberler listelendi!
2019-07-05 15:23:25.8776 INFO Veritabanýndan haberler listelendi!
2019-07-05 15:23:25.8776 INFO Veritabanýndan haberler listelendi!
2019-07-05 15:23:25.8776 INFO Veritabanýndan haberler listelendi!
2019-07-05 15:23:25.8776 INFO Veritabanýndan haberler listelendi!
2019-07-05 15:23:25.8776 INFO Veritabanýndan haberler listelendi!
2019-07-05 15:23:25.8776 INFO Veritabanýndan haberler listelendi!
2019-07-05 15:23:25.8935 INFO Veritabanýndan haberler listelendi!
2019-07-05 15:23:25.8935 INFO Veritabanýndan haberler listelendi!
2019-07-05 15:23:25.8935 INFO Veritabanýndan haberler listelendi!
2019-07-05 15:23:25.8935 INFO Veritabanýndan haberler listelendi!
2019-07-05 15:23:25.8935 INFO Veritabanýndan haberler listelendi!
2019-07-05 15:23:25.8935 INFO Veritabanýndan haberler listelendi!
2019-07-05 15:23:25.8935 INFO Haberler görüntülendi.
2019-07-05 15:23:46.8924 INFO Veritabanýna baðlantý baþarýlý!
2019-07-05 15:23:46.8954 INFO Baþladý!
2019-07-05 15:23:46.8954 INFO Veritabanýndan haberler listelendi!
2019-07-05 15:23:46.8954 INFO Veritabanýndan haberler listelendi!
2019-07-05 15:23:46.8954 INFO Veritabanýndan haberler listelendi!
2019-07-05 15:23:46.8954 INFO Veritabanýndan haberler listelendi!
2019-07-05 15:23:46.8954 INFO Veritabanýndan haberler listelendi!
2019-07-05 15:23:46.9096 INFO Veritabanýndan haber gösterildi!
2019-07-05 15:23:46.9096 INFO Haberler görüntülendi!
2019-07-05 15:23:49.9906 INFO Veritabanýna baðlantý baþarýlý!
2019-07-05 15:23:49.9906 INFO Baþladý
2019-07-05 15:23:50.1525 INFO Veritabanýndan arama yapýldý!
2019-07-05 15:23:50.1525 INFO Veritabanýndan arama yapýldý!
2019-07-05 15:23:50.1594 INFO Veritabanýndaki haber güncellendi!
2019-07-05 15:23:50.1594 INFO Veritabanýndaki haber güncellendi!
2019-07-05 15:23:50.1594 INFO Veritabanýndan arama yapýldý!
2019-07-05 15:23:50.1594 INFO Veritabanýndan arama yapýldý!
2019-07-05 15:23:50.1594 INFO Veritabanýndaki haber güncellendi!
2019-07-05 15:23:50.1754 INFO Veritabanýndaki haber güncellendi!
2019-07-05 15:23:50.1754 INFO Veritabanýndan arama yapýldý!
2019-07-05 15:23:50.1754 INFO Veritabanýndan arama yapýldý!
2019-07-05 15:23:50.1754 INFO Veritabanýndaki haber güncellendi!
2019-07-05 15:23:50.1754 INFO Veritabanýndaki haber güncellendi!
2019-07-05 15:23:50.1914 INFO Veritabanýndan arama yapýldý!
2019-07-05 15:23:50.1914 INFO Veritabanýndan arama yapýldý!
2019-07-05 15:23:50.1914 INFO Veritabanýndaki haber güncellendi!
2019-07-05 15:23:50.1914 INFO Veritabanýndaki haber güncellendi!
2019-07-05 15:23:50.2073 INFO Veritabanýndan arama yapýldý!
2019-07-05 15:23:50.2073 INFO Veritabanýndan arama yapýldý!
2019-07-05 15:23:50.2073 INFO Veritabanýndaki haber güncellendi!
2019-07-05 15:23:50.2073 INFO Veritabanýndaki haber güncellendi!
2019-07-05 15:23:50.2073 INFO Veritabanýndan arama yapýldý!
2019-07-05 15:23:50.2213 INFO Veritabanýndan arama yapýldý!
2019-07-05 15:23:50.2213 INFO Veritabanýndaki haber güncellendi!
2019-07-05 15:23:50.2213 INFO Veritabanýndaki haber güncellendi!
2019-07-05 15:23:50.2213 INFO Veritabanýndan arama yapýldý!
2019-07-05 15:23:50.2213 INFO Veritabanýndan arama yapýldý!
2019-07-05 15:23:50.2402 INFO Veritabanýndaki haber güncellendi!
2019-07-05 15:23:50.2402 INFO Veritabanýndaki haber güncellendi!
2019-07-05 15:23:50.2402 INFO Veritabanýndan arama yapýldý!
2019-07-05 15:23:50.2402 INFO Veritabanýndan arama yapýldý!
2019-07-05 15:23:50.2532 INFO Veritabanýndaki haber güncellendi!
2019-07-05 15:23:50.2532 INFO Veritabanýndaki haber güncellendi!
2019-07-05 15:23:50.2532 INFO Veritabanýndan arama yapýldý!
2019-07-05 15:23:50.2532 INFO Veritabanýndan arama yapýldý!
2019-07-05 15:23:50.2532 INFO Veritabanýndaki haber güncellendi!
2019-07-05 15:23:50.2691 INFO Veritabanýndaki haber güncellendi!
2019-07-05 15:23:50.2691 INFO Veritabanýndan arama yapýldý!
2019-07-05 15:23:50.2691 INFO Veritabanýndan arama yapýldý!
2019-07-05 15:23:50.2691 INFO Veritabanýndaki haber güncellendi!
2019-07-05 15:23:50.2691 INFO Veritabanýndaki haber güncellendi!
2019-07-05 15:23:50.2891 INFO Veritabanýndan arama yapýldý!
2019-07-05 15:23:50.2891 INFO Veritabanýndan arama yapýldý!
2019-07-05 15:23:50.2891 INFO Veritabanýndaki haber güncellendi!
2019-07-05 15:23:50.2891 INFO Veritabanýndaki haber güncellendi!
2019-07-05 15:23:50.3011 INFO Veritabanýndan arama yapýldý!
2019-07-05 15:23:50.3011 INFO Veritabanýndan arama yapýldý!
2019-07-05 15:23:50.3011 INFO Veritabanýndaki haber güncellendi!
2019-07-05 15:23:50.3011 INFO Veritabanýndaki haber güncellendi!
2019-07-05 15:23:50.3011 INFO Veritabanýndan arama yapýldý!
2019-07-05 15:23:50.3150 INFO Veritabanýndan arama yapýldý!
2019-07-05 15:23:50.3150 INFO Veritabanýndaki haber güncellendi!
2019-07-05 15:23:50.3150 INFO Veritabanýndaki haber güncellendi!
2019-07-05 15:23:50.3150 INFO Veritabanýndan arama yapýldý!
2019-07-05 15:23:50.3150 INFO Veritabanýndan arama yapýldý!
2019-07-05 15:23:50.3320 INFO Veritabanýndaki haber güncellendi!
2019-07-05 15:23:50.3320 INFO Veritabanýndaki haber güncellendi!
2019-07-05 15:23:50.3320 INFO Veritabanýndan arama yapýldý!
2019-07-05 15:23:50.3320 INFO Veritabanýndan arama yapýldý!
2019-07-05 15:23:50.3320 INFO Veritabanýndaki haber güncellendi!
2019-07-05 15:23:50.3320 INFO Veritabanýndaki haber güncellendi!
2019-07-05 15:23:50.3489 INFO Veritabanýndan arama yapýldý!
2019-07-05 15:23:50.3489 INFO Veritabanýndan arama yapýldý!
2019-07-05 15:23:50.3489 INFO Veritabanýndaki haber güncellendi!
2019-07-05 15:23:50.3489 INFO Veritabanýndaki haber güncellendi!
2019-07-05 15:23:50.3489 INFO Haberler RSS'den alýndý.
2019-07-05 15:23:50.3489 INFO Veritabanýndan haberler listelendi!
2019-07-05 15:23:50.3629 INFO Veritabanýndan haberler listelendi!
2019-07-05 15:23:50.3629 INFO Veritabanýndan haberler listelendi!
2019-07-05 15:23:50.3629 INFO Veritabanýndan haberler listelendi!
2019-07-05 15:23:50.3629 INFO Veritabanýndan haberler listelendi!
2019-07-05 15:23:50.3629 INFO Veritabanýndan haberler listelendi!
2019-07-05 15:23:50.3629 INFO Veritabanýndan haberler listelendi!
2019-07-05 15:23:50.3629 INFO Veritabanýndan haberler listelendi!
2019-07-05 15:23:50.3629 INFO Veritabanýndan haberler listelendi!
2019-07-05 15:23:50.3629 INFO Veritabanýndan haberler listelendi!
2019-07-05 15:23:50.3789 INFO Veritabanýndan haberler listelendi!
2019-07-05 15:23:50.3789 INFO Veritabanýndan haberler listelendi!
2019-07-05 15:23:50.3789 INFO Veritabanýndan haberler listelendi!
2019-07-05 15:23:50.3789 INFO Veritabanýndan haberler listelendi!
2019-07-05 15:23:50.3789 INFO Veritabanýndan haberler listelendi!
2019-07-05 15:23:50.3789 INFO Veritabanýndan haberler listelendi!
2019-07-05 15:23:50.3928 INFO Veritabanýndan haberler listelendi!
2019-07-05 15:23:50.3928 INFO Veritabanýndan haberler listelendi!
2019-07-05 15:23:50.3928 INFO Veritabanýndan haberler listelendi!
2019-07-05 15:23:50.3928 INFO Haberler görüntülendi.
2019-07-05 15:23:51.7712 INFO Veritabanýna baðlantý baþarýlý!
2019-07-05 15:23:51.7712 INFO Baþladý!
2019-07-05 15:23:51.7712 INFO Veritabanýndan haberler listelendi!
2019-07-05 15:23:51.7712 INFO Veritabanýndan haberler listelendi!
2019-07-05 15:23:51.7712 INFO Veritabanýndan haberler listelendi!
2019-07-05 15:23:51.7712 INFO Veritabanýndan haberler listelendi!
2019-07-05 15:23:51.7712 INFO Veritabanýndan haberler listelendi!
2019-07-05 15:23:51.7872 INFO Veritabanýndan haber gösterildi!
2019-07-05 15:23:51.7872 INFO Haberler görüntülendi!
2019-07-05 15:24:12.3289 INFO Veritabanýna baðlantý baþarýlý!
2019-07-05 15:24:12.3519 INFO Baþladý!
2019-07-05 15:24:12.3519 INFO Veritabanýndan haberler listelendi!
2019-07-05 15:24:12.3629 INFO Veritabanýndan haberler listelendi!
2019-07-05 15:24:12.3629 INFO Veritabanýndan haberler listelendi!
2019-07-05 15:24:12.3629 INFO Veritabanýndan haberler listelendi!
2019-07-05 15:24:12.3629 INFO Veritabanýndan haberler listelendi!
2019-07-05 15:24:12.3629 INFO Haberler görüntülendi!
2019-07-05 15:24:13.9114 INFO Veritabanýna baðlantý baþarýlý!
2019-07-05 15:24:13.9114 INFO Baþladý!
2019-07-05 15:24:13.9114 INFO Veritabanýndan haberler listelendi!
2019-07-05 15:24:13.9114 INFO Veritabanýndan haberler listelendi!
2019-07-05 15:24:13.9114 INFO Veritabanýndan haberler listelendi!
2019-07-05 15:24:13.9114 INFO Veritabanýndan haberler listelendi!
2019-07-05 15:24:13.9114 INFO Veritabanýndan haberler listelendi!
2019-07-05 15:24:13.9253 INFO Veritabanýndan haber gösterildi!
2019-07-05 15:24:13.9253 INFO Haberler görüntülendi!
2019-07-05 15:24:27.1216 INFO Veritabanýna baðlantý baþarýlý!
2019-07-05 15:24:27.1216 INFO Baþladý!
2019-07-05 15:24:27.1216 INFO Veritabanýndan haberler listelendi!
2019-07-05 15:24:27.1296 INFO Veritabanýndan haberler listelendi!
2019-07-05 15:24:27.1296 INFO Veritabanýndan haberler listelendi!
2019-07-05 15:24:27.1296 INFO Veritabanýndan haberler listelendi!
2019-07-05 15:24:27.1296 INFO Veritabanýndan haberler listelendi!
2019-07-05 15:24:27.1296 INFO Haberler görüntülendi!
2019-07-05 15:24:28.7763 INFO Veritabanýna baðlantý baþarýlý!
2019-07-05 15:24:28.7763 INFO Baþladý!
2019-07-05 15:24:28.7763 INFO Veritabanýndan haberler listelendi!
2019-07-05 15:24:28.7763 INFO Veritabanýndan haberler listelendi!
2019-07-05 15:24:28.7842 INFO Veritabanýndan haberler listelendi!
2019-07-05 15:24:28.7842 INFO Veritabanýndan haberler listelendi!
2019-07-05 15:24:28.7842 INFO Veritabanýndan haberler listelendi!
2019-07-05 15:24:28.7842 INFO Veritabanýndan haber gösterildi!
2019-07-05 15:24:28.7842 INFO Haberler görüntülendi!
2019-07-05 15:24:30.2524 INFO Veritabanýna baðlantý baþarýlý!
2019-07-05 15:24:30.2524 INFO Baþladý!
2019-07-05 15:24:30.2524 INFO Veritabanýndan haberler listelendi!
2019-07-05 15:24:30.2524 INFO Veritabanýndan haberler listelendi!
2019-07-05 15:24:30.2524 INFO Veritabanýndan haberler listelendi!
2019-07-05 15:24:30.2524 INFO Veritabanýndan haberler listelendi!
2019-07-05 15:24:30.2524 INFO Veritabanýndan haberler listelendi!
2019-07-05 15:24:30.2524 INFO Haberler görüntülendi!
2019-07-05 15:24:31.5268 INFO Veritabanýna baðlantý baþarýlý!
2019-07-05 15:24:31.5268 INFO Baþladý!
2019-07-05 15:24:31.5268 INFO Veritabanýndan haberler listelendi!
2019-07-05 15:24:31.5338 INFO Veritabanýndan haberler listelendi!
2019-07-05 15:24:31.5338 INFO Veritabanýndan haberler listelendi!
2019-07-05 15:24:31.5338 INFO Veritabanýndan haberler listelendi!
2019-07-05 15:24:31.5338 INFO Veritabanýndan haberler listelendi!
2019-07-05 15:24:31.5338 INFO Veritabanýndan haberler listelendi!
2019-07-05 15:24:31.5338 INFO Veritabanýndan haberler listelendi!
2019-07-05 15:24:31.5338 INFO Veritabanýndan haberler listelendi!
2019-07-05 15:24:31.5498 INFO Veritabanýndan haberler listelendi!
2019-07-05 15:24:31.5498 INFO Veritabanýndan haberler listelendi!
2019-07-05 15:24:31.5498 INFO Veritabanýndan haberler listelendi!
2019-07-05 15:24:31.5498 INFO Haberler görüntülendi!
