2019-06-14 11:20:01.6001 INFO Veritabanýna baðlantý baþarýlý!
2019-06-14 11:20:01.7118 INFO Baþladý
2019-06-14 11:20:02.2653 INFO Veritabanýna haber eklendi!
2019-06-14 11:20:02.2653 INFO Veritabanýna haber eklen!
2019-06-14 11:20:02.2653 INFO Veritabanýna haber eklendi!
2019-06-14 11:20:02.2653 INFO Veritabanýna haber eklen!
2019-06-14 11:20:02.2812 INFO Veritabanýna haber eklendi!
2019-06-14 11:20:02.2812 INFO Veritabanýna haber eklen!
2019-06-14 11:20:02.2812 INFO Veritabanýna haber eklendi!
2019-06-14 11:20:02.2902 INFO Veritabanýna haber eklen!
2019-06-14 11:20:02.2902 INFO Veritabanýna haber eklendi!
2019-06-14 11:20:02.2902 INFO Veritabanýna haber eklen!
2019-06-14 11:20:02.3122 INFO Veritabanýna haber eklendi!
2019-06-14 11:20:02.3122 INFO Veritabanýna haber eklen!
2019-06-14 11:20:02.3122 INFO Veritabanýna haber eklendi!
2019-06-14 11:20:02.3122 INFO Veritabanýna haber eklen!
2019-06-14 11:20:02.3251 INFO Veritabanýna haber eklendi!
2019-06-14 11:20:02.3251 INFO Veritabanýna haber eklen!
2019-06-14 11:20:02.3251 INFO Veritabanýna haber eklendi!
2019-06-14 11:20:02.3251 INFO Veritabanýna haber eklen!
2019-06-14 11:20:02.3371 INFO Veritabanýna haber eklendi!
2019-06-14 11:20:02.3371 INFO Veritabanýna haber eklen!
2019-06-14 11:20:02.3371 INFO Veritabanýna haber eklendi!
2019-06-14 11:20:02.3371 INFO Veritabanýna haber eklen!
2019-06-14 11:20:02.3371 INFO Veritabanýna haber eklendi!
2019-06-14 11:20:02.3371 INFO Veritabanýna haber eklen!
2019-06-14 11:20:02.3531 INFO Veritabanýna haber eklendi!
2019-06-14 11:20:02.3531 INFO Veritabanýna haber eklen!
2019-06-14 11:20:02.3531 INFO Veritabanýna haber eklendi!
2019-06-14 11:20:02.3531 INFO Veritabanýna haber eklen!
2019-06-14 11:20:02.3531 INFO Veritabanýna haber eklendi!
2019-06-14 11:20:02.3531 INFO Veritabanýna haber eklen!
2019-06-14 11:20:02.3710 INFO Veritabanýna haber eklendi!
2019-06-14 11:20:02.3710 INFO Veritabanýna haber eklen!
2019-06-14 11:20:02.3710 INFO Veritabanýna haber eklendi!
2019-06-14 11:20:02.3710 INFO Veritabanýna haber eklen!
2019-06-14 11:20:02.3710 INFO Haberler RSS'den alýndý.
2019-06-14 11:20:02.3870 INFO Veritabanýndan haberler listelendi!
2019-06-14 11:20:02.3870 INFO Veritabanýndan haberler listelendi!
2019-06-14 11:20:02.3870 INFO Veritabanýndan haberler listelendi!
2019-06-14 11:20:02.3870 INFO Veritabanýndan haberler listelendi!
2019-06-14 11:20:02.3870 INFO Veritabanýndan haberler listelendi!
2019-06-14 11:20:02.3870 INFO Veritabanýndan haberler listelendi!
2019-06-14 11:20:02.3870 INFO Veritabanýndan haberler listelendi!
2019-06-14 11:20:02.3999 INFO Veritabanýndan haberler listelendi!
2019-06-14 11:20:02.3999 INFO Veritabanýndan haberler listelendi!
2019-06-14 11:20:02.3999 INFO Veritabanýndan haberler listelendi!
2019-06-14 11:20:02.3999 INFO Veritabanýndan haberler listelendi!
2019-06-14 11:20:02.3999 INFO Veritabanýndan haberler listelendi!
2019-06-14 11:20:02.3999 INFO Veritabanýndan haberler listelendi!
2019-06-14 11:20:02.3999 INFO Veritabanýndan haberler listelendi!
2019-06-14 11:20:02.3999 INFO Veritabanýndan haberler listelendi!
2019-06-14 11:20:02.4169 INFO Veritabanýndan haberler listelendi!
2019-06-14 11:20:02.4169 INFO Veritabanýndan haberler listelendi!
2019-06-14 11:20:02.4169 INFO Veritabanýndan haberler listelendi!
2019-06-14 11:20:02.4169 INFO Veritabanýndan haberler listelendi!
2019-06-14 11:20:02.4329 INFO Haberler görüntülendi.
2019-06-14 11:20:36.3130 INFO Veritabanýna baðlantý baþarýlý!
2019-06-14 11:20:36.3130 INFO Baþladý
2019-06-14 11:20:36.3130 INFO Sayfa Yenilendi!
2019-06-14 11:20:36.3279 INFO Veritabanýna baðlantý baþarýlý!
2019-06-14 11:20:36.3279 INFO Baþladý
2019-06-14 11:20:36.5613 INFO Veritabanýndan arama yapýldý!
2019-06-14 11:20:36.5613 INFO Veritabanýndan arama yapýldý!
2019-06-14 11:20:36.5613 INFO Veritabanýndaki haber güncellendi!
2019-06-14 11:20:36.5613 INFO Veritabanýndaki haber güncellendi!
2019-06-14 11:20:36.5733 INFO Veritabanýndan arama yapýldý!
2019-06-14 11:20:36.5733 INFO Veritabanýndan arama yapýldý!
2019-06-14 11:20:36.5733 INFO Veritabanýndaki haber güncellendi!
2019-06-14 11:20:36.5733 INFO Veritabanýndaki haber güncellendi!
2019-06-14 11:20:36.5733 INFO Veritabanýndan arama yapýldý!
2019-06-14 11:20:36.5733 INFO Veritabanýndan arama yapýldý!
2019-06-14 11:20:36.5873 INFO Veritabanýndaki haber güncellendi!
2019-06-14 11:20:36.5873 INFO Veritabanýndaki haber güncellendi!
2019-06-14 11:20:36.5873 INFO Veritabanýndan arama yapýldý!
2019-06-14 11:20:36.5873 INFO Veritabanýndan arama yapýldý!
2019-06-14 11:20:36.5873 INFO Veritabanýndaki haber güncellendi!
2019-06-14 11:20:36.5873 INFO Veritabanýndaki haber güncellendi!
2019-06-14 11:20:36.5873 INFO Veritabanýndan arama yapýldý!
2019-06-14 11:20:36.5873 INFO Veritabanýndan arama yapýldý!
2019-06-14 11:20:36.6033 INFO Veritabanýndaki haber güncellendi!
2019-06-14 11:20:36.6033 INFO Veritabanýndaki haber güncellendi!
2019-06-14 11:20:36.6033 INFO Veritabanýndan arama yapýldý!
2019-06-14 11:20:36.6033 INFO Veritabanýndan arama yapýldý!
2019-06-14 11:20:36.6033 INFO Veritabanýndaki haber güncellendi!
2019-06-14 11:20:36.6033 INFO Veritabanýndaki haber güncellendi!
2019-06-14 11:20:36.6033 INFO Veritabanýndan arama yapýldý!
2019-06-14 11:20:36.6033 INFO Veritabanýndan arama yapýldý!
2019-06-14 11:20:36.6192 INFO Veritabanýndaki haber güncellendi!
2019-06-14 11:20:36.6192 INFO Veritabanýndaki haber güncellendi!
2019-06-14 11:20:36.6192 INFO Veritabanýndan arama yapýldý!
2019-06-14 11:20:36.6192 INFO Veritabanýndan arama yapýldý!
2019-06-14 11:20:36.6192 INFO Veritabanýndaki haber güncellendi!
2019-06-14 11:20:36.6192 INFO Veritabanýndaki haber güncellendi!
2019-06-14 11:20:36.6192 INFO Veritabanýndan arama yapýldý!
2019-06-14 11:20:36.6192 INFO Veritabanýndan arama yapýldý!
2019-06-14 11:20:36.6361 INFO Veritabanýndaki haber güncellendi!
2019-06-14 11:20:36.6361 INFO Veritabanýndaki haber güncellendi!
2019-06-14 11:20:36.6361 INFO Veritabanýndan arama yapýldý!
2019-06-14 11:20:36.6361 INFO Veritabanýndan arama yapýldý!
2019-06-14 11:20:36.6361 INFO Veritabanýndaki haber güncellendi!
2019-06-14 11:20:36.6361 INFO Veritabanýndaki haber güncellendi!
2019-06-14 11:20:36.6511 INFO Veritabanýndan arama yapýldý!
2019-06-14 11:20:36.6511 INFO Veritabanýndan arama yapýldý!
2019-06-14 11:20:36.6511 INFO Veritabanýndaki haber güncellendi!
2019-06-14 11:20:36.6511 INFO Veritabanýndaki haber güncellendi!
2019-06-14 11:20:36.6511 INFO Veritabanýndan arama yapýldý!
2019-06-14 11:20:36.6511 INFO Veritabanýndan arama yapýldý!
2019-06-14 11:20:36.6670 INFO Veritabanýndaki haber güncellendi!
2019-06-14 11:20:36.6670 INFO Veritabanýndaki haber güncellendi!
2019-06-14 11:20:36.6670 INFO Veritabanýndan arama yapýldý!
2019-06-14 11:20:36.6670 INFO Veritabanýndan arama yapýldý!
2019-06-14 11:20:36.6670 INFO Veritabanýndaki haber güncellendi!
2019-06-14 11:20:36.6670 INFO Veritabanýndaki haber güncellendi!
2019-06-14 11:20:36.6670 INFO Veritabanýndan arama yapýldý!
2019-06-14 11:20:36.6820 INFO Veritabanýndan arama yapýldý!
2019-06-14 11:20:36.6820 INFO Veritabanýndaki haber güncellendi!
2019-06-14 11:20:36.6820 INFO Veritabanýndaki haber güncellendi!
2019-06-14 11:20:36.6820 INFO Veritabanýndan arama yapýldý!
2019-06-14 11:20:36.6820 INFO Veritabanýndan arama yapýldý!
2019-06-14 11:20:36.6820 INFO Veritabanýndaki haber güncellendi!
2019-06-14 11:20:36.6979 INFO Veritabanýndaki haber güncellendi!
2019-06-14 11:20:36.6979 INFO Veritabanýndan arama yapýldý!
2019-06-14 11:20:36.6979 INFO Veritabanýndan arama yapýldý!
2019-06-14 11:20:36.6979 INFO Veritabanýndaki haber güncellendi!
2019-06-14 11:20:36.6979 INFO Veritabanýndaki haber güncellendi!
2019-06-14 11:20:36.6979 INFO Veritabanýndan arama yapýldý!
2019-06-14 11:20:36.6979 INFO Veritabanýndan arama yapýldý!
2019-06-14 11:20:36.7179 INFO Veritabanýndaki haber güncellendi!
2019-06-14 11:20:36.7179 INFO Veritabanýndaki haber güncellendi!
2019-06-14 11:20:36.7179 INFO Haberler RSS'den alýndý.
2019-06-14 11:20:36.7179 INFO Veritabanýndan haberler listelendi!
2019-06-14 11:20:36.7179 INFO Veritabanýndan haberler listelendi!
2019-06-14 11:20:36.7179 INFO Veritabanýndan haberler listelendi!
2019-06-14 11:20:36.7179 INFO Veritabanýndan haberler listelendi!
2019-06-14 11:20:36.7279 INFO Veritabanýndan haberler listelendi!
2019-06-14 11:20:36.7279 INFO Veritabanýndan haberler listelendi!
2019-06-14 11:20:36.7279 INFO Veritabanýndan haberler listelendi!
2019-06-14 11:20:36.7279 INFO Veritabanýndan haberler listelendi!
2019-06-14 11:20:36.7279 INFO Veritabanýndan haberler listelendi!
2019-06-14 11:20:36.7279 INFO Veritabanýndan haberler listelendi!
2019-06-14 11:20:36.7279 INFO Veritabanýndan haberler listelendi!
2019-06-14 11:20:36.7279 INFO Veritabanýndan haberler listelendi!
2019-06-14 11:20:36.7279 INFO Veritabanýndan haberler listelendi!
2019-06-14 11:20:36.7438 INFO Veritabanýndan haberler listelendi!
2019-06-14 11:20:36.7438 INFO Veritabanýndan haberler listelendi!
2019-06-14 11:20:36.7438 INFO Veritabanýndan haberler listelendi!
2019-06-14 11:20:36.7438 INFO Veritabanýndan haberler listelendi!
2019-06-14 11:20:36.7438 INFO Veritabanýndan haberler listelendi!
2019-06-14 11:20:36.7438 INFO Veritabanýndan haberler listelendi!
2019-06-14 11:20:36.7438 INFO Haberler görüntülendi.
2019-06-14 11:21:07.1125 INFO Veritabanýna baðlantý baþarýlý!
2019-06-14 11:21:07.1125 INFO Baþladý
2019-06-14 11:21:07.1125 INFO Sayfa Yenilendi!
2019-06-14 11:21:07.1285 INFO Veritabanýna baðlantý baþarýlý!
2019-06-14 11:21:07.1285 INFO Baþladý
2019-06-14 11:21:07.7598 INFO Veritabanýndan arama yapýldý!
2019-06-14 11:21:07.7598 INFO Veritabanýndan arama yapýldý!
2019-06-14 11:21:07.7598 INFO Veritabanýndaki haber güncellendi!
2019-06-14 11:21:07.7598 INFO Veritabanýndaki haber güncellendi!
2019-06-14 11:21:07.7598 INFO Veritabanýndan arama yapýldý!
2019-06-14 11:21:07.7598 INFO Veritabanýndan arama yapýldý!
2019-06-14 11:21:07.7758 INFO Veritabanýndaki haber güncellendi!
2019-06-14 11:21:07.7758 INFO Veritabanýndaki haber güncellendi!
2019-06-14 11:21:07.7758 INFO Veritabanýndan arama yapýldý!
2019-06-14 11:21:07.7758 INFO Veritabanýndan arama yapýldý!
2019-06-14 11:21:07.7758 INFO Veritabanýndaki haber güncellendi!
2019-06-14 11:21:07.7758 INFO Veritabanýndaki haber güncellendi!
2019-06-14 11:21:07.7758 INFO Veritabanýndan arama yapýldý!
2019-06-14 11:21:07.7917 INFO Veritabanýndan arama yapýldý!
2019-06-14 11:21:07.7917 INFO Veritabanýndaki haber güncellendi!
2019-06-14 11:21:07.7917 INFO Veritabanýndaki haber güncellendi!
2019-06-14 11:21:07.7917 INFO Veritabanýndan arama yapýldý!
2019-06-14 11:21:07.7917 INFO Veritabanýndan arama yapýldý!
2019-06-14 11:21:07.7917 INFO Veritabanýndaki haber güncellendi!
2019-06-14 11:21:07.8066 INFO Veritabanýndaki haber güncellendi!
2019-06-14 11:21:07.8066 INFO Veritabanýndan arama yapýldý!
2019-06-14 11:21:07.8066 INFO Veritabanýndan arama yapýldý!
2019-06-14 11:21:07.8066 INFO Veritabanýndaki haber güncellendi!
2019-06-14 11:21:07.8066 INFO Veritabanýndaki haber güncellendi!
2019-06-14 11:21:07.8066 INFO Veritabanýndan arama yapýldý!
2019-06-14 11:21:07.8236 INFO Veritabanýndan arama yapýldý!
2019-06-14 11:21:07.8236 INFO Veritabanýndaki haber güncellendi!
2019-06-14 11:21:07.8236 INFO Veritabanýndaki haber güncellendi!
2019-06-14 11:21:07.8236 INFO Veritabanýndan arama yapýldý!
2019-06-14 11:21:07.8236 INFO Veritabanýndan arama yapýldý!
2019-06-14 11:21:07.8415 INFO Veritabanýndaki haber güncellendi!
2019-06-14 11:21:07.8415 INFO Veritabanýndaki haber güncellendi!
2019-06-14 11:21:07.8415 INFO Veritabanýndan arama yapýldý!
2019-06-14 11:21:07.8415 INFO Veritabanýndan arama yapýldý!
2019-06-14 11:21:07.8555 INFO Veritabanýndaki haber güncellendi!
2019-06-14 11:21:07.8555 INFO Veritabanýndaki haber güncellendi!
2019-06-14 11:21:07.8555 INFO Veritabanýndan arama yapýldý!
2019-06-14 11:21:07.8555 INFO Veritabanýndan arama yapýldý!
2019-06-14 11:21:07.8555 INFO Veritabanýndaki haber güncellendi!
2019-06-14 11:21:07.8705 INFO Veritabanýndaki haber güncellendi!
2019-06-14 11:21:07.8705 INFO Veritabanýndan arama yapýldý!
2019-06-14 11:21:07.8705 INFO Veritabanýndan arama yapýldý!
2019-06-14 11:21:07.8705 INFO Veritabanýndaki haber güncellendi!
2019-06-14 11:21:07.8705 INFO Veritabanýndaki haber güncellendi!
2019-06-14 11:21:07.8864 INFO Veritabanýndan arama yapýldý!
2019-06-14 11:21:07.8864 INFO Veritabanýndan arama yapýldý!
2019-06-14 11:21:07.8864 INFO Veritabanýndaki haber güncellendi!
2019-06-14 11:21:07.8864 INFO Veritabanýndaki haber güncellendi!
2019-06-14 11:21:07.8864 INFO Veritabanýndan arama yapýldý!
2019-06-14 11:21:07.9014 INFO Veritabanýndan arama yapýldý!
2019-06-14 11:21:07.9014 INFO Veritabanýndaki haber güncellendi!
2019-06-14 11:21:07.9014 INFO Veritabanýndaki haber güncellendi!
2019-06-14 11:21:07.9014 INFO Veritabanýndan arama yapýldý!
2019-06-14 11:21:07.9014 INFO Veritabanýndan arama yapýldý!
2019-06-14 11:21:07.9203 INFO Veritabanýndaki haber güncellendi!
2019-06-14 11:21:07.9203 INFO Veritabanýndaki haber güncellendi!
2019-06-14 11:21:07.9203 INFO Veritabanýndan arama yapýldý!
2019-06-14 11:21:07.9203 INFO Veritabanýndan arama yapýldý!
2019-06-14 11:21:07.9353 INFO Veritabanýndaki haber güncellendi!
2019-06-14 11:21:07.9353 INFO Veritabanýndaki haber güncellendi!
2019-06-14 11:21:07.9353 INFO Veritabanýndan arama yapýldý!
2019-06-14 11:21:07.9353 INFO Veritabanýndan arama yapýldý!
2019-06-14 11:21:07.9493 INFO Veritabanýndaki haber güncellendi!
2019-06-14 11:21:07.9493 INFO Veritabanýndaki haber güncellendi!
2019-06-14 11:21:07.9493 INFO Haberler RSS'den alýndý.
2019-06-14 11:21:07.9493 INFO Veritabanýndan haberler listelendi!
2019-06-14 11:21:07.9493 INFO Veritabanýndan haberler listelendi!
2019-06-14 11:21:07.9493 INFO Veritabanýndan haberler listelendi!
2019-06-14 11:21:07.9493 INFO Veritabanýndan haberler listelendi!
2019-06-14 11:21:07.9493 INFO Veritabanýndan haberler listelendi!
2019-06-14 11:21:07.9652 INFO Veritabanýndan haberler listelendi!
2019-06-14 11:21:07.9652 INFO Veritabanýndan haberler listelendi!
2019-06-14 11:21:07.9652 INFO Veritabanýndan haberler listelendi!
2019-06-14 11:21:07.9652 INFO Veritabanýndan haberler listelendi!
2019-06-14 11:21:07.9652 INFO Veritabanýndan haberler listelendi!
2019-06-14 11:21:07.9652 INFO Veritabanýndan haberler listelendi!
2019-06-14 11:21:07.9782 INFO Veritabanýndan haberler listelendi!
2019-06-14 11:21:07.9782 INFO Veritabanýndan haberler listelendi!
2019-06-14 11:21:07.9782 INFO Veritabanýndan haberler listelendi!
2019-06-14 11:21:07.9782 INFO Veritabanýndan haberler listelendi!
2019-06-14 11:21:07.9782 INFO Veritabanýndan haberler listelendi!
2019-06-14 11:21:07.9782 INFO Veritabanýndan haberler listelendi!
2019-06-14 11:21:07.9951 INFO Veritabanýndan haberler listelendi!
2019-06-14 11:21:07.9951 INFO Veritabanýndan haberler listelendi!
2019-06-14 11:21:07.9951 INFO Haberler görüntülendi.
2019-06-14 11:21:39.3274 INFO Veritabanýna baðlantý baþarýlý!
2019-06-14 11:21:39.3274 INFO Baþladý
2019-06-14 11:21:39.3274 INFO Sayfa Yenilendi!
2019-06-14 11:21:39.3383 INFO Veritabanýna baðlantý baþarýlý!
2019-06-14 11:21:39.3383 INFO Baþladý
2019-06-14 11:21:39.6076 INFO Veritabanýndan arama yapýldý!
2019-06-14 11:21:39.6076 INFO Veritabanýndan arama yapýldý!
2019-06-14 11:21:39.6076 INFO Veritabanýndaki haber güncellendi!
2019-06-14 11:21:39.6076 INFO Veritabanýndaki haber güncellendi!
2019-06-14 11:21:39.6076 INFO Veritabanýndan arama yapýldý!
2019-06-14 11:21:39.6076 INFO Veritabanýndan arama yapýldý!
2019-06-14 11:21:39.6076 INFO Veritabanýndaki haber güncellendi!
2019-06-14 11:21:39.6076 INFO Veritabanýndaki haber güncellendi!
2019-06-14 11:21:39.6206 INFO Veritabanýndan arama yapýldý!
2019-06-14 11:21:39.6206 INFO Veritabanýndan arama yapýldý!
2019-06-14 11:21:39.6206 INFO Veritabanýndaki haber güncellendi!
2019-06-14 11:21:39.6206 INFO Veritabanýndaki haber güncellendi!
2019-06-14 11:21:39.6206 INFO Veritabanýndan arama yapýldý!
2019-06-14 11:21:39.6206 INFO Veritabanýndan arama yapýldý!
2019-06-14 11:21:39.6206 INFO Veritabanýndaki haber güncellendi!
2019-06-14 11:21:39.6206 INFO Veritabanýndaki haber güncellendi!
2019-06-14 11:21:39.6206 INFO Veritabanýndan arama yapýldý!
2019-06-14 11:21:39.6206 INFO Veritabanýndan arama yapýldý!
2019-06-14 11:21:39.6356 INFO Veritabanýndaki haber güncellendi!
2019-06-14 11:21:39.6356 INFO Veritabanýndaki haber güncellendi!
2019-06-14 11:21:39.6356 INFO Veritabanýndan arama yapýldý!
2019-06-14 11:21:39.6356 INFO Veritabanýndan arama yapýldý!
2019-06-14 11:21:39.6356 INFO Veritabanýndaki haber güncellendi!
2019-06-14 11:21:39.6356 INFO Veritabanýndaki haber güncellendi!
2019-06-14 11:21:39.6356 INFO Veritabanýndan arama yapýldý!
2019-06-14 11:21:39.6356 INFO Veritabanýndan arama yapýldý!
2019-06-14 11:21:39.6356 INFO Veritabanýndaki haber güncellendi!
2019-06-14 11:21:39.6356 INFO Veritabanýndaki haber güncellendi!
2019-06-14 11:21:39.6515 INFO Veritabanýndan arama yapýldý!
2019-06-14 11:21:39.6515 INFO Veritabanýndan arama yapýldý!
2019-06-14 11:21:39.6515 INFO Veritabanýndaki haber güncellendi!
2019-06-14 11:21:39.6515 INFO Veritabanýndaki haber güncellendi!
2019-06-14 11:21:39.6515 INFO Veritabanýndan arama yapýldý!
2019-06-14 11:21:39.6515 INFO Veritabanýndan arama yapýldý!
2019-06-14 11:21:39.6515 INFO Veritabanýndaki haber güncellendi!
2019-06-14 11:21:39.6515 INFO Veritabanýndaki haber güncellendi!
2019-06-14 11:21:39.6515 INFO Veritabanýndan arama yapýldý!
2019-06-14 11:21:39.6675 INFO Veritabanýndan arama yapýldý!
2019-06-14 11:21:39.6675 INFO Veritabanýndaki haber güncellendi!
2019-06-14 11:21:39.6675 INFO Veritabanýndaki haber güncellendi!
2019-06-14 11:21:39.6675 INFO Veritabanýndan arama yapýldý!
2019-06-14 11:21:39.6675 INFO Veritabanýndan arama yapýldý!
2019-06-14 11:21:39.6675 INFO Veritabanýndaki haber güncellendi!
2019-06-14 11:21:39.6675 INFO Veritabanýndaki haber güncellendi!
2019-06-14 11:21:39.6675 INFO Veritabanýndan arama yapýldý!
2019-06-14 11:21:39.6675 INFO Veritabanýndan arama yapýldý!
2019-06-14 11:21:39.6834 INFO Veritabanýndaki haber güncellendi!
2019-06-14 11:21:39.6834 INFO Veritabanýndaki haber güncellendi!
2019-06-14 11:21:39.6834 INFO Veritabanýndan arama yapýldý!
2019-06-14 11:21:39.6834 INFO Veritabanýndan arama yapýldý!
2019-06-14 11:21:39.6834 INFO Veritabanýndaki haber güncellendi!
2019-06-14 11:21:39.6834 INFO Veritabanýndaki haber güncellendi!
2019-06-14 11:21:39.6834 INFO Veritabanýndan arama yapýldý!
2019-06-14 11:21:39.6834 INFO Veritabanýndan arama yapýldý!
2019-06-14 11:21:39.6974 INFO Veritabanýndaki haber güncellendi!
2019-06-14 11:21:39.6974 INFO Veritabanýndaki haber güncellendi!
2019-06-14 11:21:39.6974 INFO Veritabanýndan arama yapýldý!
2019-06-14 11:21:39.6974 INFO Veritabanýndan arama yapýldý!
2019-06-14 11:21:39.6974 INFO Veritabanýndaki haber güncellendi!
2019-06-14 11:21:39.6974 INFO Veritabanýndaki haber güncellendi!
2019-06-14 11:21:39.6974 INFO Veritabanýndan arama yapýldý!
2019-06-14 11:21:39.6974 INFO Veritabanýndan arama yapýldý!
2019-06-14 11:21:39.7133 INFO Veritabanýndaki haber güncellendi!
2019-06-14 11:21:39.7133 INFO Veritabanýndaki haber güncellendi!
2019-06-14 11:21:39.7133 INFO Haberler RSS'den alýndý.
2019-06-14 11:21:39.7133 INFO Veritabanýndan haberler listelendi!
2019-06-14 11:21:39.7133 INFO Veritabanýndan haberler listelendi!
2019-06-14 11:21:39.7133 INFO Veritabanýndan haberler listelendi!
2019-06-14 11:21:39.7133 INFO Veritabanýndan haberler listelendi!
2019-06-14 11:21:39.7133 INFO Veritabanýndan haberler listelendi!
2019-06-14 11:21:39.7133 INFO Veritabanýndan haberler listelendi!
2019-06-14 11:21:39.7133 INFO Veritabanýndan haberler listelendi!
2019-06-14 11:21:39.7133 INFO Veritabanýndan haberler listelendi!
2019-06-14 11:21:39.7283 INFO Veritabanýndan haberler listelendi!
2019-06-14 11:21:39.7283 INFO Veritabanýndan haberler listelendi!
2019-06-14 11:21:39.7283 INFO Veritabanýndan haberler listelendi!
2019-06-14 11:21:39.7283 INFO Veritabanýndan haberler listelendi!
2019-06-14 11:21:39.7283 INFO Veritabanýndan haberler listelendi!
2019-06-14 11:21:39.7283 INFO Veritabanýndan haberler listelendi!
2019-06-14 11:21:39.7283 INFO Veritabanýndan haberler listelendi!
2019-06-14 11:21:39.7283 INFO Veritabanýndan haberler listelendi!
2019-06-14 11:21:39.7283 INFO Veritabanýndan haberler listelendi!
2019-06-14 11:21:39.7283 INFO Veritabanýndan haberler listelendi!
2019-06-14 11:21:39.7443 INFO Veritabanýndan haberler listelendi!
2019-06-14 11:21:39.7443 INFO Haberler görüntülendi.
2019-06-14 11:22:10.3212 INFO Veritabanýna baðlantý baþarýlý!
2019-06-14 11:22:10.3242 INFO Baþladý
2019-06-14 11:22:10.3242 INFO Sayfa Yenilendi!
2019-06-14 11:22:10.3242 INFO Veritabanýna baðlantý baþarýlý!
2019-06-14 11:22:10.3242 INFO Baþladý
2019-06-14 11:22:10.6095 INFO Veritabanýndan arama yapýldý!
2019-06-14 11:22:10.6095 INFO Veritabanýndan arama yapýldý!
2019-06-14 11:22:10.6095 INFO Veritabanýndaki haber güncellendi!
2019-06-14 11:22:10.6095 INFO Veritabanýndaki haber güncellendi!
2019-06-14 11:22:10.6194 INFO Veritabanýndan arama yapýldý!
2019-06-14 11:22:10.6194 INFO Veritabanýndan arama yapýldý!
2019-06-14 11:22:10.6194 INFO Veritabanýndaki haber güncellendi!
2019-06-14 11:22:10.6194 INFO Veritabanýndaki haber güncellendi!
2019-06-14 11:22:10.6194 INFO Veritabanýndan arama yapýldý!
2019-06-14 11:22:10.6194 INFO Veritabanýndan arama yapýldý!
2019-06-14 11:22:10.6194 INFO Veritabanýndaki haber güncellendi!
2019-06-14 11:22:10.6354 INFO Veritabanýndaki haber güncellendi!
2019-06-14 11:22:10.6354 INFO Veritabanýndan arama yapýldý!
2019-06-14 11:22:10.6354 INFO Veritabanýndan arama yapýldý!
2019-06-14 11:22:10.6354 INFO Veritabanýndaki haber güncellendi!
2019-06-14 11:22:10.6354 INFO Veritabanýndaki haber güncellendi!
2019-06-14 11:22:10.6354 INFO Veritabanýndan arama yapýldý!
2019-06-14 11:22:10.6354 INFO Veritabanýndan arama yapýldý!
2019-06-14 11:22:10.6524 INFO Veritabanýndaki haber güncellendi!
2019-06-14 11:22:10.6524 INFO Veritabanýndaki haber güncellendi!
2019-06-14 11:22:10.6524 INFO Veritabanýndan arama yapýldý!
2019-06-14 11:22:10.6524 INFO Veritabanýndan arama yapýldý!
2019-06-14 11:22:10.6524 INFO Veritabanýndaki haber güncellendi!
2019-06-14 11:22:10.6524 INFO Veritabanýndaki haber güncellendi!
2019-06-14 11:22:10.6663 INFO Veritabanýndan arama yapýldý!
2019-06-14 11:22:10.6663 INFO Veritabanýndan arama yapýldý!
2019-06-14 11:22:10.6663 INFO Veritabanýndaki haber güncellendi!
2019-06-14 11:22:10.6663 INFO Veritabanýndaki haber güncellendi!
2019-06-14 11:22:10.6663 INFO Veritabanýndan arama yapýldý!
2019-06-14 11:22:10.6663 INFO Veritabanýndan arama yapýldý!
2019-06-14 11:22:10.6663 INFO Veritabanýndaki haber güncellendi!
2019-06-14 11:22:10.6822 INFO Veritabanýndaki haber güncellendi!
2019-06-14 11:22:10.6822 INFO Veritabanýndan arama yapýldý!
2019-06-14 11:22:10.6822 INFO Veritabanýndan arama yapýldý!
2019-06-14 11:22:10.6822 INFO Veritabanýndaki haber güncellendi!
2019-06-14 11:22:10.6822 INFO Veritabanýndaki haber güncellendi!
2019-06-14 11:22:10.6822 INFO Veritabanýndan arama yapýldý!
2019-06-14 11:22:10.6822 INFO Veritabanýndan arama yapýldý!
2019-06-14 11:22:10.6992 INFO Veritabanýndaki haber güncellendi!
2019-06-14 11:22:10.6992 INFO Veritabanýndaki haber güncellendi!
2019-06-14 11:22:10.6992 INFO Veritabanýndan arama yapýldý!
2019-06-14 11:22:10.6992 INFO Veritabanýndan arama yapýldý!
2019-06-14 11:22:10.6992 INFO Veritabanýndaki haber güncellendi!
2019-06-14 11:22:10.6992 INFO Veritabanýndaki haber güncellendi!
2019-06-14 11:22:10.6992 INFO Veritabanýndan arama yapýldý!
2019-06-14 11:22:10.7142 INFO Veritabanýndan arama yapýldý!
2019-06-14 11:22:10.7142 INFO Veritabanýndaki haber güncellendi!
2019-06-14 11:22:10.7142 INFO Veritabanýndaki haber güncellendi!
2019-06-14 11:22:10.7142 INFO Veritabanýndan arama yapýldý!
2019-06-14 11:22:10.7142 INFO Veritabanýndan arama yapýldý!
2019-06-14 11:22:10.7142 INFO Veritabanýndaki haber güncellendi!
2019-06-14 11:22:10.7142 INFO Veritabanýndaki haber güncellendi!
2019-06-14 11:22:10.7311 INFO Veritabanýndan arama yapýldý!
2019-06-14 11:22:10.7311 INFO Veritabanýndan arama yapýldý!
2019-06-14 11:22:10.7311 INFO Veritabanýndaki haber güncellendi!
2019-06-14 11:22:10.7311 INFO Veritabanýndaki haber güncellendi!
2019-06-14 11:22:10.7311 INFO Veritabanýndan arama yapýldý!
2019-06-14 11:22:10.7311 INFO Veritabanýndan arama yapýldý!
2019-06-14 11:22:10.7451 INFO Veritabanýndaki haber güncellendi!
2019-06-14 11:22:10.7451 INFO Veritabanýndaki haber güncellendi!
2019-06-14 11:22:10.7451 INFO Veritabanýndan arama yapýldý!
2019-06-14 11:22:10.7451 INFO Veritabanýndan arama yapýldý!
2019-06-14 11:22:10.7451 INFO Veritabanýndaki haber güncellendi!
2019-06-14 11:22:10.7451 INFO Veritabanýndaki haber güncellendi!
2019-06-14 11:22:10.7451 INFO Haberler RSS'den alýndý.
2019-06-14 11:22:10.7451 INFO Veritabanýndan haberler listelendi!
2019-06-14 11:22:10.7600 INFO Veritabanýndan haberler listelendi!
2019-06-14 11:22:10.7600 INFO Veritabanýndan haberler listelendi!
2019-06-14 11:22:10.7600 INFO Veritabanýndan haberler listelendi!
2019-06-14 11:22:10.7600 INFO Veritabanýndan haberler listelendi!
2019-06-14 11:22:10.7600 INFO Veritabanýndan haberler listelendi!
2019-06-14 11:22:10.7600 INFO Veritabanýndan haberler listelendi!
2019-06-14 11:22:10.7600 INFO Veritabanýndan haberler listelendi!
2019-06-14 11:22:10.7600 INFO Veritabanýndan haberler listelendi!
2019-06-14 11:22:10.7600 INFO Veritabanýndan haberler listelendi!
2019-06-14 11:22:10.7600 INFO Veritabanýndan haberler listelendi!
2019-06-14 11:22:10.7600 INFO Veritabanýndan haberler listelendi!
2019-06-14 11:22:10.7600 INFO Veritabanýndan haberler listelendi!
2019-06-14 11:22:10.7600 INFO Veritabanýndan haberler listelendi!
2019-06-14 11:22:10.7760 INFO Veritabanýndan haberler listelendi!
2019-06-14 11:22:10.7760 INFO Veritabanýndan haberler listelendi!
2019-06-14 11:22:10.7760 INFO Veritabanýndan haberler listelendi!
2019-06-14 11:22:10.7760 INFO Veritabanýndan haberler listelendi!
2019-06-14 11:22:10.7760 INFO Veritabanýndan haberler listelendi!
2019-06-14 11:22:10.7760 INFO Haberler görüntülendi.
2019-06-14 11:22:41.3237 INFO Veritabanýna baðlantý baþarýlý!
2019-06-14 11:22:41.3237 INFO Baþladý
2019-06-14 11:22:41.3237 INFO Sayfa Yenilendi!
2019-06-14 11:22:41.3237 INFO Veritabanýna baðlantý baþarýlý!
2019-06-14 11:22:41.3237 INFO Baþladý
2019-06-14 11:22:41.6191 INFO Veritabanýndan arama yapýldý!
2019-06-14 11:22:41.6191 INFO Veritabanýndan arama yapýldý!
2019-06-14 11:22:41.6191 INFO Veritabanýndaki haber güncellendi!
2019-06-14 11:22:41.6191 INFO Veritabanýndaki haber güncellendi!
2019-06-14 11:22:41.6191 INFO Veritabanýndan arama yapýldý!
2019-06-14 11:22:41.6191 INFO Veritabanýndan arama yapýldý!
2019-06-14 11:22:41.6191 INFO Veritabanýndaki haber güncellendi!
2019-06-14 11:22:41.6191 INFO Veritabanýndaki haber güncellendi!
2019-06-14 11:22:41.6191 INFO Veritabanýndan arama yapýldý!
2019-06-14 11:22:41.6191 INFO Veritabanýndan arama yapýldý!
2019-06-14 11:22:41.6191 INFO Veritabanýndaki haber güncellendi!
2019-06-14 11:22:41.6351 INFO Veritabanýndaki haber güncellendi!
2019-06-14 11:22:41.6351 INFO Veritabanýndan arama yapýldý!
2019-06-14 11:22:41.6351 INFO Veritabanýndan arama yapýldý!
2019-06-14 11:22:41.6351 INFO Veritabanýndaki haber güncellendi!
2019-06-14 11:22:41.6351 INFO Veritabanýndaki haber güncellendi!
2019-06-14 11:22:41.6351 INFO Veritabanýndan arama yapýldý!
2019-06-14 11:22:41.6351 INFO Veritabanýndan arama yapýldý!
2019-06-14 11:22:41.6351 INFO Veritabanýndaki haber güncellendi!
2019-06-14 11:22:41.6351 INFO Veritabanýndaki haber güncellendi!
2019-06-14 11:22:41.6351 INFO Veritabanýndan arama yapýldý!
2019-06-14 11:22:41.6351 INFO Veritabanýndan arama yapýldý!
2019-06-14 11:22:41.6511 INFO Veritabanýndaki haber güncellendi!
2019-06-14 11:22:41.6511 INFO Veritabanýndaki haber güncellendi!
2019-06-14 11:22:41.6511 INFO Veritabanýndan arama yapýldý!
2019-06-14 11:22:41.6511 INFO Veritabanýndan arama yapýldý!
2019-06-14 11:22:41.6511 INFO Veritabanýndaki haber güncellendi!
2019-06-14 11:22:41.6511 INFO Veritabanýndaki haber güncellendi!
2019-06-14 11:22:41.6511 INFO Veritabanýndan arama yapýldý!
2019-06-14 11:22:41.6511 INFO Veritabanýndan arama yapýldý!
2019-06-14 11:22:41.6511 INFO Veritabanýndaki haber güncellendi!
2019-06-14 11:22:41.6511 INFO Veritabanýndaki haber güncellendi!
2019-06-14 11:22:41.6660 INFO Veritabanýndan arama yapýldý!
2019-06-14 11:22:41.6660 INFO Veritabanýndan arama yapýldý!
2019-06-14 11:22:41.6660 INFO Veritabanýndaki haber güncellendi!
2019-06-14 11:22:41.6660 INFO Veritabanýndaki haber güncellendi!
2019-06-14 11:22:41.6660 INFO Veritabanýndan arama yapýldý!
2019-06-14 11:22:41.6660 INFO Veritabanýndan arama yapýldý!
2019-06-14 11:22:41.6660 INFO Veritabanýndaki haber güncellendi!
2019-06-14 11:22:41.6660 INFO Veritabanýndaki haber güncellendi!
2019-06-14 11:22:41.6660 INFO Veritabanýndan arama yapýldý!
2019-06-14 11:22:41.6660 INFO Veritabanýndan arama yapýldý!
2019-06-14 11:22:41.6660 INFO Veritabanýndaki haber güncellendi!
2019-06-14 11:22:41.6820 INFO Veritabanýndaki haber güncellendi!
2019-06-14 11:22:41.6820 INFO Veritabanýndan arama yapýldý!
2019-06-14 11:22:41.6820 INFO Veritabanýndan arama yapýldý!
2019-06-14 11:22:41.6820 INFO Veritabanýndaki haber güncellendi!
2019-06-14 11:22:41.6820 INFO Veritabanýndaki haber güncellendi!
2019-06-14 11:22:41.6820 INFO Veritabanýndan arama yapýldý!
2019-06-14 11:22:41.6820 INFO Veritabanýndan arama yapýldý!
2019-06-14 11:22:41.6820 INFO Veritabanýndaki haber güncellendi!
2019-06-14 11:22:41.6820 INFO Veritabanýndaki haber güncellendi!
2019-06-14 11:22:41.6820 INFO Veritabanýndan arama yapýldý!
2019-06-14 11:22:41.6820 INFO Veritabanýndan arama yapýldý!
2019-06-14 11:22:41.6979 INFO Veritabanýndaki haber güncellendi!
2019-06-14 11:22:41.6979 INFO Veritabanýndaki haber güncellendi!
2019-06-14 11:22:41.6979 INFO Veritabanýndan arama yapýldý!
2019-06-14 11:22:41.6979 INFO Veritabanýndan arama yapýldý!
2019-06-14 11:22:41.6979 INFO Veritabanýndaki haber güncellendi!
2019-06-14 11:22:41.6979 INFO Veritabanýndaki haber güncellendi!
2019-06-14 11:22:41.6979 INFO Veritabanýndan arama yapýldý!
2019-06-14 11:22:41.6979 INFO Veritabanýndan arama yapýldý!
2019-06-14 11:22:41.7129 INFO Veritabanýndaki haber güncellendi!
2019-06-14 11:22:41.7129 INFO Veritabanýndaki haber güncellendi!
2019-06-14 11:22:41.7129 INFO Haberler RSS'den alýndý.
2019-06-14 11:22:41.7129 INFO Veritabanýndan haberler listelendi!
2019-06-14 11:22:41.7129 INFO Veritabanýndan haberler listelendi!
2019-06-14 11:22:41.7129 INFO Veritabanýndan haberler listelendi!
2019-06-14 11:22:41.7129 INFO Veritabanýndan haberler listelendi!
2019-06-14 11:22:41.7129 INFO Veritabanýndan haberler listelendi!
2019-06-14 11:22:41.7129 INFO Veritabanýndan haberler listelendi!
2019-06-14 11:22:41.7129 INFO Veritabanýndan haberler listelendi!
2019-06-14 11:22:41.7129 INFO Veritabanýndan haberler listelendi!
2019-06-14 11:22:41.7288 INFO Veritabanýndan haberler listelendi!
2019-06-14 11:22:41.7288 INFO Veritabanýndan haberler listelendi!
2019-06-14 11:22:41.7288 INFO Veritabanýndan haberler listelendi!
2019-06-14 11:22:41.7288 INFO Veritabanýndan haberler listelendi!
2019-06-14 11:22:41.7288 INFO Veritabanýndan haberler listelendi!
2019-06-14 11:22:41.7288 INFO Veritabanýndan haberler listelendi!
2019-06-14 11:22:41.7288 INFO Veritabanýndan haberler listelendi!
2019-06-14 11:22:41.7288 INFO Veritabanýndan haberler listelendi!
2019-06-14 11:22:41.7288 INFO Veritabanýndan haberler listelendi!
2019-06-14 11:22:41.7288 INFO Veritabanýndan haberler listelendi!
2019-06-14 11:22:41.7448 INFO Veritabanýndan haberler listelendi!
2019-06-14 11:22:41.7448 INFO Haberler görüntülendi.
2019-06-14 11:23:12.3219 INFO Veritabanýna baðlantý baþarýlý!
2019-06-14 11:23:12.3239 INFO Baþladý
2019-06-14 11:23:12.3239 INFO Sayfa Yenilendi!
2019-06-14 11:23:12.3239 INFO Veritabanýna baðlantý baþarýlý!
2019-06-14 11:23:12.3239 INFO Baþladý
2019-06-14 11:23:12.6959 INFO Veritabanýndan arama yapýldý!
2019-06-14 11:23:12.6959 INFO Veritabanýndan arama yapýldý!
2019-06-14 11:23:12.7009 INFO Veritabanýndaki haber güncellendi!
2019-06-14 11:23:12.7009 INFO Veritabanýndaki haber güncellendi!
2019-06-14 11:23:12.7009 INFO Veritabanýndan arama yapýldý!
2019-06-14 11:23:12.7009 INFO Veritabanýndan arama yapýldý!
2019-06-14 11:23:12.7009 INFO Veritabanýndaki haber güncellendi!
2019-06-14 11:23:12.7009 INFO Veritabanýndaki haber güncellendi!
2019-06-14 11:23:12.7009 INFO Veritabanýndan arama yapýldý!
2019-06-14 11:23:12.7138 INFO Veritabanýndan arama yapýldý!
2019-06-14 11:23:12.7138 INFO Veritabanýndaki haber güncellendi!
2019-06-14 11:23:12.7138 INFO Veritabanýndaki haber güncellendi!
2019-06-14 11:23:12.7138 INFO Veritabanýndan arama yapýldý!
2019-06-14 11:23:12.7138 INFO Veritabanýndan arama yapýldý!
2019-06-14 11:23:12.7138 INFO Veritabanýndaki haber güncellendi!
2019-06-14 11:23:12.7288 INFO Veritabanýndaki haber güncellendi!
2019-06-14 11:23:12.7288 INFO Veritabanýndan arama yapýldý!
2019-06-14 11:23:12.7288 INFO Veritabanýndan arama yapýldý!
2019-06-14 11:23:12.7288 INFO Veritabanýndaki haber güncellendi!
2019-06-14 11:23:12.7288 INFO Veritabanýndaki haber güncellendi!
2019-06-14 11:23:12.7288 INFO Veritabanýndan arama yapýldý!
2019-06-14 11:23:12.7288 INFO Veritabanýndan arama yapýldý!
2019-06-14 11:23:12.7288 INFO Veritabanýndaki haber güncellendi!
2019-06-14 11:23:12.7448 INFO Veritabanýndaki haber güncellendi!
2019-06-14 11:23:12.7448 INFO Veritabanýndan arama yapýldý!
2019-06-14 11:23:12.7448 INFO Veritabanýndan arama yapýldý!
2019-06-14 11:23:12.7448 INFO Veritabanýndaki haber güncellendi!
2019-06-14 11:23:12.7448 INFO Veritabanýndaki haber güncellendi!
2019-06-14 11:23:12.7448 INFO Veritabanýndan arama yapýldý!
2019-06-14 11:23:12.7448 INFO Veritabanýndan arama yapýldý!
2019-06-14 11:23:12.7448 INFO Veritabanýndaki haber güncellendi!
2019-06-14 11:23:12.7607 INFO Veritabanýndaki haber güncellendi!
2019-06-14 11:23:12.7607 INFO Veritabanýndan arama yapýldý!
2019-06-14 11:23:12.7607 INFO Veritabanýndan arama yapýldý!
2019-06-14 11:23:12.7607 INFO Veritabanýndaki haber güncellendi!
2019-06-14 11:23:12.7607 INFO Veritabanýndaki haber güncellendi!
2019-06-14 11:23:12.7607 INFO Veritabanýndan arama yapýldý!
2019-06-14 11:23:12.7607 INFO Veritabanýndan arama yapýldý!
2019-06-14 11:23:12.7767 INFO Veritabanýndaki haber güncellendi!
2019-06-14 11:23:12.7767 INFO Veritabanýndaki haber güncellendi!
2019-06-14 11:23:12.7767 INFO Veritabanýndan arama yapýldý!
2019-06-14 11:23:12.7767 INFO Veritabanýndan arama yapýldý!
2019-06-14 11:23:12.7767 INFO Veritabanýndaki haber güncellendi!
2019-06-14 11:23:12.7767 INFO Veritabanýndaki haber güncellendi!
2019-06-14 11:23:12.7767 INFO Veritabanýndan arama yapýldý!
2019-06-14 11:23:12.7767 INFO Veritabanýndan arama yapýldý!
2019-06-14 11:23:12.7926 INFO Veritabanýndaki haber güncellendi!
2019-06-14 11:23:12.7926 INFO Veritabanýndaki haber güncellendi!
2019-06-14 11:23:12.7926 INFO Veritabanýndan arama yapýldý!
2019-06-14 11:23:12.7926 INFO Veritabanýndan arama yapýldý!
2019-06-14 11:23:12.7926 INFO Veritabanýndaki haber güncellendi!
2019-06-14 11:23:12.7926 INFO Veritabanýndaki haber güncellendi!
2019-06-14 11:23:12.7926 INFO Veritabanýndan arama yapýldý!
2019-06-14 11:23:12.8086 INFO Veritabanýndan arama yapýldý!
2019-06-14 11:23:12.8086 INFO Veritabanýndaki haber güncellendi!
2019-06-14 11:23:12.8086 INFO Veritabanýndaki haber güncellendi!
2019-06-14 11:23:12.8086 INFO Veritabanýndan arama yapýldý!
2019-06-14 11:23:12.8086 INFO Veritabanýndan arama yapýldý!
2019-06-14 11:23:12.8086 INFO Veritabanýndaki haber güncellendi!
2019-06-14 11:23:12.8086 INFO Veritabanýndaki haber güncellendi!
2019-06-14 11:23:12.8245 INFO Veritabanýndan arama yapýldý!
2019-06-14 11:23:12.8245 INFO Veritabanýndan arama yapýldý!
2019-06-14 11:23:12.8245 INFO Veritabanýndaki haber güncellendi!
2019-06-14 11:23:12.8245 INFO Veritabanýndaki haber güncellendi!
2019-06-14 11:23:12.8245 INFO Haberler RSS'den alýndý.
2019-06-14 11:23:12.8245 INFO Veritabanýndan haberler listelendi!
2019-06-14 11:23:12.8245 INFO Veritabanýndan haberler listelendi!
2019-06-14 11:23:12.8245 INFO Veritabanýndan haberler listelendi!
2019-06-14 11:23:12.8245 INFO Veritabanýndan haberler listelendi!
2019-06-14 11:23:12.8245 INFO Veritabanýndan haberler listelendi!
2019-06-14 11:23:12.8395 INFO Veritabanýndan haberler listelendi!
2019-06-14 11:23:12.8395 INFO Veritabanýndan haberler listelendi!
2019-06-14 11:23:12.8395 INFO Veritabanýndan haberler listelendi!
2019-06-14 11:23:12.8395 INFO Veritabanýndan haberler listelendi!
2019-06-14 11:23:12.8395 INFO Veritabanýndan haberler listelendi!
2019-06-14 11:23:12.8395 INFO Veritabanýndan haberler listelendi!
2019-06-14 11:23:12.8395 INFO Veritabanýndan haberler listelendi!
2019-06-14 11:23:12.8395 INFO Veritabanýndan haberler listelendi!
2019-06-14 11:23:12.8395 INFO Veritabanýndan haberler listelendi!
2019-06-14 11:23:12.8395 INFO Veritabanýndan haberler listelendi!
2019-06-14 11:23:12.8545 INFO Veritabanýndan haberler listelendi!
2019-06-14 11:23:12.8545 INFO Veritabanýndan haberler listelendi!
2019-06-14 11:23:12.8545 INFO Veritabanýndan haberler listelendi!
2019-06-14 11:23:12.8545 INFO Veritabanýndan haberler listelendi!
2019-06-14 11:23:12.8545 INFO Haberler görüntülendi.
2019-06-14 11:23:43.3132 INFO Veritabanýna baðlantý baþarýlý!
2019-06-14 11:23:43.3132 INFO Baþladý
2019-06-14 11:23:43.3132 INFO Sayfa Yenilendi!
2019-06-14 11:23:43.3252 INFO Veritabanýna baðlantý baþarýlý!
2019-06-14 11:23:43.3252 INFO Baþladý
2019-06-14 11:23:43.5795 INFO Veritabanýndan arama yapýldý!
2019-06-14 11:23:43.5795 INFO Veritabanýndan arama yapýldý!
2019-06-14 11:23:43.5795 INFO Veritabanýndaki haber güncellendi!
2019-06-14 11:23:43.5795 INFO Veritabanýndaki haber güncellendi!
2019-06-14 11:23:43.5795 INFO Veritabanýndan arama yapýldý!
2019-06-14 11:23:43.5885 INFO Veritabanýndan arama yapýldý!
2019-06-14 11:23:43.5885 INFO Veritabanýndaki haber güncellendi!
2019-06-14 11:23:43.5885 INFO Veritabanýndaki haber güncellendi!
2019-06-14 11:23:43.5885 INFO Veritabanýndan arama yapýldý!
2019-06-14 11:23:43.5885 INFO Veritabanýndan arama yapýldý!
2019-06-14 11:23:43.5885 INFO Veritabanýndaki haber güncellendi!
2019-06-14 11:23:43.5885 INFO Veritabanýndaki haber güncellendi!
2019-06-14 11:23:43.5885 INFO Veritabanýndan arama yapýldý!
2019-06-14 11:23:43.5885 INFO Veritabanýndan arama yapýldý!
2019-06-14 11:23:43.5885 INFO Veritabanýndaki haber güncellendi!
2019-06-14 11:23:43.6044 INFO Veritabanýndaki haber güncellendi!
2019-06-14 11:23:43.6044 INFO Veritabanýndan arama yapýldý!
2019-06-14 11:23:43.6044 INFO Veritabanýndan arama yapýldý!
2019-06-14 11:23:43.6044 INFO Veritabanýndaki haber güncellendi!
2019-06-14 11:23:43.6044 INFO Veritabanýndaki haber güncellendi!
2019-06-14 11:23:43.6194 INFO Veritabanýndan arama yapýldý!
2019-06-14 11:23:43.6194 INFO Veritabanýndan arama yapýldý!
2019-06-14 11:23:43.6194 INFO Veritabanýndaki haber güncellendi!
2019-06-14 11:23:43.6194 INFO Veritabanýndaki haber güncellendi!
2019-06-14 11:23:43.6194 INFO Veritabanýndan arama yapýldý!
2019-06-14 11:23:43.6194 INFO Veritabanýndan arama yapýldý!
2019-06-14 11:23:43.6194 INFO Veritabanýndaki haber güncellendi!
2019-06-14 11:23:43.6194 INFO Veritabanýndaki haber güncellendi!
2019-06-14 11:23:43.6194 INFO Veritabanýndan arama yapýldý!
2019-06-14 11:23:43.6353 INFO Veritabanýndan arama yapýldý!
2019-06-14 11:23:43.6353 INFO Veritabanýndaki haber güncellendi!
2019-06-14 11:23:43.6353 INFO Veritabanýndaki haber güncellendi!
2019-06-14 11:23:43.6353 INFO Veritabanýndan arama yapýldý!
2019-06-14 11:23:43.6353 INFO Veritabanýndan arama yapýldý!
2019-06-14 11:23:43.6353 INFO Veritabanýndaki haber güncellendi!
2019-06-14 11:23:43.6353 INFO Veritabanýndaki haber güncellendi!
2019-06-14 11:23:43.6353 INFO Veritabanýndan arama yapýldý!
2019-06-14 11:23:43.6353 INFO Veritabanýndan arama yapýldý!
2019-06-14 11:23:43.6523 INFO Veritabanýndaki haber güncellendi!
2019-06-14 11:23:43.6523 INFO Veritabanýndaki haber güncellendi!
2019-06-14 11:23:43.6523 INFO Veritabanýndan arama yapýldý!
2019-06-14 11:23:43.6523 INFO Veritabanýndan arama yapýldý!
2019-06-14 11:23:43.6523 INFO Veritabanýndaki haber güncellendi!
2019-06-14 11:23:43.6523 INFO Veritabanýndaki haber güncellendi!
2019-06-14 11:23:43.6523 INFO Veritabanýndan arama yapýldý!
2019-06-14 11:23:43.6673 INFO Veritabanýndan arama yapýldý!
2019-06-14 11:23:43.6673 INFO Veritabanýndaki haber güncellendi!
2019-06-14 11:23:43.6673 INFO Veritabanýndaki haber güncellendi!
2019-06-14 11:23:43.6673 INFO Veritabanýndan arama yapýldý!
2019-06-14 11:23:43.6673 INFO Veritabanýndan arama yapýldý!
2019-06-14 11:23:43.6673 INFO Veritabanýndaki haber güncellendi!
2019-06-14 11:23:43.6673 INFO Veritabanýndaki haber güncellendi!
2019-06-14 11:23:43.6673 INFO Veritabanýndan arama yapýldý!
2019-06-14 11:23:43.6673 INFO Veritabanýndan arama yapýldý!
2019-06-14 11:23:43.6673 INFO Veritabanýndaki haber güncellendi!
2019-06-14 11:23:43.6832 INFO Veritabanýndaki haber güncellendi!
2019-06-14 11:23:43.6832 INFO Veritabanýndan arama yapýldý!
2019-06-14 11:23:43.6832 INFO Veritabanýndan arama yapýldý!
2019-06-14 11:23:43.6832 INFO Veritabanýndaki haber güncellendi!
2019-06-14 11:23:43.6832 INFO Veritabanýndaki haber güncellendi!
2019-06-14 11:23:43.6832 INFO Haberler RSS'den alýndý.
2019-06-14 11:23:43.6832 INFO Veritabanýndan haberler listelendi!
2019-06-14 11:23:43.6832 INFO Veritabanýndan haberler listelendi!
2019-06-14 11:23:43.6832 INFO Veritabanýndan haberler listelendi!
2019-06-14 11:23:43.6832 INFO Veritabanýndan haberler listelendi!
2019-06-14 11:23:43.6832 INFO Veritabanýndan haberler listelendi!
2019-06-14 11:23:43.7002 INFO Veritabanýndan haberler listelendi!
2019-06-14 11:23:43.7002 INFO Veritabanýndan haberler listelendi!
2019-06-14 11:23:43.7002 INFO Veritabanýndan haberler listelendi!
2019-06-14 11:23:43.7002 INFO Veritabanýndan haberler listelendi!
2019-06-14 11:23:43.7002 INFO Veritabanýndan haberler listelendi!
2019-06-14 11:23:43.7002 INFO Veritabanýndan haberler listelendi!
2019-06-14 11:23:43.7002 INFO Veritabanýndan haberler listelendi!
2019-06-14 11:23:43.7002 INFO Veritabanýndan haberler listelendi!
2019-06-14 11:23:43.7002 INFO Veritabanýndan haberler listelendi!
2019-06-14 11:23:43.7131 INFO Veritabanýndan haberler listelendi!
2019-06-14 11:23:43.7131 INFO Veritabanýndan haberler listelendi!
2019-06-14 11:23:43.7131 INFO Veritabanýndan haberler listelendi!
2019-06-14 11:23:43.7131 INFO Veritabanýndan haberler listelendi!
2019-06-14 11:23:43.7311 INFO Veritabanýndan haberler listelendi!
2019-06-14 11:23:43.7311 INFO Haberler görüntülendi.
2019-06-14 11:24:14.3189 INFO Veritabanýna baðlantý baþarýlý!
2019-06-14 11:24:14.3189 INFO Baþladý
2019-06-14 11:24:14.3229 INFO Sayfa Yenilendi!
2019-06-14 11:24:14.3229 INFO Veritabanýna baðlantý baþarýlý!
2019-06-14 11:24:14.3229 INFO Baþladý
2019-06-14 11:24:14.5673 INFO Veritabanýndan arama yapýldý!
2019-06-14 11:24:14.5673 INFO Veritabanýndan arama yapýldý!
2019-06-14 11:24:14.5673 INFO Veritabanýndaki haber güncellendi!
2019-06-14 11:24:14.5733 INFO Veritabanýndaki haber güncellendi!
2019-06-14 11:24:14.5733 INFO Veritabanýndan arama yapýldý!
2019-06-14 11:24:14.5733 INFO Veritabanýndan arama yapýldý!
2019-06-14 11:24:14.5733 INFO Veritabanýndaki haber güncellendi!
2019-06-14 11:24:14.5733 INFO Veritabanýndaki haber güncellendi!
2019-06-14 11:24:14.5733 INFO Veritabanýndan arama yapýldý!
2019-06-14 11:24:14.5733 INFO Veritabanýndan arama yapýldý!
2019-06-14 11:24:14.5733 INFO Veritabanýndaki haber güncellendi!
2019-06-14 11:24:14.5892 INFO Veritabanýndaki haber güncellendi!
2019-06-14 11:24:14.5892 INFO Veritabanýndan arama yapýldý!
2019-06-14 11:24:14.5892 INFO Veritabanýndan arama yapýldý!
2019-06-14 11:24:14.5892 INFO Veritabanýndaki haber güncellendi!
2019-06-14 11:24:14.5892 INFO Veritabanýndaki haber güncellendi!
2019-06-14 11:24:14.5892 INFO Veritabanýndan arama yapýldý!
2019-06-14 11:24:14.5892 INFO Veritabanýndan arama yapýldý!
2019-06-14 11:24:14.6042 INFO Veritabanýndaki haber güncellendi!
2019-06-14 11:24:14.6042 INFO Veritabanýndaki haber güncellendi!
2019-06-14 11:24:14.6042 INFO Veritabanýndan arama yapýldý!
2019-06-14 11:24:14.6042 INFO Veritabanýndan arama yapýldý!
2019-06-14 11:24:14.6042 INFO Veritabanýndaki haber güncellendi!
2019-06-14 11:24:14.6042 INFO Veritabanýndaki haber güncellendi!
2019-06-14 11:24:14.6042 INFO Veritabanýndan arama yapýldý!
2019-06-14 11:24:14.6042 INFO Veritabanýndan arama yapýldý!
2019-06-14 11:24:14.6221 INFO Veritabanýndaki haber güncellendi!
2019-06-14 11:24:14.6221 INFO Veritabanýndaki haber güncellendi!
2019-06-14 11:24:14.6221 INFO Veritabanýndan arama yapýldý!
2019-06-14 11:24:14.6221 INFO Veritabanýndan arama yapýldý!
2019-06-14 11:24:14.6221 INFO Veritabanýndaki haber güncellendi!
2019-06-14 11:24:14.6221 INFO Veritabanýndaki haber güncellendi!
2019-06-14 11:24:14.6221 INFO Veritabanýndan arama yapýldý!
2019-06-14 11:24:14.6361 INFO Veritabanýndan arama yapýldý!
2019-06-14 11:24:14.6361 INFO Veritabanýndaki haber güncellendi!
2019-06-14 11:24:14.6361 INFO Veritabanýndaki haber güncellendi!
2019-06-14 11:24:14.6361 INFO Veritabanýndan arama yapýldý!
2019-06-14 11:24:14.6361 INFO Veritabanýndan arama yapýldý!
2019-06-14 11:24:14.6361 INFO Veritabanýndaki haber güncellendi!
2019-06-14 11:24:14.6510 INFO Veritabanýndaki haber güncellendi!
2019-06-14 11:24:14.6510 INFO Veritabanýndan arama yapýldý!
2019-06-14 11:24:14.6510 INFO Veritabanýndan arama yapýldý!
2019-06-14 11:24:14.6510 INFO Veritabanýndaki haber güncellendi!
2019-06-14 11:24:14.6510 INFO Veritabanýndaki haber güncellendi!
2019-06-14 11:24:14.6510 INFO Veritabanýndan arama yapýldý!
2019-06-14 11:24:14.6670 INFO Veritabanýndan arama yapýldý!
2019-06-14 11:24:14.6670 INFO Veritabanýndaki haber güncellendi!
2019-06-14 11:24:14.6670 INFO Veritabanýndaki haber güncellendi!
2019-06-14 11:24:14.6670 INFO Veritabanýndan arama yapýldý!
2019-06-14 11:24:14.6670 INFO Veritabanýndan arama yapýldý!
2019-06-14 11:24:14.6670 INFO Veritabanýndaki haber güncellendi!
2019-06-14 11:24:14.6670 INFO Veritabanýndaki haber güncellendi!
2019-06-14 11:24:14.6850 INFO Veritabanýndan arama yapýldý!
2019-06-14 11:24:14.6850 INFO Veritabanýndan arama yapýldý!
2019-06-14 11:24:14.6850 INFO Veritabanýndaki haber güncellendi!
2019-06-14 11:24:14.6850 INFO Veritabanýndaki haber güncellendi!
2019-06-14 11:24:14.6850 INFO Veritabanýndan arama yapýldý!
2019-06-14 11:24:14.6850 INFO Veritabanýndan arama yapýldý!
2019-06-14 11:24:14.6989 INFO Veritabanýndaki haber güncellendi!
2019-06-14 11:24:14.6989 INFO Veritabanýndaki haber güncellendi!
2019-06-14 11:24:14.6989 INFO Haberler RSS'den alýndý.
2019-06-14 11:24:14.6989 INFO Veritabanýndan haberler listelendi!
2019-06-14 11:24:14.6989 INFO Veritabanýndan haberler listelendi!
2019-06-14 11:24:14.6989 INFO Veritabanýndan haberler listelendi!
2019-06-14 11:24:14.6989 INFO Veritabanýndan haberler listelendi!
2019-06-14 11:24:14.6989 INFO Veritabanýndan haberler listelendi!
2019-06-14 11:24:14.6989 INFO Veritabanýndan haberler listelendi!
2019-06-14 11:24:14.6989 INFO Veritabanýndan haberler listelendi!
2019-06-14 11:24:14.6989 INFO Veritabanýndan haberler listelendi!
2019-06-14 11:24:14.7139 INFO Veritabanýndan haberler listelendi!
2019-06-14 11:24:14.7139 INFO Veritabanýndan haberler listelendi!
2019-06-14 11:24:14.7139 INFO Veritabanýndan haberler listelendi!
2019-06-14 11:24:14.7139 INFO Veritabanýndan haberler listelendi!
2019-06-14 11:24:14.7139 INFO Veritabanýndan haberler listelendi!
2019-06-14 11:24:14.7139 INFO Veritabanýndan haberler listelendi!
2019-06-14 11:24:14.7139 INFO Veritabanýndan haberler listelendi!
2019-06-14 11:24:14.7139 INFO Veritabanýndan haberler listelendi!
2019-06-14 11:24:14.7139 INFO Veritabanýndan haberler listelendi!
2019-06-14 11:24:14.7319 INFO Veritabanýndan haberler listelendi!
2019-06-14 11:24:14.7319 INFO Veritabanýndan haberler listelendi!
2019-06-14 11:24:14.7319 INFO Haberler görüntülendi.
2019-06-14 11:24:45.3177 INFO Veritabanýna baðlantý baþarýlý!
2019-06-14 11:24:45.3177 INFO Baþladý
2019-06-14 11:24:45.3177 INFO Sayfa Yenilendi!
2019-06-14 11:24:45.3297 INFO Veritabanýna baðlantý baþarýlý!
2019-06-14 11:24:45.3297 INFO Baþladý
2019-06-14 11:24:45.5373 INFO Veritabanýndan arama yapýldý!
2019-06-14 11:24:45.5373 INFO Veritabanýndan arama yapýldý!
2019-06-14 11:24:45.5373 INFO Veritabanýndaki haber güncellendi!
2019-06-14 11:24:45.5423 INFO Veritabanýndaki haber güncellendi!
2019-06-14 11:24:45.5423 INFO Veritabanýndan arama yapýldý!
2019-06-14 11:24:45.5423 INFO Veritabanýndan arama yapýldý!
2019-06-14 11:24:45.5423 INFO Veritabanýndaki haber güncellendi!
2019-06-14 11:24:45.5423 INFO Veritabanýndaki haber güncellendi!
2019-06-14 11:24:45.5423 INFO Veritabanýndan arama yapýldý!
2019-06-14 11:24:45.5423 INFO Veritabanýndan arama yapýldý!
2019-06-14 11:24:45.5423 INFO Veritabanýndaki haber güncellendi!
2019-06-14 11:24:45.5423 INFO Veritabanýndaki haber güncellendi!
2019-06-14 11:24:45.5583 INFO Veritabanýndan arama yapýldý!
2019-06-14 11:24:45.5583 INFO Veritabanýndan arama yapýldý!
2019-06-14 11:24:45.5583 INFO Veritabanýndaki haber güncellendi!
2019-06-14 11:24:45.5583 INFO Veritabanýndaki haber güncellendi!
2019-06-14 11:24:45.5583 INFO Veritabanýndan arama yapýldý!
2019-06-14 11:24:45.5583 INFO Veritabanýndan arama yapýldý!
2019-06-14 11:24:45.5583 INFO Veritabanýndaki haber güncellendi!
2019-06-14 11:24:45.5583 INFO Veritabanýndaki haber güncellendi!
2019-06-14 11:24:45.5583 INFO Veritabanýndan arama yapýldý!
2019-06-14 11:24:45.5732 INFO Veritabanýndan arama yapýldý!
2019-06-14 11:24:45.5732 INFO Veritabanýndaki haber güncellendi!
2019-06-14 11:24:45.5732 INFO Veritabanýndaki haber güncellendi!
2019-06-14 11:24:45.5732 INFO Veritabanýndan arama yapýldý!
2019-06-14 11:24:45.5732 INFO Veritabanýndan arama yapýldý!
2019-06-14 11:24:45.5732 INFO Veritabanýndaki haber güncellendi!
2019-06-14 11:24:45.5732 INFO Veritabanýndaki haber güncellendi!
2019-06-14 11:24:45.5732 INFO Veritabanýndan arama yapýldý!
2019-06-14 11:24:45.5732 INFO Veritabanýndan arama yapýldý!
2019-06-14 11:24:45.5892 INFO Veritabanýndaki haber güncellendi!
2019-06-14 11:24:45.5892 INFO Veritabanýndaki haber güncellendi!
2019-06-14 11:24:45.5892 INFO Veritabanýndan arama yapýldý!
2019-06-14 11:24:45.5892 INFO Veritabanýndan arama yapýldý!
2019-06-14 11:24:45.5892 INFO Veritabanýndaki haber güncellendi!
2019-06-14 11:24:45.5892 INFO Veritabanýndaki haber güncellendi!
2019-06-14 11:24:45.5892 INFO Veritabanýndan arama yapýldý!
2019-06-14 11:24:45.5892 INFO Veritabanýndan arama yapýldý!
2019-06-14 11:24:45.5892 INFO Veritabanýndaki haber güncellendi!
2019-06-14 11:24:45.5892 INFO Veritabanýndaki haber güncellendi!
2019-06-14 11:24:45.6052 INFO Veritabanýndan arama yapýldý!
2019-06-14 11:24:45.6052 INFO Veritabanýndan arama yapýldý!
2019-06-14 11:24:45.6052 INFO Veritabanýndaki haber güncellendi!
2019-06-14 11:24:45.6052 INFO Veritabanýndaki haber güncellendi!
2019-06-14 11:24:45.6052 INFO Veritabanýndan arama yapýldý!
2019-06-14 11:24:45.6052 INFO Veritabanýndan arama yapýldý!
2019-06-14 11:24:45.6052 INFO Veritabanýndaki haber güncellendi!
2019-06-14 11:24:45.6052 INFO Veritabanýndaki haber güncellendi!
2019-06-14 11:24:45.6211 INFO Veritabanýndan arama yapýldý!
2019-06-14 11:24:45.6211 INFO Veritabanýndan arama yapýldý!
2019-06-14 11:24:45.6211 INFO Veritabanýndaki haber güncellendi!
2019-06-14 11:24:45.6211 INFO Veritabanýndaki haber güncellendi!
2019-06-14 11:24:45.6211 INFO Veritabanýndan arama yapýldý!
2019-06-14 11:24:45.6211 INFO Veritabanýndan arama yapýldý!
2019-06-14 11:24:45.6211 INFO Veritabanýndaki haber güncellendi!
2019-06-14 11:24:45.6211 INFO Veritabanýndaki haber güncellendi!
2019-06-14 11:24:45.6211 INFO Veritabanýndan arama yapýldý!
2019-06-14 11:24:45.6371 INFO Veritabanýndan arama yapýldý!
2019-06-14 11:24:45.6371 INFO Veritabanýndaki haber güncellendi!
2019-06-14 11:24:45.6371 INFO Veritabanýndaki haber güncellendi!
2019-06-14 11:24:45.6371 INFO Haberler RSS'den alýndý.
2019-06-14 11:24:45.6371 INFO Veritabanýndan haberler listelendi!
2019-06-14 11:24:45.6371 INFO Veritabanýndan haberler listelendi!
2019-06-14 11:24:45.6371 INFO Veritabanýndan haberler listelendi!
2019-06-14 11:24:45.6371 INFO Veritabanýndan haberler listelendi!
2019-06-14 11:24:45.6371 INFO Veritabanýndan haberler listelendi!
2019-06-14 11:24:45.6371 INFO Veritabanýndan haberler listelendi!
2019-06-14 11:24:45.6520 INFO Veritabanýndan haberler listelendi!
2019-06-14 11:24:45.6520 INFO Veritabanýndan haberler listelendi!
2019-06-14 11:24:45.6520 INFO Veritabanýndan haberler listelendi!
2019-06-14 11:24:45.6520 INFO Veritabanýndan haberler listelendi!
2019-06-14 11:24:45.6520 INFO Veritabanýndan haberler listelendi!
2019-06-14 11:24:45.6520 INFO Veritabanýndan haberler listelendi!
2019-06-14 11:24:45.6520 INFO Veritabanýndan haberler listelendi!
2019-06-14 11:24:45.6520 INFO Veritabanýndan haberler listelendi!
2019-06-14 11:24:45.6520 INFO Veritabanýndan haberler listelendi!
2019-06-14 11:24:45.6520 INFO Veritabanýndan haberler listelendi!
2019-06-14 11:24:45.6520 INFO Veritabanýndan haberler listelendi!
2019-06-14 11:24:45.6520 INFO Veritabanýndan haberler listelendi!
2019-06-14 11:24:45.6670 INFO Veritabanýndan haberler listelendi!
2019-06-14 11:24:45.6670 INFO Haberler görüntülendi.
2019-06-14 11:25:16.3108 INFO Veritabanýna baðlantý baþarýlý!
2019-06-14 11:25:16.3108 INFO Baþladý
2019-06-14 11:25:16.3108 INFO Sayfa Yenilendi!
2019-06-14 11:25:16.3108 INFO Veritabanýna baðlantý baþarýlý!
2019-06-14 11:25:16.3248 INFO Baþladý
2019-06-14 11:25:16.5781 INFO Veritabanýndan arama yapýldý!
2019-06-14 11:25:16.5781 INFO Veritabanýndan arama yapýldý!
2019-06-14 11:25:16.5781 INFO Veritabanýndaki haber güncellendi!
2019-06-14 11:25:16.5781 INFO Veritabanýndaki haber güncellendi!
2019-06-14 11:25:16.5781 INFO Veritabanýndan arama yapýldý!
2019-06-14 11:25:16.5901 INFO Veritabanýndan arama yapýldý!
2019-06-14 11:25:16.5901 INFO Veritabanýndaki haber güncellendi!
2019-06-14 11:25:16.5901 INFO Veritabanýndaki haber güncellendi!
2019-06-14 11:25:16.5901 INFO Veritabanýndan arama yapýldý!
2019-06-14 11:25:16.5901 INFO Veritabanýndan arama yapýldý!
2019-06-14 11:25:16.5901 INFO Veritabanýndaki haber güncellendi!
2019-06-14 11:25:16.5901 INFO Veritabanýndaki haber güncellendi!
2019-06-14 11:25:16.6060 INFO Veritabanýndan arama yapýldý!
2019-06-14 11:25:16.6060 INFO Veritabanýndan arama yapýldý!
2019-06-14 11:25:16.6060 INFO Veritabanýndaki haber güncellendi!
2019-06-14 11:25:16.6060 INFO Veritabanýndaki haber güncellendi!
2019-06-14 11:25:16.6060 INFO Veritabanýndan arama yapýldý!
2019-06-14 11:25:16.6060 INFO Veritabanýndan arama yapýldý!
2019-06-14 11:25:16.6210 INFO Veritabanýndaki haber güncellendi!
2019-06-14 11:25:16.6210 INFO Veritabanýndaki haber güncellendi!
2019-06-14 11:25:16.6210 INFO Veritabanýndan arama yapýldý!
2019-06-14 11:25:16.6210 INFO Veritabanýndan arama yapýldý!
2019-06-14 11:25:16.6210 INFO Veritabanýndaki haber güncellendi!
2019-06-14 11:25:16.6210 INFO Veritabanýndaki haber güncellendi!
2019-06-14 11:25:16.6210 INFO Veritabanýndan arama yapýldý!
2019-06-14 11:25:16.6369 INFO Veritabanýndan arama yapýldý!
2019-06-14 11:25:16.6369 INFO Veritabanýndaki haber güncellendi!
2019-06-14 11:25:16.6369 INFO Veritabanýndaki haber güncellendi!
2019-06-14 11:25:16.6369 INFO Veritabanýndan arama yapýldý!
2019-06-14 11:25:16.6369 INFO Veritabanýndan arama yapýldý!
2019-06-14 11:25:16.6519 INFO Veritabanýndaki haber güncellendi!
2019-06-14 11:25:16.6519 INFO Veritabanýndaki haber güncellendi!
2019-06-14 11:25:16.6519 INFO Veritabanýndan arama yapýldý!
2019-06-14 11:25:16.6519 INFO Veritabanýndan arama yapýldý!
2019-06-14 11:25:16.6519 INFO Veritabanýndaki haber güncellendi!
2019-06-14 11:25:16.6519 INFO Veritabanýndaki haber güncellendi!
2019-06-14 11:25:16.6519 INFO Veritabanýndan arama yapýldý!
2019-06-14 11:25:16.6668 INFO Veritabanýndan arama yapýldý!
2019-06-14 11:25:16.6668 INFO Veritabanýndaki haber güncellendi!
2019-06-14 11:25:16.6668 INFO Veritabanýndaki haber güncellendi!
2019-06-14 11:25:16.6668 INFO Veritabanýndan arama yapýldý!
2019-06-14 11:25:16.6668 INFO Veritabanýndan arama yapýldý!
2019-06-14 11:25:16.6668 INFO Veritabanýndaki haber güncellendi!
2019-06-14 11:25:16.6668 INFO Veritabanýndaki haber güncellendi!
2019-06-14 11:25:16.6828 INFO Veritabanýndan arama yapýldý!
2019-06-14 11:25:16.6828 INFO Veritabanýndan arama yapýldý!
2019-06-14 11:25:16.6828 INFO Veritabanýndaki haber güncellendi!
2019-06-14 11:25:16.6828 INFO Veritabanýndaki haber güncellendi!
2019-06-14 11:25:16.6828 INFO Veritabanýndan arama yapýldý!
2019-06-14 11:25:16.6828 INFO Veritabanýndan arama yapýldý!
2019-06-14 11:25:16.6828 INFO Veritabanýndaki haber güncellendi!
2019-06-14 11:25:16.6828 INFO Veritabanýndaki haber güncellendi!
2019-06-14 11:25:16.6998 INFO Veritabanýndan arama yapýldý!
2019-06-14 11:25:16.6998 INFO Veritabanýndan arama yapýldý!
2019-06-14 11:25:16.6998 INFO Veritabanýndaki haber güncellendi!
2019-06-14 11:25:16.6998 INFO Veritabanýndaki haber güncellendi!
2019-06-14 11:25:16.6998 INFO Veritabanýndan arama yapýldý!
2019-06-14 11:25:16.6998 INFO Veritabanýndan arama yapýldý!
2019-06-14 11:25:16.6998 INFO Veritabanýndaki haber güncellendi!
2019-06-14 11:25:16.7147 INFO Veritabanýndaki haber güncellendi!
2019-06-14 11:25:16.7147 INFO Haberler RSS'den alýndý.
2019-06-14 11:25:16.7147 INFO Veritabanýndan haberler listelendi!
2019-06-14 11:25:16.7147 INFO Veritabanýndan haberler listelendi!
2019-06-14 11:25:16.7147 INFO Veritabanýndan haberler listelendi!
2019-06-14 11:25:16.7147 INFO Veritabanýndan haberler listelendi!
2019-06-14 11:25:16.7147 INFO Veritabanýndan haberler listelendi!
2019-06-14 11:25:16.7147 INFO Veritabanýndan haberler listelendi!
2019-06-14 11:25:16.7147 INFO Veritabanýndan haberler listelendi!
2019-06-14 11:25:16.7147 INFO Veritabanýndan haberler listelendi!
2019-06-14 11:25:16.7147 INFO Veritabanýndan haberler listelendi!
2019-06-14 11:25:16.7147 INFO Veritabanýndan haberler listelendi!
2019-06-14 11:25:16.7147 INFO Veritabanýndan haberler listelendi!
2019-06-14 11:25:16.7307 INFO Veritabanýndan haberler listelendi!
2019-06-14 11:25:16.7307 INFO Veritabanýndan haberler listelendi!
2019-06-14 11:25:16.7307 INFO Veritabanýndan haberler listelendi!
2019-06-14 11:25:16.7307 INFO Veritabanýndan haberler listelendi!
2019-06-14 11:25:16.7307 INFO Veritabanýndan haberler listelendi!
2019-06-14 11:25:16.7307 INFO Veritabanýndan haberler listelendi!
2019-06-14 11:25:16.7307 INFO Veritabanýndan haberler listelendi!
2019-06-14 11:25:16.7307 INFO Veritabanýndan haberler listelendi!
2019-06-14 11:25:16.7456 INFO Haberler görüntülendi.
2019-06-14 11:25:47.3100 INFO Veritabanýna baðlantý baþarýlý!
2019-06-14 11:25:47.3100 INFO Baþladý
2019-06-14 11:25:47.3100 INFO Sayfa Yenilendi!
2019-06-14 11:25:47.3100 INFO Veritabanýna baðlantý baþarýlý!
2019-06-14 11:25:47.3100 INFO Baþladý
2019-06-14 11:25:47.5785 INFO Veritabanýndan arama yapýldý!
2019-06-14 11:25:47.5785 INFO Veritabanýndan arama yapýldý!
2019-06-14 11:25:47.5785 INFO Veritabanýndaki haber güncellendi!
2019-06-14 11:25:47.5785 INFO Veritabanýndaki haber güncellendi!
2019-06-14 11:25:47.5785 INFO Veritabanýndan arama yapýldý!
2019-06-14 11:25:47.5785 INFO Veritabanýndan arama yapýldý!
2019-06-14 11:25:47.5895 INFO Veritabanýndaki haber güncellendi!
2019-06-14 11:25:47.5895 INFO Veritabanýndaki haber güncellendi!
2019-06-14 11:25:47.5895 INFO Veritabanýndan arama yapýldý!
2019-06-14 11:25:47.5895 INFO Veritabanýndan arama yapýldý!
2019-06-14 11:25:47.5895 INFO Veritabanýndaki haber güncellendi!
2019-06-14 11:25:47.5895 INFO Veritabanýndaki haber güncellendi!
2019-06-14 11:25:47.5895 INFO Veritabanýndan arama yapýldý!
2019-06-14 11:25:47.5895 INFO Veritabanýndan arama yapýldý!
2019-06-14 11:25:47.5895 INFO Veritabanýndaki haber güncellendi!
2019-06-14 11:25:47.6045 INFO Veritabanýndaki haber güncellendi!
2019-06-14 11:25:47.6045 INFO Veritabanýndan arama yapýldý!
2019-06-14 11:25:47.6045 INFO Veritabanýndan arama yapýldý!
2019-06-14 11:25:47.6045 INFO Veritabanýndaki haber güncellendi!
2019-06-14 11:25:47.6045 INFO Veritabanýndaki haber güncellendi!
2019-06-14 11:25:47.6045 INFO Veritabanýndan arama yapýldý!
2019-06-14 11:25:47.6045 INFO Veritabanýndan arama yapýldý!
2019-06-14 11:25:47.6045 INFO Veritabanýndaki haber güncellendi!
2019-06-14 11:25:47.6045 INFO Veritabanýndaki haber güncellendi!
2019-06-14 11:25:47.6214 INFO Veritabanýndan arama yapýldý!
2019-06-14 11:25:47.6214 INFO Veritabanýndan arama yapýldý!
2019-06-14 11:25:47.6214 INFO Veritabanýndaki haber güncellendi!
2019-06-14 11:25:47.6214 INFO Veritabanýndaki haber güncellendi!
2019-06-14 11:25:47.6214 INFO Veritabanýndan arama yapýldý!
2019-06-14 11:25:47.6214 INFO Veritabanýndan arama yapýldý!
2019-06-14 11:25:47.6214 INFO Veritabanýndaki haber güncellendi!
2019-06-14 11:25:47.6214 INFO Veritabanýndaki haber güncellendi!
2019-06-14 11:25:47.6364 INFO Veritabanýndan arama yapýldý!
2019-06-14 11:25:47.6364 INFO Veritabanýndan arama yapýldý!
2019-06-14 11:25:47.6364 INFO Veritabanýndaki haber güncellendi!
2019-06-14 11:25:47.6364 INFO Veritabanýndaki haber güncellendi!
2019-06-14 11:25:47.6364 INFO Veritabanýndan arama yapýldý!
2019-06-14 11:25:47.6364 INFO Veritabanýndan arama yapýldý!
2019-06-14 11:25:47.6364 INFO Veritabanýndaki haber güncellendi!
2019-06-14 11:25:47.6364 INFO Veritabanýndaki haber güncellendi!
2019-06-14 11:25:47.6513 INFO Veritabanýndan arama yapýldý!
2019-06-14 11:25:47.6513 INFO Veritabanýndan arama yapýldý!
2019-06-14 11:25:47.6513 INFO Veritabanýndaki haber güncellendi!
2019-06-14 11:25:47.6513 INFO Veritabanýndaki haber güncellendi!
2019-06-14 11:25:47.6513 INFO Veritabanýndan arama yapýldý!
2019-06-14 11:25:47.6513 INFO Veritabanýndan arama yapýldý!
2019-06-14 11:25:47.6513 INFO Veritabanýndaki haber güncellendi!
2019-06-14 11:25:47.6513 INFO Veritabanýndaki haber güncellendi!
2019-06-14 11:25:47.6513 INFO Veritabanýndan arama yapýldý!
2019-06-14 11:25:47.6513 INFO Veritabanýndan arama yapýldý!
2019-06-14 11:25:47.6513 INFO Veritabanýndaki haber güncellendi!
2019-06-14 11:25:47.6513 INFO Veritabanýndaki haber güncellendi!
2019-06-14 11:25:47.6673 INFO Veritabanýndan arama yapýldý!
2019-06-14 11:25:47.6673 INFO Veritabanýndan arama yapýldý!
2019-06-14 11:25:47.6673 INFO Veritabanýndaki haber güncellendi!
2019-06-14 11:25:47.6673 INFO Veritabanýndaki haber güncellendi!
2019-06-14 11:25:47.6673 INFO Veritabanýndan arama yapýldý!
2019-06-14 11:25:47.6673 INFO Veritabanýndan arama yapýldý!
2019-06-14 11:25:47.6673 INFO Veritabanýndaki haber güncellendi!
2019-06-14 11:25:47.6673 INFO Veritabanýndaki haber güncellendi!
2019-06-14 11:25:47.6673 INFO Haberler RSS'den alýndý.
2019-06-14 11:25:47.6673 INFO Veritabanýndan haberler listelendi!
2019-06-14 11:25:47.6673 INFO Veritabanýndan haberler listelendi!
2019-06-14 11:25:47.6673 INFO Veritabanýndan haberler listelendi!
2019-06-14 11:25:47.6673 INFO Veritabanýndan haberler listelendi!
2019-06-14 11:25:47.6673 INFO Veritabanýndan haberler listelendi!
2019-06-14 11:25:47.6832 INFO Veritabanýndan haberler listelendi!
2019-06-14 11:25:47.6832 INFO Veritabanýndan haberler listelendi!
2019-06-14 11:25:47.6832 INFO Veritabanýndan haberler listelendi!
2019-06-14 11:25:47.6832 INFO Veritabanýndan haberler listelendi!
2019-06-14 11:25:47.6832 INFO Veritabanýndan haberler listelendi!
2019-06-14 11:25:47.6832 INFO Veritabanýndan haberler listelendi!
2019-06-14 11:25:47.6832 INFO Veritabanýndan haberler listelendi!
2019-06-14 11:25:47.6832 INFO Veritabanýndan haberler listelendi!
2019-06-14 11:25:47.6832 INFO Veritabanýndan haberler listelendi!
2019-06-14 11:25:47.6832 INFO Veritabanýndan haberler listelendi!
2019-06-14 11:25:47.6832 INFO Veritabanýndan haberler listelendi!
2019-06-14 11:25:47.6832 INFO Veritabanýndan haberler listelendi!
2019-06-14 11:25:47.6832 INFO Veritabanýndan haberler listelendi!
2019-06-14 11:25:47.6982 INFO Veritabanýndan haberler listelendi!
2019-06-14 11:25:47.6982 INFO Haberler görüntülendi.
2019-06-14 11:26:18.3122 INFO Veritabanýna baðlantý baþarýlý!
2019-06-14 11:26:18.3122 INFO Baþladý
2019-06-14 11:26:18.3122 INFO Sayfa Yenilendi!
2019-06-14 11:26:18.3231 INFO Veritabanýna baðlantý baþarýlý!
2019-06-14 11:26:18.3231 INFO Baþladý
2019-06-14 11:26:18.6064 INFO Veritabanýndan arama yapýldý!
2019-06-14 11:26:18.6064 INFO Veritabanýndan arama yapýldý!
2019-06-14 11:26:18.6064 INFO Veritabanýndaki haber güncellendi!
2019-06-14 11:26:18.6064 INFO Veritabanýndaki haber güncellendi!
2019-06-14 11:26:18.6064 INFO Veritabanýndan arama yapýldý!
2019-06-14 11:26:18.6064 INFO Veritabanýndan arama yapýldý!
2019-06-14 11:26:18.6214 INFO Veritabanýndaki haber güncellendi!
2019-06-14 11:26:18.6214 INFO Veritabanýndaki haber güncellendi!
2019-06-14 11:26:18.6214 INFO Veritabanýndan arama yapýldý!
2019-06-14 11:26:18.6214 INFO Veritabanýndan arama yapýldý!
2019-06-14 11:26:18.6214 INFO Veritabanýndaki haber güncellendi!
2019-06-14 11:26:18.6214 INFO Veritabanýndaki haber güncellendi!
2019-06-14 11:26:18.6363 INFO Veritabanýndan arama yapýldý!
2019-06-14 11:26:18.6363 INFO Veritabanýndan arama yapýldý!
2019-06-14 11:26:18.6363 INFO Veritabanýndaki haber güncellendi!
2019-06-14 11:26:18.6363 INFO Veritabanýndaki haber güncellendi!
2019-06-14 11:26:18.6363 INFO Veritabanýndan arama yapýldý!
2019-06-14 11:26:18.6363 INFO Veritabanýndan arama yapýldý!
2019-06-14 11:26:18.6533 INFO Veritabanýndaki haber güncellendi!
2019-06-14 11:26:18.6533 INFO Veritabanýndaki haber güncellendi!
2019-06-14 11:26:18.6533 INFO Veritabanýndan arama yapýldý!
2019-06-14 11:26:18.6533 INFO Veritabanýndan arama yapýldý!
2019-06-14 11:26:18.6533 INFO Veritabanýndaki haber güncellendi!
2019-06-14 11:26:18.6533 INFO Veritabanýndaki haber güncellendi!
2019-06-14 11:26:18.6672 INFO Veritabanýndan arama yapýldý!
2019-06-14 11:26:18.6672 INFO Veritabanýndan arama yapýldý!
2019-06-14 11:26:18.6672 INFO Veritabanýndaki haber güncellendi!
2019-06-14 11:26:18.6672 INFO Veritabanýndaki haber güncellendi!
2019-06-14 11:26:18.6672 INFO Veritabanýndan arama yapýldý!
2019-06-14 11:26:18.6672 INFO Veritabanýndan arama yapýldý!
2019-06-14 11:26:18.6672 INFO Veritabanýndaki haber güncellendi!
2019-06-14 11:26:18.6842 INFO Veritabanýndaki haber güncellendi!
2019-06-14 11:26:18.6842 INFO Veritabanýndan arama yapýldý!
2019-06-14 11:26:18.6842 INFO Veritabanýndan arama yapýldý!
2019-06-14 11:26:18.6842 INFO Veritabanýndaki haber güncellendi!
2019-06-14 11:26:18.6842 INFO Veritabanýndaki haber güncellendi!
2019-06-14 11:26:18.6842 INFO Veritabanýndan arama yapýldý!
2019-06-14 11:26:18.6982 INFO Veritabanýndan arama yapýldý!
2019-06-14 11:26:18.6982 INFO Veritabanýndaki haber güncellendi!
2019-06-14 11:26:18.6982 INFO Veritabanýndaki haber güncellendi!
2019-06-14 11:26:18.6982 INFO Veritabanýndan arama yapýldý!
2019-06-14 11:26:18.6982 INFO Veritabanýndan arama yapýldý!
2019-06-14 11:26:18.6982 INFO Veritabanýndaki haber güncellendi!
2019-06-14 11:26:18.6982 INFO Veritabanýndaki haber güncellendi!
2019-06-14 11:26:18.7151 INFO Veritabanýndan arama yapýldý!
2019-06-14 11:26:18.7151 INFO Veritabanýndan arama yapýldý!
2019-06-14 11:26:18.7151 INFO Veritabanýndaki haber güncellendi!
2019-06-14 11:26:18.7151 INFO Veritabanýndaki haber güncellendi!
2019-06-14 11:26:18.7151 INFO Veritabanýndan arama yapýldý!
2019-06-14 11:26:18.7151 INFO Veritabanýndan arama yapýldý!
2019-06-14 11:26:18.7151 INFO Veritabanýndaki haber güncellendi!
2019-06-14 11:26:18.7151 INFO Veritabanýndaki haber güncellendi!
2019-06-14 11:26:18.7321 INFO Veritabanýndan arama yapýldý!
2019-06-14 11:26:18.7321 INFO Veritabanýndan arama yapýldý!
2019-06-14 11:26:18.7321 INFO Veritabanýndaki haber güncellendi!
2019-06-14 11:26:18.7321 INFO Veritabanýndaki haber güncellendi!
2019-06-14 11:26:18.7321 INFO Veritabanýndan arama yapýldý!
2019-06-14 11:26:18.7321 INFO Veritabanýndan arama yapýldý!
2019-06-14 11:26:18.7321 INFO Veritabanýndaki haber güncellendi!
2019-06-14 11:26:18.7460 INFO Veritabanýndaki haber güncellendi!
2019-06-14 11:26:18.7460 INFO Haberler RSS'den alýndý.
2019-06-14 11:26:18.7460 INFO Veritabanýndan haberler listelendi!
2019-06-14 11:26:18.7460 INFO Veritabanýndan haberler listelendi!
2019-06-14 11:26:18.7460 INFO Veritabanýndan haberler listelendi!
2019-06-14 11:26:18.7460 INFO Veritabanýndan haberler listelendi!
2019-06-14 11:26:18.7460 INFO Veritabanýndan haberler listelendi!
2019-06-14 11:26:18.7460 INFO Veritabanýndan haberler listelendi!
2019-06-14 11:26:18.7460 INFO Veritabanýndan haberler listelendi!
2019-06-14 11:26:18.7460 INFO Veritabanýndan haberler listelendi!
2019-06-14 11:26:18.7460 INFO Veritabanýndan haberler listelendi!
2019-06-14 11:26:18.7460 INFO Veritabanýndan haberler listelendi!
2019-06-14 11:26:18.7460 INFO Veritabanýndan haberler listelendi!
2019-06-14 11:26:18.7610 INFO Veritabanýndan haberler listelendi!
2019-06-14 11:26:18.7610 INFO Veritabanýndan haberler listelendi!
2019-06-14 11:26:18.7610 INFO Veritabanýndan haberler listelendi!
2019-06-14 11:26:18.7610 INFO Veritabanýndan haberler listelendi!
2019-06-14 11:26:18.7610 INFO Veritabanýndan haberler listelendi!
2019-06-14 11:26:18.7610 INFO Veritabanýndan haberler listelendi!
2019-06-14 11:26:18.7610 INFO Veritabanýndan haberler listelendi!
2019-06-14 11:26:18.7610 INFO Veritabanýndan haberler listelendi!
2019-06-14 11:26:18.7610 INFO Haberler görüntülendi.
2019-06-14 11:26:49.3093 INFO Veritabanýna baðlantý baþarýlý!
2019-06-14 11:26:49.3093 INFO Baþladý
2019-06-14 11:26:49.3093 INFO Sayfa Yenilendi!
2019-06-14 11:26:49.3093 INFO Veritabanýna baðlantý baþarýlý!
2019-06-14 11:26:49.3093 INFO Baþladý
2019-06-14 11:26:50.0343 INFO Veritabanýndan arama yapýldý!
2019-06-14 11:26:50.0343 INFO Veritabanýndan arama yapýldý!
2019-06-14 11:26:50.0343 INFO Veritabanýndaki haber güncellendi!
2019-06-14 11:26:50.0343 INFO Veritabanýndaki haber güncellendi!
2019-06-14 11:26:50.0433 INFO Veritabanýndan arama yapýldý!
2019-06-14 11:26:50.0433 INFO Veritabanýndan arama yapýldý!
2019-06-14 11:26:50.0433 INFO Veritabanýndaki haber güncellendi!
2019-06-14 11:26:50.0433 INFO Veritabanýndaki haber güncellendi!
2019-06-14 11:26:50.0433 INFO Veritabanýndan arama yapýldý!
2019-06-14 11:26:50.0433 INFO Veritabanýndan arama yapýldý!
2019-06-14 11:26:50.0433 INFO Veritabanýndaki haber güncellendi!
2019-06-14 11:26:50.0433 INFO Veritabanýndaki haber güncellendi!
2019-06-14 11:26:50.0583 INFO Veritabanýndan arama yapýldý!
2019-06-14 11:26:50.0583 INFO Veritabanýndan arama yapýldý!
2019-06-14 11:26:50.0583 INFO Veritabanýndaki haber güncellendi!
2019-06-14 11:26:50.0583 INFO Veritabanýndaki haber güncellendi!
2019-06-14 11:26:50.0583 INFO Veritabanýndan arama yapýldý!
2019-06-14 11:26:50.0583 INFO Veritabanýndan arama yapýldý!
2019-06-14 11:26:50.0583 INFO Veritabanýndaki haber güncellendi!
2019-06-14 11:26:50.0583 INFO Veritabanýndaki haber güncellendi!
2019-06-14 11:26:50.0583 INFO Veritabanýndan arama yapýldý!
2019-06-14 11:26:50.0732 INFO Veritabanýndan arama yapýldý!
2019-06-14 11:26:50.0732 INFO Veritabanýndaki haber güncellendi!
2019-06-14 11:26:50.0732 INFO Veritabanýndaki haber güncellendi!
2019-06-14 11:26:50.0732 INFO Veritabanýndan arama yapýldý!
2019-06-14 11:26:50.0732 INFO Veritabanýndan arama yapýldý!
2019-06-14 11:26:50.0732 INFO Veritabanýndaki haber güncellendi!
2019-06-14 11:26:50.0732 INFO Veritabanýndaki haber güncellendi!
2019-06-14 11:26:50.0732 INFO Veritabanýndan arama yapýldý!
2019-06-14 11:26:50.0732 INFO Veritabanýndan arama yapýldý!
2019-06-14 11:26:50.0892 INFO Veritabanýndaki haber güncellendi!
2019-06-14 11:26:50.0892 INFO Veritabanýndaki haber güncellendi!
2019-06-14 11:26:50.0892 INFO Veritabanýndan arama yapýldý!
2019-06-14 11:26:50.0892 INFO Veritabanýndan arama yapýldý!
2019-06-14 11:26:50.0892 INFO Veritabanýndaki haber güncellendi!
2019-06-14 11:26:50.0892 INFO Veritabanýndaki haber güncellendi!
2019-06-14 11:26:50.0892 INFO Veritabanýndan arama yapýldý!
2019-06-14 11:26:50.0892 INFO Veritabanýndan arama yapýldý!
2019-06-14 11:26:50.0892 INFO Veritabanýndaki haber güncellendi!
2019-06-14 11:26:50.0892 INFO Veritabanýndaki haber güncellendi!
2019-06-14 11:26:50.1061 INFO Veritabanýndan arama yapýldý!
2019-06-14 11:26:50.1061 INFO Veritabanýndan arama yapýldý!
2019-06-14 11:26:50.1061 INFO Veritabanýndaki haber güncellendi!
2019-06-14 11:26:50.1061 INFO Veritabanýndaki haber güncellendi!
2019-06-14 11:26:50.1061 INFO Veritabanýndan arama yapýldý!
2019-06-14 11:26:50.1061 INFO Veritabanýndan arama yapýldý!
2019-06-14 11:26:50.1061 INFO Veritabanýndaki haber güncellendi!
2019-06-14 11:26:50.1061 INFO Veritabanýndaki haber güncellendi!
2019-06-14 11:26:50.1061 INFO Veritabanýndan arama yapýldý!
2019-06-14 11:26:50.1211 INFO Veritabanýndan arama yapýldý!
2019-06-14 11:26:50.1211 INFO Veritabanýndaki haber güncellendi!
2019-06-14 11:26:50.1211 INFO Veritabanýndaki haber güncellendi!
2019-06-14 11:26:50.1211 INFO Veritabanýndan arama yapýldý!
2019-06-14 11:26:50.1211 INFO Veritabanýndan arama yapýldý!
2019-06-14 11:26:50.1211 INFO Veritabanýndaki haber güncellendi!
2019-06-14 11:26:50.1211 INFO Veritabanýndaki haber güncellendi!
2019-06-14 11:26:50.1211 INFO Veritabanýndan arama yapýldý!
2019-06-14 11:26:50.1211 INFO Veritabanýndan arama yapýldý!
2019-06-14 11:26:50.1361 INFO Veritabanýndaki haber güncellendi!
2019-06-14 11:26:50.1361 INFO Veritabanýndaki haber güncellendi!
2019-06-14 11:26:50.1361 INFO Haberler RSS'den alýndý.
2019-06-14 11:26:50.1361 INFO Veritabanýndan haberler listelendi!
2019-06-14 11:26:50.1361 INFO Veritabanýndan haberler listelendi!
2019-06-14 11:26:50.1361 INFO Veritabanýndan haberler listelendi!
2019-06-14 11:26:50.1361 INFO Veritabanýndan haberler listelendi!
2019-06-14 11:26:50.1361 INFO Veritabanýndan haberler listelendi!
2019-06-14 11:26:50.1361 INFO Veritabanýndan haberler listelendi!
2019-06-14 11:26:50.1361 INFO Veritabanýndan haberler listelendi!
2019-06-14 11:26:50.1361 INFO Veritabanýndan haberler listelendi!
2019-06-14 11:26:50.1361 INFO Veritabanýndan haberler listelendi!
2019-06-14 11:26:50.1361 INFO Veritabanýndan haberler listelendi!
2019-06-14 11:26:50.1520 INFO Veritabanýndan haberler listelendi!
2019-06-14 11:26:50.1520 INFO Veritabanýndan haberler listelendi!
2019-06-14 11:26:50.1520 INFO Veritabanýndan haberler listelendi!
2019-06-14 11:26:50.1520 INFO Veritabanýndan haberler listelendi!
2019-06-14 11:26:50.1520 INFO Veritabanýndan haberler listelendi!
2019-06-14 11:26:50.1520 INFO Veritabanýndan haberler listelendi!
2019-06-14 11:26:50.1520 INFO Veritabanýndan haberler listelendi!
2019-06-14 11:26:50.1520 INFO Veritabanýndan haberler listelendi!
2019-06-14 11:26:50.1520 INFO Veritabanýndan haberler listelendi!
2019-06-14 11:26:50.1520 INFO Haberler görüntülendi.
2019-06-14 11:27:21.3125 INFO Veritabanýna baðlantý baþarýlý!
2019-06-14 11:27:21.3125 INFO Baþladý
2019-06-14 11:27:21.3125 INFO Sayfa Yenilendi!
2019-06-14 11:27:21.3244 INFO Veritabanýna baðlantý baþarýlý!
2019-06-14 11:27:21.3244 INFO Baþladý
2019-06-14 11:27:21.4870 INFO Veritabanýndan arama yapýldý!
2019-06-14 11:27:21.4870 INFO Veritabanýndan arama yapýldý!
2019-06-14 11:27:21.4870 INFO Veritabanýndaki haber güncellendi!
2019-06-14 11:27:21.4870 INFO Veritabanýndaki haber güncellendi!
2019-06-14 11:27:21.4969 INFO Veritabanýndan arama yapýldý!
2019-06-14 11:27:21.4969 INFO Veritabanýndan arama yapýldý!
2019-06-14 11:27:21.4969 INFO Veritabanýndaki haber güncellendi!
2019-06-14 11:27:21.4969 INFO Veritabanýndaki haber güncellendi!
2019-06-14 11:27:21.4969 INFO Veritabanýndan arama yapýldý!
2019-06-14 11:27:21.4969 INFO Veritabanýndan arama yapýldý!
2019-06-14 11:27:21.5109 INFO Veritabanýndaki haber güncellendi!
2019-06-14 11:27:21.5109 INFO Veritabanýndaki haber güncellendi!
2019-06-14 11:27:21.5109 INFO Veritabanýndan arama yapýldý!
2019-06-14 11:27:21.5109 INFO Veritabanýndan arama yapýldý!
2019-06-14 11:27:21.5109 INFO Veritabanýndaki haber güncellendi!
2019-06-14 11:27:21.5109 INFO Veritabanýndaki haber güncellendi!
2019-06-14 11:27:21.5109 INFO Veritabanýndan arama yapýldý!
2019-06-14 11:27:21.5109 INFO Veritabanýndan arama yapýldý!
2019-06-14 11:27:21.5289 INFO Veritabanýndaki haber güncellendi!
2019-06-14 11:27:21.5289 INFO Veritabanýndaki haber güncellendi!
2019-06-14 11:27:21.5289 INFO Veritabanýndan arama yapýldý!
2019-06-14 11:27:21.5289 INFO Veritabanýndan arama yapýldý!
2019-06-14 11:27:21.5289 INFO Veritabanýndaki haber güncellendi!
2019-06-14 11:27:21.5289 INFO Veritabanýndaki haber güncellendi!
2019-06-14 11:27:21.5428 INFO Veritabanýndan arama yapýldý!
2019-06-14 11:27:21.5428 INFO Veritabanýndan arama yapýldý!
2019-06-14 11:27:21.5428 INFO Veritabanýndaki haber güncellendi!
2019-06-14 11:27:21.5428 INFO Veritabanýndaki haber güncellendi!
2019-06-14 11:27:21.5428 INFO Veritabanýndan arama yapýldý!
2019-06-14 11:27:21.5428 INFO Veritabanýndan arama yapýldý!
2019-06-14 11:27:21.5588 INFO Veritabanýndaki haber güncellendi!
2019-06-14 11:27:21.5588 INFO Veritabanýndaki haber güncellendi!
2019-06-14 11:27:21.5588 INFO Veritabanýndan arama yapýldý!
2019-06-14 11:27:21.5588 INFO Veritabanýndan arama yapýldý!
2019-06-14 11:27:21.5588 INFO Veritabanýndaki haber güncellendi!
2019-06-14 11:27:21.5588 INFO Veritabanýndaki haber güncellendi!
2019-06-14 11:27:21.5588 INFO Veritabanýndan arama yapýldý!
2019-06-14 11:27:21.5747 INFO Veritabanýndan arama yapýldý!
2019-06-14 11:27:21.5747 INFO Veritabanýndaki haber güncellendi!
2019-06-14 11:27:21.5747 INFO Veritabanýndaki haber güncellendi!
2019-06-14 11:27:21.5747 INFO Veritabanýndan arama yapýldý!
2019-06-14 11:27:21.5747 INFO Veritabanýndan arama yapýldý!
2019-06-14 11:27:21.5747 INFO Veritabanýndaki haber güncellendi!
2019-06-14 11:27:21.5907 INFO Veritabanýndaki haber güncellendi!
2019-06-14 11:27:21.5907 INFO Veritabanýndan arama yapýldý!
2019-06-14 11:27:21.5907 INFO Veritabanýndan arama yapýldý!
2019-06-14 11:27:21.5907 INFO Veritabanýndaki haber güncellendi!
2019-06-14 11:27:21.5907 INFO Veritabanýndaki haber güncellendi!
2019-06-14 11:27:21.5907 INFO Veritabanýndan arama yapýldý!
2019-06-14 11:27:21.6057 INFO Veritabanýndan arama yapýldý!
2019-06-14 11:27:21.6057 INFO Veritabanýndaki haber güncellendi!
2019-06-14 11:27:21.6057 INFO Veritabanýndaki haber güncellendi!
2019-06-14 11:27:21.6057 INFO Veritabanýndan arama yapýldý!
2019-06-14 11:27:21.6057 INFO Veritabanýndan arama yapýldý!
2019-06-14 11:27:21.6057 INFO Veritabanýndaki haber güncellendi!
2019-06-14 11:27:21.6057 INFO Veritabanýndaki haber güncellendi!
2019-06-14 11:27:21.6216 INFO Veritabanýndan arama yapýldý!
2019-06-14 11:27:21.6216 INFO Veritabanýndan arama yapýldý!
2019-06-14 11:27:21.6216 INFO Veritabanýndaki haber güncellendi!
2019-06-14 11:27:21.6216 INFO Veritabanýndaki haber güncellendi!
2019-06-14 11:27:21.6216 INFO Haberler RSS'den alýndý.
2019-06-14 11:27:21.6216 INFO Veritabanýndan haberler listelendi!
2019-06-14 11:27:21.6216 INFO Veritabanýndan haberler listelendi!
2019-06-14 11:27:21.6216 INFO Veritabanýndan haberler listelendi!
2019-06-14 11:27:21.6216 INFO Veritabanýndan haberler listelendi!
2019-06-14 11:27:21.6216 INFO Veritabanýndan haberler listelendi!
2019-06-14 11:27:21.6366 INFO Veritabanýndan haberler listelendi!
2019-06-14 11:27:21.6366 INFO Veritabanýndan haberler listelendi!
2019-06-14 11:27:21.6366 INFO Veritabanýndan haberler listelendi!
2019-06-14 11:27:21.6366 INFO Veritabanýndan haberler listelendi!
2019-06-14 11:27:21.6366 INFO Veritabanýndan haberler listelendi!
2019-06-14 11:27:21.6366 INFO Veritabanýndan haberler listelendi!
2019-06-14 11:27:21.6366 INFO Veritabanýndan haberler listelendi!
2019-06-14 11:27:21.6366 INFO Veritabanýndan haberler listelendi!
2019-06-14 11:27:21.6366 INFO Veritabanýndan haberler listelendi!
2019-06-14 11:27:21.6366 INFO Veritabanýndan haberler listelendi!
2019-06-14 11:27:21.6366 INFO Veritabanýndan haberler listelendi!
2019-06-14 11:27:21.6525 INFO Veritabanýndan haberler listelendi!
2019-06-14 11:27:21.6525 INFO Veritabanýndan haberler listelendi!
2019-06-14 11:27:21.6525 INFO Veritabanýndan haberler listelendi!
2019-06-14 11:27:21.6525 INFO Haberler görüntülendi.
2019-06-14 11:27:52.3238 INFO Veritabanýna baðlantý baþarýlý!
2019-06-14 11:27:52.3238 INFO Baþladý
2019-06-14 11:27:52.3238 INFO Sayfa Yenilendi!
2019-06-14 11:27:52.3238 INFO Veritabanýna baðlantý baþarýlý!
2019-06-14 11:27:52.3238 INFO Baþladý
2019-06-14 11:27:52.7668 INFO Veritabanýndan arama yapýldý!
2019-06-14 11:27:52.7668 INFO Veritabanýndan arama yapýldý!
2019-06-14 11:27:52.7668 INFO Veritabanýndaki haber güncellendi!
2019-06-14 11:27:52.7668 INFO Veritabanýndaki haber güncellendi!
2019-06-14 11:27:52.7668 INFO Veritabanýndan arama yapýldý!
2019-06-14 11:27:52.7668 INFO Veritabanýndan arama yapýldý!
2019-06-14 11:27:52.7768 INFO Veritabanýndaki haber güncellendi!
2019-06-14 11:27:52.7768 INFO Veritabanýndaki haber güncellendi!
2019-06-14 11:27:52.7768 INFO Veritabanýndan arama yapýldý!
2019-06-14 11:27:52.7768 INFO Veritabanýndan arama yapýldý!
2019-06-14 11:27:52.7768 INFO Veritabanýndaki haber güncellendi!
2019-06-14 11:27:52.7768 INFO Veritabanýndaki haber güncellendi!
2019-06-14 11:27:52.7768 INFO Veritabanýndan arama yapýldý!
2019-06-14 11:27:52.7768 INFO Veritabanýndan arama yapýldý!
2019-06-14 11:27:52.7768 INFO Veritabanýndaki haber güncellendi!
2019-06-14 11:27:52.7938 INFO Veritabanýndaki haber güncellendi!
2019-06-14 11:27:52.7938 INFO Veritabanýndan arama yapýldý!
2019-06-14 11:27:52.7938 INFO Veritabanýndan arama yapýldý!
2019-06-14 11:27:52.7938 INFO Veritabanýndaki haber güncellendi!
2019-06-14 11:27:52.7938 INFO Veritabanýndaki haber güncellendi!
2019-06-14 11:27:52.7938 INFO Veritabanýndan arama yapýldý!
2019-06-14 11:27:52.7938 INFO Veritabanýndan arama yapýldý!
2019-06-14 11:27:52.7938 INFO Veritabanýndaki haber güncellendi!
2019-06-14 11:27:52.8077 INFO Veritabanýndaki haber güncellendi!
2019-06-14 11:27:52.8077 INFO Veritabanýndan arama yapýldý!
2019-06-14 11:27:52.8077 INFO Veritabanýndan arama yapýldý!
2019-06-14 11:27:52.8077 INFO Veritabanýndaki haber güncellendi!
2019-06-14 11:27:52.8077 INFO Veritabanýndaki haber güncellendi!
2019-06-14 11:27:52.8077 INFO Veritabanýndan arama yapýldý!
2019-06-14 11:27:52.8077 INFO Veritabanýndan arama yapýldý!
2019-06-14 11:27:52.8077 INFO Veritabanýndaki haber güncellendi!
2019-06-14 11:27:52.8077 INFO Veritabanýndaki haber güncellendi!
2019-06-14 11:27:52.8237 INFO Veritabanýndan arama yapýldý!
2019-06-14 11:27:52.8237 INFO Veritabanýndan arama yapýldý!
2019-06-14 11:27:52.8237 INFO Veritabanýndaki haber güncellendi!
2019-06-14 11:27:52.8237 INFO Veritabanýndaki haber güncellendi!
2019-06-14 11:27:52.8237 INFO Veritabanýndan arama yapýldý!
2019-06-14 11:27:52.8237 INFO Veritabanýndan arama yapýldý!
2019-06-14 11:27:52.8237 INFO Veritabanýndaki haber güncellendi!
2019-06-14 11:27:52.8237 INFO Veritabanýndaki haber güncellendi!
2019-06-14 11:27:52.8237 INFO Veritabanýndan arama yapýldý!
2019-06-14 11:27:52.8237 INFO Veritabanýndan arama yapýldý!
2019-06-14 11:27:52.8406 INFO Veritabanýndaki haber güncellendi!
2019-06-14 11:27:52.8406 INFO Veritabanýndaki haber güncellendi!
2019-06-14 11:27:52.8406 INFO Veritabanýndan arama yapýldý!
2019-06-14 11:27:52.8406 INFO Veritabanýndan arama yapýldý!
2019-06-14 11:27:52.8406 INFO Veritabanýndaki haber güncellendi!
2019-06-14 11:27:52.8406 INFO Veritabanýndaki haber güncellendi!
2019-06-14 11:27:52.8406 INFO Veritabanýndan arama yapýldý!
2019-06-14 11:27:52.8406 INFO Veritabanýndan arama yapýldý!
2019-06-14 11:27:52.8406 INFO Veritabanýndaki haber güncellendi!
2019-06-14 11:27:52.8556 INFO Veritabanýndaki haber güncellendi!
2019-06-14 11:27:52.8556 INFO Veritabanýndan arama yapýldý!
2019-06-14 11:27:52.8556 INFO Veritabanýndan arama yapýldý!
2019-06-14 11:27:52.8556 INFO Veritabanýndaki haber güncellendi!
2019-06-14 11:27:52.8556 INFO Veritabanýndaki haber güncellendi!
2019-06-14 11:27:52.8556 INFO Veritabanýndan arama yapýldý!
2019-06-14 11:27:52.8556 INFO Veritabanýndan arama yapýldý!
2019-06-14 11:27:52.8556 INFO Veritabanýndaki haber güncellendi!
2019-06-14 11:27:52.8556 INFO Veritabanýndaki haber güncellendi!
2019-06-14 11:27:52.8556 INFO Haberler RSS'den alýndý.
2019-06-14 11:27:52.8716 INFO Veritabanýndan haberler listelendi!
2019-06-14 11:27:52.8716 INFO Veritabanýndan haberler listelendi!
2019-06-14 11:27:52.8716 INFO Veritabanýndan haberler listelendi!
2019-06-14 11:27:52.8716 INFO Veritabanýndan haberler listelendi!
2019-06-14 11:27:52.8716 INFO Veritabanýndan haberler listelendi!
2019-06-14 11:27:52.8716 INFO Veritabanýndan haberler listelendi!
2019-06-14 11:27:52.8716 INFO Veritabanýndan haberler listelendi!
2019-06-14 11:27:52.8716 INFO Veritabanýndan haberler listelendi!
2019-06-14 11:27:52.8716 INFO Veritabanýndan haberler listelendi!
2019-06-14 11:27:52.8716 INFO Veritabanýndan haberler listelendi!
2019-06-14 11:27:52.8716 INFO Veritabanýndan haberler listelendi!
2019-06-14 11:27:52.8716 INFO Veritabanýndan haberler listelendi!
2019-06-14 11:27:52.8865 INFO Veritabanýndan haberler listelendi!
2019-06-14 11:27:52.8865 INFO Veritabanýndan haberler listelendi!
2019-06-14 11:27:52.8865 INFO Veritabanýndan haberler listelendi!
2019-06-14 11:27:52.8865 INFO Veritabanýndan haberler listelendi!
2019-06-14 11:27:52.8865 INFO Veritabanýndan haberler listelendi!
2019-06-14 11:27:52.8865 INFO Veritabanýndan haberler listelendi!
2019-06-14 11:27:52.8865 INFO Veritabanýndan haberler listelendi!
2019-06-14 11:27:52.8865 INFO Haberler görüntülendi.
2019-06-14 11:28:23.3276 INFO Veritabanýna baðlantý baþarýlý!
2019-06-14 11:28:23.3276 INFO Baþladý
2019-06-14 11:28:23.3276 INFO Sayfa Yenilendi!
2019-06-14 11:28:23.3485 INFO Veritabanýna baðlantý baþarýlý!
2019-06-14 11:28:23.3485 INFO Baþladý
2019-06-14 11:28:23.6118 INFO Veritabanýndan arama yapýldý!
2019-06-14 11:28:23.6118 INFO Veritabanýndan arama yapýldý!
2019-06-14 11:28:23.6118 INFO Veritabanýndaki haber güncellendi!
2019-06-14 11:28:23.6118 INFO Veritabanýndaki haber güncellendi!
2019-06-14 11:28:23.6218 INFO Veritabanýndan arama yapýldý!
2019-06-14 11:28:23.6218 INFO Veritabanýndan arama yapýldý!
2019-06-14 11:28:23.6218 INFO Veritabanýndaki haber güncellendi!
2019-06-14 11:28:23.6218 INFO Veritabanýndaki haber güncellendi!
2019-06-14 11:28:23.6218 INFO Veritabanýndan arama yapýldý!
2019-06-14 11:28:23.6218 INFO Veritabanýndan arama yapýldý!
2019-06-14 11:28:23.6218 INFO Veritabanýndaki haber güncellendi!
2019-06-14 11:28:23.6377 INFO Veritabanýndaki haber güncellendi!
2019-06-14 11:28:23.6377 INFO Veritabanýndan arama yapýldý!
2019-06-14 11:28:23.6377 INFO Veritabanýndan arama yapýldý!
2019-06-14 11:28:23.6377 INFO Veritabanýndaki haber güncellendi!
2019-06-14 11:28:23.6377 INFO Veritabanýndaki haber güncellendi!
2019-06-14 11:28:23.6377 INFO Veritabanýndan arama yapýldý!
2019-06-14 11:28:23.6517 INFO Veritabanýndan arama yapýldý!
2019-06-14 11:28:23.6517 INFO Veritabanýndaki haber güncellendi!
2019-06-14 11:28:23.6517 INFO Veritabanýndaki haber güncellendi!
2019-06-14 11:28:23.6517 INFO Veritabanýndan arama yapýldý!
2019-06-14 11:28:23.6517 INFO Veritabanýndan arama yapýldý!
2019-06-14 11:28:23.6517 INFO Veritabanýndaki haber güncellendi!
2019-06-14 11:28:23.6517 INFO Veritabanýndaki haber güncellendi!
2019-06-14 11:28:23.6687 INFO Veritabanýndan arama yapýldý!
2019-06-14 11:28:23.6687 INFO Veritabanýndan arama yapýldý!
2019-06-14 11:28:23.6687 INFO Veritabanýndaki haber güncellendi!
2019-06-14 11:28:23.6687 INFO Veritabanýndaki haber güncellendi!
2019-06-14 11:28:23.6687 INFO Veritabanýndan arama yapýldý!
2019-06-14 11:28:23.6687 INFO Veritabanýndan arama yapýldý!
2019-06-14 11:28:23.6687 INFO Veritabanýndaki haber güncellendi!
2019-06-14 11:28:23.6846 INFO Veritabanýndaki haber güncellendi!
2019-06-14 11:28:23.6846 INFO Veritabanýndan arama yapýldý!
2019-06-14 11:28:23.6846 INFO Veritabanýndan arama yapýldý!
2019-06-14 11:28:23.6986 INFO Veritabanýndaki haber güncellendi!
2019-06-14 11:28:23.6986 INFO Veritabanýndaki haber güncellendi!
2019-06-14 11:28:23.6986 INFO Veritabanýndan arama yapýldý!
2019-06-14 11:28:23.6986 INFO Veritabanýndan arama yapýldý!
2019-06-14 11:28:23.6986 INFO Veritabanýndaki haber güncellendi!
2019-06-14 11:28:23.6986 INFO Veritabanýndaki haber güncellendi!
2019-06-14 11:28:23.7145 INFO Veritabanýndan arama yapýldý!
2019-06-14 11:28:23.7145 INFO Veritabanýndan arama yapýldý!
2019-06-14 11:28:23.7145 INFO Veritabanýndaki haber güncellendi!
2019-06-14 11:28:23.7145 INFO Veritabanýndaki haber güncellendi!
2019-06-14 11:28:23.7145 INFO Veritabanýndan arama yapýldý!
2019-06-14 11:28:23.7145 INFO Veritabanýndan arama yapýldý!
2019-06-14 11:28:23.7315 INFO Veritabanýndaki haber güncellendi!
2019-06-14 11:28:23.7315 INFO Veritabanýndaki haber güncellendi!
2019-06-14 11:28:23.7315 INFO Veritabanýndan arama yapýldý!
2019-06-14 11:28:23.7315 INFO Veritabanýndan arama yapýldý!
2019-06-14 11:28:23.7315 INFO Veritabanýndaki haber güncellendi!
2019-06-14 11:28:23.7455 INFO Veritabanýndaki haber güncellendi!
2019-06-14 11:28:23.7455 INFO Veritabanýndan arama yapýldý!
2019-06-14 11:28:23.7455 INFO Veritabanýndan arama yapýldý!
2019-06-14 11:28:23.7455 INFO Veritabanýndaki haber güncellendi!
2019-06-14 11:28:23.7455 INFO Veritabanýndaki haber güncellendi!
2019-06-14 11:28:23.7634 INFO Veritabanýndan arama yapýldý!
2019-06-14 11:28:23.7634 INFO Veritabanýndan arama yapýldý!
2019-06-14 11:28:23.7634 INFO Veritabanýndaki haber güncellendi!
2019-06-14 11:28:23.7634 INFO Veritabanýndaki haber güncellendi!
2019-06-14 11:28:23.7634 INFO Haberler RSS'den alýndý.
2019-06-14 11:28:23.7634 INFO Veritabanýndan haberler listelendi!
2019-06-14 11:28:23.7634 INFO Veritabanýndan haberler listelendi!
2019-06-14 11:28:23.7784 INFO Veritabanýndan haberler listelendi!
2019-06-14 11:28:23.7784 INFO Veritabanýndan haberler listelendi!
2019-06-14 11:28:23.7784 INFO Veritabanýndan haberler listelendi!
2019-06-14 11:28:23.7784 INFO Veritabanýndan haberler listelendi!
2019-06-14 11:28:23.7784 INFO Veritabanýndan haberler listelendi!
2019-06-14 11:28:23.7784 INFO Veritabanýndan haberler listelendi!
2019-06-14 11:28:23.7784 INFO Veritabanýndan haberler listelendi!
2019-06-14 11:28:23.7784 INFO Veritabanýndan haberler listelendi!
2019-06-14 11:28:23.7923 INFO Veritabanýndan haberler listelendi!
2019-06-14 11:28:23.7923 INFO Veritabanýndan haberler listelendi!
2019-06-14 11:28:23.7923 INFO Veritabanýndan haberler listelendi!
2019-06-14 11:28:23.7923 INFO Veritabanýndan haberler listelendi!
2019-06-14 11:28:23.7923 INFO Veritabanýndan haberler listelendi!
2019-06-14 11:28:23.7923 INFO Veritabanýndan haberler listelendi!
2019-06-14 11:28:23.7923 INFO Veritabanýndan haberler listelendi!
2019-06-14 11:28:23.8093 INFO Veritabanýndan haberler listelendi!
2019-06-14 11:28:23.8093 INFO Veritabanýndan haberler listelendi!
2019-06-14 11:28:23.8093 INFO Haberler görüntülendi.
