2019-06-10 09:17:48.0727 INFO Veritabanýna baðlantý baþarýlý!
2019-06-10 09:17:48.2693 INFO Baþladý
2019-06-10 09:17:59.4167 ERROR Veritabanýndan haber kontrol edildi!
2019-06-10 09:17:59.4367 ERROR Veritabanýna haberler kaydedilemedi!
2019-06-10 09:17:59.4367 INFO Veritabanýna haber eklen!
2019-06-10 09:17:59.4586 ERROR Veritabanýndan haber kontrol edildi!
2019-06-10 09:17:59.4776 ERROR Veritabanýna haberler kaydedilemedi!
2019-06-10 09:17:59.4786 INFO Veritabanýna haber eklen!
2019-06-10 09:17:59.4985 ERROR Veritabanýndan haber kontrol edildi!
2019-06-10 09:17:59.5145 ERROR Veritabanýna haberler kaydedilemedi!
2019-06-10 09:17:59.5145 INFO Veritabanýna haber eklen!
2019-06-10 09:17:59.5314 ERROR Veritabanýndan haber kontrol edildi!
2019-06-10 09:17:59.5474 ERROR Veritabanýna haberler kaydedilemedi!
2019-06-10 09:17:59.5474 INFO Veritabanýna haber eklen!
2019-06-10 09:17:59.5673 ERROR Veritabanýndan haber kontrol edildi!
2019-06-10 09:17:59.5866 ERROR Veritabanýna haberler kaydedilemedi!
2019-06-10 09:17:59.5883 INFO Veritabanýna haber eklen!
2019-06-10 09:17:59.6052 ERROR Veritabanýndan haber kontrol edildi!
2019-06-10 09:17:59.6192 ERROR Veritabanýna haberler kaydedilemedi!
2019-06-10 09:17:59.6192 INFO Veritabanýna haber eklen!
2019-06-10 09:17:59.6352 ERROR Veritabanýndan haber kontrol edildi!
2019-06-10 09:17:59.6352 ERROR Veritabanýna haberler kaydedilemedi!
2019-06-10 09:17:59.6501 INFO Veritabanýna haber eklen!
2019-06-10 09:17:59.6501 ERROR Veritabanýndan haber kontrol edildi!
2019-06-10 09:17:59.6820 ERROR Veritabanýna haberler kaydedilemedi!
2019-06-10 09:17:59.6820 INFO Veritabanýna haber eklen!
2019-06-10 09:17:59.6991 ERROR Veritabanýndan haber kontrol edildi!
2019-06-10 09:17:59.7179 ERROR Veritabanýna haberler kaydedilemedi!
2019-06-10 09:17:59.7179 INFO Veritabanýna haber eklen!
2019-06-10 09:17:59.7420 ERROR Veritabanýndan haber kontrol edildi!
2019-06-10 09:17:59.7658 ERROR Veritabanýna haberler kaydedilemedi!
2019-06-10 09:17:59.7658 INFO Veritabanýna haber eklen!
2019-06-10 09:17:59.7887 ERROR Veritabanýndan haber kontrol edildi!
2019-06-10 09:17:59.8097 ERROR Veritabanýna haberler kaydedilemedi!
2019-06-10 09:17:59.8097 INFO Veritabanýna haber eklen!
2019-06-10 09:17:59.8336 ERROR Veritabanýndan haber kontrol edildi!
2019-06-10 09:17:59.8596 ERROR Veritabanýna haberler kaydedilemedi!
2019-06-10 09:17:59.8596 INFO Veritabanýna haber eklen!
2019-06-10 09:17:59.8846 ERROR Veritabanýndan haber kontrol edildi!
2019-06-10 09:17:59.9094 ERROR Veritabanýna haberler kaydedilemedi!
2019-06-10 09:17:59.9094 INFO Veritabanýna haber eklen!
2019-06-10 09:17:59.9413 ERROR Veritabanýndan haber kontrol edildi!
2019-06-10 09:17:59.9663 ERROR Veritabanýna haberler kaydedilemedi!
2019-06-10 09:17:59.9663 INFO Veritabanýna haber eklen!
2019-06-10 09:17:59.9922 ERROR Veritabanýndan haber kontrol edildi!
2019-06-10 09:18:00.0530 ERROR Veritabanýna haberler kaydedilemedi!
2019-06-10 09:18:00.0810 INFO Veritabanýna haber eklen!
2019-06-10 09:18:00.0960 ERROR Veritabanýndan haber kontrol edildi!
2019-06-10 09:18:00.1139 ERROR Veritabanýna haberler kaydedilemedi!
2019-06-10 09:18:00.1139 INFO Veritabanýna haber eklen!
2019-06-10 09:18:00.1329 ERROR Veritabanýndan haber kontrol edildi!
2019-06-10 09:18:00.1488 ERROR Veritabanýna haberler kaydedilemedi!
2019-06-10 09:18:00.1488 INFO Veritabanýna haber eklen!
2019-06-10 09:18:00.1647 ERROR Veritabanýndan haber kontrol edildi!
2019-06-10 09:18:00.1798 ERROR Veritabanýna haberler kaydedilemedi!
2019-06-10 09:18:00.1798 INFO Veritabanýna haber eklen!
2019-06-10 09:18:00.1817 INFO Haberler RSS'den alýndý.
2019-06-10 09:18:00.2016 ERROR Veritabanýndan haberler listelenemedi!
2019-06-10 09:18:00.2226 ERROR Veritabanýndan haberler listelenemedi!
2019-06-10 09:18:00.2425 ERROR Veritabanýndan haberler listelenemedi!
2019-06-10 09:18:00.2626 ERROR Veritabanýndan haberler listelenemedi!
2019-06-10 09:18:00.2854 ERROR Veritabanýndan haberler listelenemedi!
2019-06-10 09:18:00.3064 ERROR Veritabanýndan haberler listelenemedi!
2019-06-10 09:18:00.3273 ERROR Veritabanýndan haberler listelenemedi!
2019-06-10 09:18:00.3273 INFO Haberler görüntülendi.
2019-06-10 09:21:52.6281 INFO Veritabanýna baðlantý baþarýlý!
2019-06-10 09:21:53.4380 INFO Baþladý
2019-06-10 09:21:54.0416 INFO Veritabanýna haber eklendi!
2019-06-10 09:21:54.0416 INFO Veritabanýna haber eklen!
2019-06-10 09:21:54.0416 INFO Veritabanýna haber eklendi!
2019-06-10 09:21:54.0416 INFO Veritabanýna haber eklen!
2019-06-10 09:21:54.0563 INFO Veritabanýna haber eklendi!
2019-06-10 09:21:54.0563 INFO Veritabanýna haber eklen!
2019-06-10 09:21:54.0563 INFO Veritabanýna haber eklendi!
2019-06-10 09:21:54.0563 INFO Veritabanýna haber eklen!
2019-06-10 09:21:54.0563 INFO Veritabanýna haber eklendi!
2019-06-10 09:21:54.0563 INFO Veritabanýna haber eklen!
2019-06-10 09:21:54.0782 INFO Veritabanýna haber eklendi!
2019-06-10 09:21:54.0782 INFO Veritabanýna haber eklen!
2019-06-10 09:21:54.0782 INFO Veritabanýna haber eklendi!
2019-06-10 09:21:54.0782 INFO Veritabanýna haber eklen!
2019-06-10 09:21:54.0922 INFO Veritabanýna haber eklendi!
2019-06-10 09:21:54.0922 INFO Veritabanýna haber eklen!
2019-06-10 09:21:54.0922 INFO Veritabanýna haber eklendi!
2019-06-10 09:21:54.1032 INFO Veritabanýna haber eklen!
2019-06-10 09:21:54.1032 INFO Veritabanýna haber eklendi!
2019-06-10 09:21:54.1032 INFO Veritabanýna haber eklen!
2019-06-10 09:21:54.1032 INFO Veritabanýna haber eklendi!
2019-06-10 09:21:54.1191 INFO Veritabanýna haber eklen!
2019-06-10 09:21:54.1191 INFO Veritabanýna haber eklendi!
2019-06-10 09:21:54.1191 INFO Veritabanýna haber eklen!
2019-06-10 09:21:54.1191 INFO Veritabanýna haber eklendi!
2019-06-10 09:21:54.1348 INFO Veritabanýna haber eklen!
2019-06-10 09:21:54.1348 INFO Veritabanýna haber eklendi!
2019-06-10 09:21:54.1348 INFO Veritabanýna haber eklen!
2019-06-10 09:21:54.1348 INFO Veritabanýna haber eklendi!
2019-06-10 09:21:54.1510 INFO Veritabanýna haber eklen!
2019-06-10 09:21:54.1510 INFO Veritabanýna haber eklendi!
2019-06-10 09:21:54.1510 INFO Veritabanýna haber eklen!
2019-06-10 09:21:54.1680 INFO Veritabanýna haber eklendi!
2019-06-10 09:21:54.1680 INFO Veritabanýna haber eklen!
2019-06-10 09:21:54.1680 INFO Veritabanýna haber eklendi!
2019-06-10 09:21:54.1680 INFO Veritabanýna haber eklen!
2019-06-10 09:21:54.1680 INFO Haberler RSS'den alýndý.
2019-06-10 09:21:54.1829 INFO Veritabanýndan haberler listelendi!
2019-06-10 09:21:54.1829 INFO Veritabanýndan haberler listelendi!
2019-06-10 09:21:54.1829 INFO Veritabanýndan haberler listelendi!
2019-06-10 09:21:54.1829 INFO Veritabanýndan haberler listelendi!
2019-06-10 09:21:54.1829 INFO Veritabanýndan haberler listelendi!
2019-06-10 09:21:54.1829 INFO Veritabanýndan haberler listelendi!
2019-06-10 09:21:54.1829 INFO Veritabanýndan haberler listelendi!
2019-06-10 09:21:54.1989 INFO Veritabanýndan haberler listelendi!
2019-06-10 09:21:54.1989 INFO Veritabanýndan haberler listelendi!
2019-06-10 09:21:54.1989 INFO Veritabanýndan haberler listelendi!
2019-06-10 09:21:54.1989 INFO Veritabanýndan haberler listelendi!
2019-06-10 09:21:54.1989 INFO Veritabanýndan haberler listelendi!
2019-06-10 09:21:54.1989 INFO Veritabanýndan haberler listelendi!
2019-06-10 09:21:54.2139 INFO Veritabanýndan haberler listelendi!
2019-06-10 09:21:54.2139 INFO Veritabanýndan haberler listelendi!
2019-06-10 09:21:54.2139 INFO Veritabanýndan haberler listelendi!
2019-06-10 09:21:54.2298 INFO Veritabanýndan haberler listelendi!
2019-06-10 09:21:54.2298 INFO Veritabanýndan haberler listelendi!
2019-06-10 09:21:54.2438 INFO Veritabanýndan haberler listelendi!
2019-06-10 09:21:54.2438 INFO Haberler görüntülendi.
2019-06-10 09:22:25.3896 INFO Veritabanýna baðlantý baþarýlý!
2019-06-10 09:22:25.4026 INFO Baþladý
2019-06-10 09:22:25.4026 INFO Sayfa Yenilendi!
2019-06-10 09:22:25.4424 INFO Veritabanýna baðlantý baþarýlý!
2019-06-10 09:22:25.4478 INFO Baþladý
2019-06-10 09:22:25.8057 INFO Veritabanýndan arama yapýldý!
2019-06-10 09:22:25.8107 INFO Veritabanýndan arama yapýldý!
2019-06-10 09:22:25.8227 INFO Veritabanýndaki haber güncellendi!
2019-06-10 09:22:25.8227 INFO Veritabanýndaki haber güncellendi!
2019-06-10 09:22:25.8227 INFO Veritabanýndan arama yapýldý!
2019-06-10 09:22:25.8376 INFO Veritabanýndan arama yapýldý!
2019-06-10 09:22:25.8376 INFO Veritabanýndaki haber güncellendi!
2019-06-10 09:22:25.8376 INFO Veritabanýndaki haber güncellendi!
2019-06-10 09:22:25.8596 INFO Veritabanýndan arama yapýldý!
2019-06-10 09:22:25.8596 INFO Veritabanýndan arama yapýldý!
2019-06-10 09:22:25.8775 INFO Veritabanýndaki haber güncellendi!
2019-06-10 09:22:25.8775 INFO Veritabanýndaki haber güncellendi!
2019-06-10 09:22:25.8935 INFO Veritabanýndan arama yapýldý!
2019-06-10 09:22:25.8935 INFO Veritabanýndan arama yapýldý!
2019-06-10 09:22:25.9114 INFO Veritabanýndaki haber güncellendi!
2019-06-10 09:22:25.9164 INFO Veritabanýndaki haber güncellendi!
2019-06-10 09:22:25.9164 INFO Veritabanýndan arama yapýldý!
2019-06-10 09:22:25.9317 INFO Veritabanýndan arama yapýldý!
2019-06-10 09:22:25.9317 INFO Veritabanýndaki haber güncellendi!
2019-06-10 09:22:25.9483 INFO Veritabanýndaki haber güncellendi!
2019-06-10 09:22:25.9483 INFO Veritabanýndan arama yapýldý!
2019-06-10 09:22:25.9663 INFO Veritabanýndan arama yapýldý!
2019-06-10 09:22:25.9782 INFO Veritabanýndaki haber güncellendi!
2019-06-10 09:22:25.9782 INFO Veritabanýndaki haber güncellendi!
2019-06-10 09:22:25.9782 INFO Veritabanýndan arama yapýldý!
2019-06-10 09:22:25.9992 INFO Veritabanýndan arama yapýldý!
2019-06-10 09:22:26.0102 INFO Veritabanýndaki haber güncellendi!
2019-06-10 09:22:26.0102 INFO Veritabanýndaki haber güncellendi!
2019-06-10 09:22:26.0102 INFO Veritabanýndan arama yapýldý!
2019-06-10 09:22:26.0102 INFO Veritabanýndan arama yapýldý!
2019-06-10 09:22:26.0291 INFO Veritabanýndaki haber güncellendi!
2019-06-10 09:22:26.0291 INFO Veritabanýndaki haber güncellendi!
2019-06-10 09:22:26.0291 INFO Veritabanýndan arama yapýldý!
2019-06-10 09:22:26.0291 INFO Veritabanýndan arama yapýldý!
2019-06-10 09:22:26.0471 INFO Veritabanýndaki haber güncellendi!
2019-06-10 09:22:26.0471 INFO Veritabanýndaki haber güncellendi!
2019-06-10 09:22:26.0471 INFO Veritabanýndan arama yapýldý!
2019-06-10 09:22:26.0580 INFO Veritabanýndan arama yapýldý!
2019-06-10 09:22:26.0580 INFO Veritabanýndaki haber güncellendi!
2019-06-10 09:22:26.0580 INFO Veritabanýndaki haber güncellendi!
2019-06-10 09:22:26.0734 INFO Veritabanýndan arama yapýldý!
2019-06-10 09:22:26.0734 INFO Veritabanýndan arama yapýldý!
2019-06-10 09:22:26.0734 INFO Veritabanýndaki haber güncellendi!
2019-06-10 09:22:26.0734 INFO Veritabanýndaki haber güncellendi!
2019-06-10 09:22:26.0939 INFO Veritabanýndan arama yapýldý!
2019-06-10 09:22:26.0939 INFO Veritabanýndan arama yapýldý!
2019-06-10 09:22:26.1079 INFO Veritabanýndaki haber güncellendi!
2019-06-10 09:22:26.1079 INFO Veritabanýndaki haber güncellendi!
2019-06-10 09:22:26.1079 INFO Veritabanýndan arama yapýldý!
2019-06-10 09:22:26.1229 INFO Veritabanýndan arama yapýldý!
2019-06-10 09:22:26.1229 INFO Veritabanýndaki haber güncellendi!
2019-06-10 09:22:26.1229 INFO Veritabanýndaki haber güncellendi!
2019-06-10 09:22:26.1415 INFO Veritabanýndan arama yapýldý!
2019-06-10 09:22:26.1415 INFO Veritabanýndan arama yapýldý!
2019-06-10 09:22:26.1518 INFO Veritabanýndaki haber güncellendi!
2019-06-10 09:22:26.1518 INFO Veritabanýndaki haber güncellendi!
2019-06-10 09:22:26.1518 INFO Veritabanýndan arama yapýldý!
2019-06-10 09:22:26.1658 INFO Veritabanýndan arama yapýldý!
2019-06-10 09:22:26.1658 INFO Veritabanýndaki haber güncellendi!
2019-06-10 09:22:26.1658 INFO Veritabanýndaki haber güncellendi!
2019-06-10 09:22:26.1837 INFO Veritabanýndan arama yapýldý!
2019-06-10 09:22:26.1837 INFO Veritabanýndan arama yapýldý!
2019-06-10 09:22:26.1977 INFO Veritabanýndaki haber güncellendi!
2019-06-10 09:22:26.1977 INFO Veritabanýndaki haber güncellendi!
2019-06-10 09:22:26.1977 INFO Veritabanýndan arama yapýldý!
2019-06-10 09:22:26.1977 INFO Veritabanýndan arama yapýldý!
2019-06-10 09:22:26.2186 INFO Veritabanýndaki haber güncellendi!
2019-06-10 09:22:26.2186 INFO Veritabanýndaki haber güncellendi!
2019-06-10 09:22:26.2186 INFO Veritabanýndan arama yapýldý!
2019-06-10 09:22:26.2186 INFO Veritabanýndan arama yapýldý!
2019-06-10 09:22:26.2326 INFO Veritabanýndaki haber güncellendi!
2019-06-10 09:22:26.2326 INFO Veritabanýndaki haber güncellendi!
2019-06-10 09:22:26.2326 INFO Haberler RSS'den alýndý.
2019-06-10 09:22:26.2326 INFO Veritabanýndan haberler listelendi!
2019-06-10 09:22:26.2326 INFO Veritabanýndan haberler listelendi!
2019-06-10 09:22:26.2326 INFO Veritabanýndan haberler listelendi!
2019-06-10 09:22:26.2326 INFO Veritabanýndan haberler listelendi!
2019-06-10 09:22:26.2445 INFO Veritabanýndan haberler listelendi!
2019-06-10 09:22:26.2445 INFO Veritabanýndan haberler listelendi!
2019-06-10 09:22:26.2445 INFO Veritabanýndan haberler listelendi!
2019-06-10 09:22:26.2445 INFO Veritabanýndan haberler listelendi!
2019-06-10 09:22:26.2445 INFO Veritabanýndan haberler listelendi!
2019-06-10 09:22:26.2445 INFO Veritabanýndan haberler listelendi!
2019-06-10 09:22:26.2445 INFO Veritabanýndan haberler listelendi!
2019-06-10 09:22:26.2595 INFO Veritabanýndan haberler listelendi!
2019-06-10 09:22:26.2595 INFO Veritabanýndan haberler listelendi!
2019-06-10 09:22:26.2595 INFO Veritabanýndan haberler listelendi!
2019-06-10 09:22:26.2595 INFO Veritabanýndan haberler listelendi!
2019-06-10 09:22:26.2595 INFO Veritabanýndan haberler listelendi!
2019-06-10 09:22:26.2595 INFO Veritabanýndan haberler listelendi!
2019-06-10 09:22:26.2774 INFO Veritabanýndan haberler listelendi!
2019-06-10 09:22:26.2774 INFO Veritabanýndan haberler listelendi!
2019-06-10 09:22:26.2774 INFO Haberler görüntülendi.
